<?xml version="1.0" encoding="UTF-8"?>
<testsuite xmlns:xsi="http://www.w3.org/2001/XMLSchema-instance" xsi:noNamespaceSchemaLocation="https://maven.apache.org/surefire/maven-surefire-plugin/xsd/surefire-test-report-3.0.xsd" version="3.0" name="MyTest" time="12.966" tests="6" errors="6" skipped="0" failures="0">
  <properties>
    <property name="sun.desktop" value="windows"/>
    <property name="awt.toolkit" value="sun.awt.windows.WToolkit"/>
    <property name="java.specification.version" value="11"/>
    <property name="sun.cpu.isalist" value="amd64"/>
    <property name="sun.jnu.encoding" value="GBK"/>
    <property name="java.class.path" value="D:\cg107\Desktop\school\target\test-classes;D:\cg107\Desktop\school\target\classes;D:\maven\repository\junit\junit\4.12\junit-4.12.jar;D:\maven\repository\org\hamcrest\hamcrest-core\1.3\hamcrest-core-1.3.jar;D:\maven\repository\mysql\mysql-connector-java\8.0.29\mysql-connector-java-8.0.29.jar;D:\maven\repository\com\google\protobuf\protobuf-java\3.19.4\protobuf-java-3.19.4.jar;D:\maven\repository\com\mchange\c3p0\0.9.5.4\c3p0-0.9.5.4.jar;D:\maven\repository\com\mchange\mchange-commons-java\0.2.15\mchange-commons-java-0.2.15.jar;D:\maven\repository\javax\servlet\servlet-api\2.5\servlet-api-2.5.jar;D:\maven\repository\javax\servlet\jsp\jsp-api\2.2\jsp-api-2.2.jar;D:\maven\repository\javax\servlet\jstl\1.2\jstl-1.2.jar;D:\maven\repository\org\mybatis\mybatis\3.5.6\mybatis-3.5.6.jar;D:\maven\repository\org\mybatis\mybatis-spring\2.0.2\mybatis-spring-2.0.2.jar;D:\maven\repository\org\springframework\spring-webmvc\5.2.0.RELEASE\spring-webmvc-5.2.0.RELEASE.jar;D:\maven\repository\org\springframework\spring-aop\5.2.0.RELEASE\spring-aop-5.2.0.RELEASE.jar;D:\maven\repository\org\springframework\spring-beans\5.2.0.RELEASE\spring-beans-5.2.0.RELEASE.jar;D:\maven\repository\org\springframework\spring-context\5.2.0.RELEASE\spring-context-5.2.0.RELEASE.jar;D:\maven\repository\org\springframework\spring-core\5.2.0.RELEASE\spring-core-5.2.0.RELEASE.jar;D:\maven\repository\org\springframework\spring-jcl\5.2.0.RELEASE\spring-jcl-5.2.0.RELEASE.jar;D:\maven\repository\org\springframework\spring-expression\5.2.0.RELEASE\spring-expression-5.2.0.RELEASE.jar;D:\maven\repository\org\springframework\spring-web\5.2.0.RELEASE\spring-web-5.2.0.RELEASE.jar;D:\maven\repository\org\springframework\spring-jdbc\5.2.0.RELEASE\spring-jdbc-5.2.0.RELEASE.jar;D:\maven\repository\org\springframework\spring-tx\5.2.0.RELEASE\spring-tx-5.2.0.RELEASE.jar;D:\maven\repository\org\projectlombok\lombok\1.18.22\lombok-1.18.22.jar;D:\maven\repository\com\fasterxml\jackson\core\jackson-core\2.13.0\jackson-core-2.13.0.jar;D:\maven\repository\com\fasterxml\jackson\core\jackson-annotations\2.13.0\jackson-annotations-2.13.0.jar;D:\maven\repository\com\fasterxml\jackson\datatype\jackson-datatype-jdk8\2.13.5\jackson-datatype-jdk8-2.13.5.jar;D:\maven\repository\com\fasterxml\jackson\core\jackson-databind\2.13.5\jackson-databind-2.13.5.jar;D:\maven\repository\com\fasterxml\jackson\datatype\jackson-datatype-jsr310\2.13.0\jackson-datatype-jsr310-2.13.0.jar;"/>
    <property name="java.vm.vendor" value="Oracle Corporation"/>
    <property name="sun.arch.data.model" value="64"/>
    <property name="user.variant" value=""/>
    <property name="java.vendor.url" value="https://openjdk.java.net/"/>
    <property name="user.timezone" value="Asia/Shanghai"/>
    <property name="java.vm.specification.version" value="11"/>
    <property name="os.name" value="Windows 10"/>
    <property name="sun.java.launcher" value="SUN_STANDARD"/>
    <property name="user.country" value="CN"/>
    <property name="sun.boot.library.path" value="D:\ruanjian\java\JDK11.0\bin"/>
    <property name="sun.java.command" value="C:\Users\putao\AppData\Local\Temp\surefire12595734752423724950\surefirebooter-20230626001808980_3.jar C:\Users\putao\AppData\Local\Temp\surefire12595734752423724950 2023-06-26T00-18-08_747-jvmRun1 surefire-20230626001808980_1tmp surefire_0-20230626001808980_2tmp"/>
    <property name="jdk.debug" value="release"/>
    <property name="surefire.test.class.path" value="D:\cg107\Desktop\school\target\test-classes;D:\cg107\Desktop\school\target\classes;D:\maven\repository\junit\junit\4.12\junit-4.12.jar;D:\maven\repository\org\hamcrest\hamcrest-core\1.3\hamcrest-core-1.3.jar;D:\maven\repository\mysql\mysql-connector-java\8.0.29\mysql-connector-java-8.0.29.jar;D:\maven\repository\com\google\protobuf\protobuf-java\3.19.4\protobuf-java-3.19.4.jar;D:\maven\repository\com\mchange\c3p0\0.9.5.4\c3p0-0.9.5.4.jar;D:\maven\repository\com\mchange\mchange-commons-java\0.2.15\mchange-commons-java-0.2.15.jar;D:\maven\repository\javax\servlet\servlet-api\2.5\servlet-api-2.5.jar;D:\maven\repository\javax\servlet\jsp\jsp-api\2.2\jsp-api-2.2.jar;D:\maven\repository\javax\servlet\jstl\1.2\jstl-1.2.jar;D:\maven\repository\org\mybatis\mybatis\3.5.6\mybatis-3.5.6.jar;D:\maven\repository\org\mybatis\mybatis-spring\2.0.2\mybatis-spring-2.0.2.jar;D:\maven\repository\org\springframework\spring-webmvc\5.2.0.RELEASE\spring-webmvc-5.2.0.RELEASE.jar;D:\maven\repository\org\springframework\spring-aop\5.2.0.RELEASE\spring-aop-5.2.0.RELEASE.jar;D:\maven\repository\org\springframework\spring-beans\5.2.0.RELEASE\spring-beans-5.2.0.RELEASE.jar;D:\maven\repository\org\springframework\spring-context\5.2.0.RELEASE\spring-context-5.2.0.RELEASE.jar;D:\maven\repository\org\springframework\spring-core\5.2.0.RELEASE\spring-core-5.2.0.RELEASE.jar;D:\maven\repository\org\springframework\spring-jcl\5.2.0.RELEASE\spring-jcl-5.2.0.RELEASE.jar;D:\maven\repository\org\springframework\spring-expression\5.2.0.RELEASE\spring-expression-5.2.0.RELEASE.jar;D:\maven\repository\org\springframework\spring-web\5.2.0.RELEASE\spring-web-5.2.0.RELEASE.jar;D:\maven\repository\org\springframework\spring-jdbc\5.2.0.RELEASE\spring-jdbc-5.2.0.RELEASE.jar;D:\maven\repository\org\springframework\spring-tx\5.2.0.RELEASE\spring-tx-5.2.0.RELEASE.jar;D:\maven\repository\org\projectlombok\lombok\1.18.22\lombok-1.18.22.jar;D:\maven\repository\com\fasterxml\jackson\core\jackson-core\2.13.0\jackson-core-2.13.0.jar;D:\maven\repository\com\fasterxml\jackson\core\jackson-annotations\2.13.0\jackson-annotations-2.13.0.jar;D:\maven\repository\com\fasterxml\jackson\datatype\jackson-datatype-jdk8\2.13.5\jackson-datatype-jdk8-2.13.5.jar;D:\maven\repository\com\fasterxml\jackson\core\jackson-databind\2.13.5\jackson-databind-2.13.5.jar;D:\maven\repository\com\fasterxml\jackson\datatype\jackson-datatype-jsr310\2.13.0\jackson-datatype-jsr310-2.13.0.jar;"/>
    <property name="sun.cpu.endian" value="little"/>
    <property name="user.home" value="C:\Users\putao"/>
    <property name="user.language" value="zh"/>
    <property name="java.specification.vendor" value="Oracle Corporation"/>
    <property name="java.version.date" value="2022-07-19"/>
    <property name="java.home" value="D:\ruanjian\java\JDK11.0"/>
    <property name="file.separator" value="\"/>
    <property name="basedir" value="D:\cg107\Desktop\school"/>
    <property name="java.vm.compressedOopsMode" value="Zero based"/>
    <property name="line.separator" value="&#10;"/>
    <property name="java.specification.name" value="Java Platform API Specification"/>
    <property name="java.vm.specification.vendor" value="Oracle Corporation"/>
    <property name="java.awt.graphicsenv" value="sun.awt.Win32GraphicsEnvironment"/>
    <property name="surefire.real.class.path" value="C:\Users\putao\AppData\Local\Temp\surefire12595734752423724950\surefirebooter-20230626001808980_3.jar"/>
    <property name="user.script" value=""/>
    <property name="sun.management.compiler" value="HotSpot 64-Bit Tiered Compilers"/>
    <property name="java.runtime.version" value="11.0.16+11-LTS-199"/>
    <property name="user.name" value="cg107"/>
    <property name="path.separator" value=";"/>
    <property name="os.version" value="10.0"/>
    <property name="java.runtime.name" value="Java(TM) SE Runtime Environment"/>
    <property name="file.encoding" value="GBK"/>
    <property name="java.vm.name" value="Java HotSpot(TM) 64-Bit Server VM"/>
    <property name="java.vendor.version" value="18.9"/>
    <property name="localRepository" value="D:\maven\repository"/>
    <property name="java.vendor.url.bug" value="https://bugreport.java.com/bugreport/"/>
    <property name="java.io.tmpdir" value="C:\Users\putao\AppData\Local\Temp\"/>
    <property name="idea.version" value="2023.1"/>
    <property name="java.version" value="11.0.16"/>
    <property name="user.dir" value="D:\cg107\Desktop\school"/>
    <property name="os.arch" value="amd64"/>
    <property name="java.vm.specification.name" value="Java Virtual Machine Specification"/>
    <property name="java.awt.printerjob" value="sun.awt.windows.WPrinterJob"/>
    <property name="sun.os.patch.level" value=""/>
    <property name="java.library.path" value="D:\ruanjian\java\JDK11.0\bin;C:\Windows\Sun\Java\bin;C:\Windows\system32;C:\Windows;C:\Program Files\Common Files\Oracle\Java\javapath;C:\Windows\system32;C:\Windows;C:\Windows\System32\Wbem;C:\Windows\System32\WindowsPowerShell\v1.0\;C:\Windows\System32\OpenSSH\;D:\ruanjian\Bandizip\;D:\ruanjian\mingwan\mingw64\bin;D:\ruanjian\java\JDK11.0\bin;C:\Program Files\MySQL\MySQL Server 8.0\bin;C:\Program Files (x86)\NVIDIA Corporation\PhysX\Common;C:\Program Files\dotnet\;D:\ruanjian\java\JDK11.0\bin;C:\Program Files\NVIDIA Corporation\NVIDIA NvDLISR;D:\ruanjian\apache-maven-3.9.1\bin;C:\Program Files\Git\cmd;D:\ruanjian\TomCat\apache-tomcat-8.5.87\bin;D:\ruanjian\redis\redis-7.0.11\Redis-x64-3.0.504;;C:\Program Files\Docker\Docker\resources\bin;C:\Users\putao\AppData\Local\Microsoft\WindowsApps;;D:\ruanjian\Microsoft VS Code\bin;."/>
    <property name="java.vendor" value="Oracle Corporation"/>
    <property name="java.vm.info" value="mixed mode"/>
    <property name="java.vm.version" value="11.0.16+11-LTS-199"/>
    <property name="sun.io.unicode.encoding" value="UnicodeLittle"/>
    <property name="maven.repo.local" value="D:\maven\repository"/>
    <property name="java.class.version" value="55.0"/>
  </properties>
  <testcase name="test1" classname="MyTest" time="2.213">
    <error message="nested exception is org.apache.ibatis.exceptions.PersistenceException: &#10;### Error querying database.  Cause: org.springframework.jdbc.CannotGetJdbcConnectionException: Failed to obtain JDBC Connection; nested exception is java.sql.SQLException: Connections could not be acquired from the underlying database!&#10;### The error may exist in com/ecut/dao/TeacherMapper.xml&#10;### The error may involve com.ecut.dao.TeacherMapper.selectCount&#10;### The error occurred while executing a query&#10;### Cause: org.springframework.jdbc.CannotGetJdbcConnectionException: Failed to obtain JDBC Connection; nested exception is java.sql.SQLException: Connections could not be acquired from the underlying database!" type="org.mybatis.spring.MyBatisSystemException"><![CDATA[org.mybatis.spring.MyBatisSystemException: 
nested exception is org.apache.ibatis.exceptions.PersistenceException: 
### Error querying database.  Cause: org.springframework.jdbc.CannotGetJdbcConnectionException: Failed to obtain JDBC Connection; nested exception is java.sql.SQLException: Connections could not be acquired from the underlying database!
### The error may exist in com/ecut/dao/TeacherMapper.xml
### The error may involve com.ecut.dao.TeacherMapper.selectCount
### The error occurred while executing a query
### Cause: org.springframework.jdbc.CannotGetJdbcConnectionException: Failed to obtain JDBC Connection; nested exception is java.sql.SQLException: Connections could not be acquired from the underlying database!
	at org.mybatis.spring.MyBatisExceptionTranslator.translateExceptionIfPossible(MyBatisExceptionTranslator.java:78)
	at org.mybatis.spring.SqlSessionTemplate$SqlSessionInterceptor.invoke(SqlSessionTemplate.java:440)
	at com.sun.proxy.$Proxy19.selectOne(Unknown Source)
	at org.mybatis.spring.SqlSessionTemplate.selectOne(SqlSessionTemplate.java:159)
	at org.apache.ibatis.binding.MapperMethod.execute(MapperMethod.java:87)
	at org.apache.ibatis.binding.MapperProxy$PlainMethodInvoker.invoke(MapperProxy.java:152)
	at org.apache.ibatis.binding.MapperProxy.invoke(MapperProxy.java:85)
	at com.sun.proxy.$Proxy35.selectCount(Unknown Source)
	at com.ecut.service.impl.TeacherServiceImpl.insert(TeacherServiceImpl.java:32)
	at MyTest.test1(MyTest.java:20)
	at java.base/jdk.internal.reflect.NativeMethodAccessorImpl.invoke0(Native Method)
	at java.base/jdk.internal.reflect.NativeMethodAccessorImpl.invoke(NativeMethodAccessorImpl.java:62)
	at java.base/jdk.internal.reflect.DelegatingMethodAccessorImpl.invoke(DelegatingMethodAccessorImpl.java:43)
	at java.base/java.lang.reflect.Method.invoke(Method.java:566)
	at org.junit.runners.model.FrameworkMethod$1.runReflectiveCall(FrameworkMethod.java:50)
	at org.junit.internal.runners.model.ReflectiveCallable.run(ReflectiveCallable.java:12)
	at org.junit.runners.model.FrameworkMethod.invokeExplosively(FrameworkMethod.java:47)
	at org.junit.internal.runners.statements.InvokeMethod.evaluate(InvokeMethod.java:17)
	at org.junit.runners.ParentRunner.runLeaf(ParentRunner.java:325)
	at org.junit.runners.BlockJUnit4ClassRunner.runChild(BlockJUnit4ClassRunner.java:78)
	at org.junit.runners.BlockJUnit4ClassRunner.runChild(BlockJUnit4ClassRunner.java:57)
	at org.junit.runners.ParentRunner$3.run(ParentRunner.java:290)
	at org.junit.runners.ParentRunner$1.schedule(ParentRunner.java:71)
	at org.junit.runners.ParentRunner.runChildren(ParentRunner.java:288)
	at org.junit.runners.ParentRunner.access$000(ParentRunner.java:58)
	at org.junit.runners.ParentRunner$2.evaluate(ParentRunner.java:268)
	at org.junit.runners.ParentRunner.run(ParentRunner.java:363)
	at org.apache.maven.surefire.junit4.JUnit4Provider.execute(JUnit4Provider.java:316)
	at org.apache.maven.surefire.junit4.JUnit4Provider.executeWithRerun(JUnit4Provider.java:240)
	at org.apache.maven.surefire.junit4.JUnit4Provider.executeTestSet(JUnit4Provider.java:214)
	at org.apache.maven.surefire.junit4.JUnit4Provider.invoke(JUnit4Provider.java:155)
	at org.apache.maven.surefire.booter.ForkedBooter.runSuitesInProcess(ForkedBooter.java:385)
	at org.apache.maven.surefire.booter.ForkedBooter.execute(ForkedBooter.java:162)
	at org.apache.maven.surefire.booter.ForkedBooter.run(ForkedBooter.java:507)
	at org.apache.maven.surefire.booter.ForkedBooter.main(ForkedBooter.java:495)
Caused by: org.apache.ibatis.exceptions.PersistenceException: 
### Error querying database.  Cause: org.springframework.jdbc.CannotGetJdbcConnectionException: Failed to obtain JDBC Connection; nested exception is java.sql.SQLException: Connections could not be acquired from the underlying database!
### The error may exist in com/ecut/dao/TeacherMapper.xml
### The error may involve com.ecut.dao.TeacherMapper.selectCount
### The error occurred while executing a query
### Cause: org.springframework.jdbc.CannotGetJdbcConnectionException: Failed to obtain JDBC Connection; nested exception is java.sql.SQLException: Connections could not be acquired from the underlying database!
	at org.apache.ibatis.exceptions.ExceptionFactory.wrapException(ExceptionFactory.java:30)
	at org.apache.ibatis.session.defaults.DefaultSqlSession.selectList(DefaultSqlSession.java:149)
	at org.apache.ibatis.session.defaults.DefaultSqlSession.selectList(DefaultSqlSession.java:140)
	at org.apache.ibatis.session.defaults.DefaultSqlSession.selectOne(DefaultSqlSession.java:76)
	at java.base/jdk.internal.reflect.NativeMethodAccessorImpl.invoke0(Native Method)
	at java.base/jdk.internal.reflect.NativeMethodAccessorImpl.invoke(NativeMethodAccessorImpl.java:62)
	at java.base/jdk.internal.reflect.DelegatingMethodAccessorImpl.invoke(DelegatingMethodAccessorImpl.java:43)
	at java.base/java.lang.reflect.Method.invoke(Method.java:566)
	at org.mybatis.spring.SqlSessionTemplate$SqlSessionInterceptor.invoke(SqlSessionTemplate.java:426)
	... 33 more
Caused by: org.springframework.jdbc.CannotGetJdbcConnectionException: Failed to obtain JDBC Connection; nested exception is java.sql.SQLException: Connections could not be acquired from the underlying database!
	at org.springframework.jdbc.datasource.DataSourceUtils.getConnection(DataSourceUtils.java:82)
	at org.mybatis.spring.transaction.SpringManagedTransaction.openConnection(SpringManagedTransaction.java:80)
	at org.mybatis.spring.transaction.SpringManagedTransaction.getConnection(SpringManagedTransaction.java:67)
	at org.apache.ibatis.executor.BaseExecutor.getConnection(BaseExecutor.java:337)
	at org.apache.ibatis.executor.SimpleExecutor.prepareStatement(SimpleExecutor.java:86)
	at org.apache.ibatis.executor.SimpleExecutor.doQuery(SimpleExecutor.java:62)
	at org.apache.ibatis.executor.BaseExecutor.queryFromDatabase(BaseExecutor.java:325)
	at org.apache.ibatis.executor.BaseExecutor.query(BaseExecutor.java:156)
	at org.apache.ibatis.executor.CachingExecutor.query(CachingExecutor.java:109)
	at org.apache.ibatis.executor.CachingExecutor.query(CachingExecutor.java:89)
	at org.apache.ibatis.session.defaults.DefaultSqlSession.selectList(DefaultSqlSession.java:147)
	... 40 more
Caused by: java.sql.SQLException: Connections could not be acquired from the underlying database!
	at com.mchange.v2.sql.SqlUtils.toSQLException(SqlUtils.java:118)
	at com.mchange.v2.c3p0.impl.C3P0PooledConnectionPool.checkoutPooledConnection(C3P0PooledConnectionPool.java:692)
	at com.mchange.v2.c3p0.impl.AbstractPoolBackedDataSource.getConnection(AbstractPoolBackedDataSource.java:140)
	at org.springframework.jdbc.datasource.DataSourceUtils.fetchConnection(DataSourceUtils.java:158)
	at org.springframework.jdbc.datasource.DataSourceUtils.doGetConnection(DataSourceUtils.java:116)
	at org.springframework.jdbc.datasource.DataSourceUtils.getConnection(DataSourceUtils.java:79)
	... 50 more
Caused by: com.mchange.v2.resourcepool.CannotAcquireResourceException: A ResourcePool could not acquire a resource from its primary factory or source.
	at com.mchange.v2.resourcepool.BasicResourcePool.awaitAvailable(BasicResourcePool.java:1507)
	at com.mchange.v2.resourcepool.BasicResourcePool.prelimCheckoutResource(BasicResourcePool.java:644)
	at com.mchange.v2.resourcepool.BasicResourcePool.checkoutResource(BasicResourcePool.java:554)
	at com.mchange.v2.c3p0.impl.C3P0PooledConnectionPool.checkoutAndMarkConnectionInUse(C3P0PooledConnectionPool.java:758)
	at com.mchange.v2.c3p0.impl.C3P0PooledConnectionPool.checkoutPooledConnection(C3P0PooledConnectionPool.java:685)
	... 54 more
Caused by: java.sql.SQLNonTransientConnectionException: Data source rejected establishment of connection,  message from server: "Too many connections"
	at com.mysql.cj.jdbc.exceptions.SQLError.createSQLException(SQLError.java:110)
	at com.mysql.cj.jdbc.exceptions.SQLExceptionsMapping.translateException(SQLExceptionsMapping.java:122)
	at com.mysql.cj.jdbc.ConnectionImpl.createNewIO(ConnectionImpl.java:828)
	at com.mysql.cj.jdbc.ConnectionImpl.<init>(ConnectionImpl.java:448)
	at com.mysql.cj.jdbc.ConnectionImpl.getInstance(ConnectionImpl.java:241)
	at com.mysql.cj.jdbc.NonRegisteringDriver.connect(NonRegisteringDriver.java:198)
	at com.mchange.v2.c3p0.DriverManagerDataSource.getConnection(DriverManagerDataSource.java:175)
	at com.mchange.v2.c3p0.WrapperConnectionPoolDataSource.getPooledConnection(WrapperConnectionPoolDataSource.java:220)
	at com.mchange.v2.c3p0.WrapperConnectionPoolDataSource.getPooledConnection(WrapperConnectionPoolDataSource.java:206)
	at com.mchange.v2.c3p0.impl.C3P0PooledConnectionPool$1PooledConnectionResourcePoolManager.acquireResource(C3P0PooledConnectionPool.java:203)
	at com.mchange.v2.resourcepool.BasicResourcePool.doAcquire(BasicResourcePool.java:1176)
	at com.mchange.v2.resourcepool.BasicResourcePool.doAcquireAndDecrementPendingAcquiresWithinLockOnSuccess(BasicResourcePool.java:1163)
	at com.mchange.v2.resourcepool.BasicResourcePool.access$700(BasicResourcePool.java:44)
	at com.mchange.v2.resourcepool.BasicResourcePool$ScatteredAcquireTask.run(BasicResourcePool.java:1908)
	at com.mchange.v2.async.ThreadPoolAsynchronousRunner$PoolThread.run(ThreadPoolAsynchronousRunner.java:696)
]]></error>
    <system-out><![CDATA[Logging initialized using 'class org.apache.ibatis.logging.stdout.StdOutImpl' adapter.
Find JAR URL: file:/D:/cg107/Desktop/school/target/classes/com/ecut/pojo
Not a JAR: file:/D:/cg107/Desktop/school/target/classes/com/ecut/pojo
Reader entry: Admin.class
Reader entry: Classes.class
Reader entry: ClassesSmall.class
Reader entry: Course.class
Reader entry: CourseScore.class
Reader entry: CourseSmall.class
Reader entry: Jobs.class
Reader entry: Lecture.class
Reader entry: Lost.class
Reader entry: Page.class
Reader entry: Score.class
Reader entry: SheTuan.class
Reader entry: SheTuanActivity.class
Reader entry: Student.class
Reader entry: StudentLogin.class
Reader entry: StudentSmall.class
Reader entry: Tcourse.class
Reader entry: Teacher.class
Reader entry: TeacherLogin.class
Reader entry: TeacherSmall.class
Listing file:/D:/cg107/Desktop/school/target/classes/com/ecut/pojo
Find JAR URL: file:/D:/cg107/Desktop/school/target/classes/com/ecut/pojo/Admin.class
Not a JAR: file:/D:/cg107/Desktop/school/target/classes/com/ecut/pojo/Admin.class
Reader entry: 漱壕&amp#0;&amp#0;&amp#0;4&amp#0;V	&amp#0;&amp#4;&amp#0;A	&amp#0;&amp#4;&amp#0;B	&amp#0;&amp#4;&amp#0;C&amp#7;&amp#0;D
Find JAR URL: file:/D:/cg107/Desktop/school/target/classes/com/ecut/pojo/Classes.class
Not a JAR: file:/D:/cg107/Desktop/school/target/classes/com/ecut/pojo/Classes.class
Reader entry: 漱壕&amp#0;&amp#0;&amp#0;4&amp#0;z	&amp#0;&amp#6;&amp#0;]	&amp#0;&amp#6;&amp#0;^	&amp#0;&amp#6;&amp#0;_	&amp#0;&amp#6;&amp#0;`	&amp#0;&amp#6;&amp#0;a&amp#7;&amp#0;b
Find JAR URL: file:/D:/cg107/Desktop/school/target/classes/com/ecut/pojo/ClassesSmall.class
Not a JAR: file:/D:/cg107/Desktop/school/target/classes/com/ecut/pojo/ClassesSmall.class
Reader entry: 漱壕&amp#0;&amp#0;&amp#0;4&amp#0;J	&amp#0;&amp#3;&amp#0;8	&amp#0;&amp#3;&amp#0;9&amp#7;&amp#0;:
Find JAR URL: file:/D:/cg107/Desktop/school/target/classes/com/ecut/pojo/Course.class
Not a JAR: file:/D:/cg107/Desktop/school/target/classes/com/ecut/pojo/Course.class
Reader entry: 漱壕&amp#0;&amp#0;&amp#0;4&amp#0;�	&amp#0;	&amp#0;}	&amp#0;	&amp#0;~	&amp#0;	&amp#0;	&amp#0;	&amp#0;�	&amp#0;	&amp#0;�	&amp#0;	&amp#0;�	&amp#0;	&amp#0;�	&amp#0;	&amp#0;�&amp#7;&amp#0;�
Find JAR URL: file:/D:/cg107/Desktop/school/target/classes/com/ecut/pojo/CourseScore.class
Not a JAR: file:/D:/cg107/Desktop/school/target/classes/com/ecut/pojo/CourseScore.class
Reader entry: 漱壕&amp#0;&amp#0;&amp#0;4&amp#0;t	&amp#0;&amp#6;&amp#0;W	&amp#0;&amp#6;&amp#0;X	&amp#0;&amp#6;&amp#0;Y	&amp#0;&amp#6;&amp#0;Z	&amp#0;&amp#6;&amp#0;[&amp#7;&amp#0;\
Find JAR URL: file:/D:/cg107/Desktop/school/target/classes/com/ecut/pojo/CourseSmall.class
Not a JAR: file:/D:/cg107/Desktop/school/target/classes/com/ecut/pojo/CourseSmall.class
Reader entry: 漱壕&amp#0;&amp#0;&amp#0;4&amp#0;J	&amp#0;&amp#3;&amp#0;8	&amp#0;&amp#3;&amp#0;9&amp#7;&amp#0;:
Find JAR URL: file:/D:/cg107/Desktop/school/target/classes/com/ecut/pojo/Jobs.class
Not a JAR: file:/D:/cg107/Desktop/school/target/classes/com/ecut/pojo/Jobs.class
Reader entry: 漱壕&amp#0;&amp#0;&amp#0;4&amp#0;�	&amp#0;&amp#7;&amp#0;`	&amp#0;&amp#7;&amp#0;a	&amp#0;&amp#7;&amp#0;b	&amp#0;&amp#7;&amp#0;c	&amp#0;&amp#7;&amp#0;d	&amp#0;&amp#7;&amp#0;e&amp#7;&amp#0;f
Find JAR URL: file:/D:/cg107/Desktop/school/target/classes/com/ecut/pojo/Lecture.class
Not a JAR: file:/D:/cg107/Desktop/school/target/classes/com/ecut/pojo/Lecture.class
Reader entry: 漱壕&amp#0;&amp#0;&amp#0;4&amp#0;�	&amp#0;&amp#7;&amp#0;c	&amp#0;&amp#7;&amp#0;d	&amp#0;&amp#7;&amp#0;e	&amp#0;&amp#7;&amp#0;f	&amp#0;&amp#7;&amp#0;g	&amp#0;&amp#7;&amp#0;h&amp#7;&amp#0;i
Find JAR URL: file:/D:/cg107/Desktop/school/target/classes/com/ecut/pojo/Lost.class
Not a JAR: file:/D:/cg107/Desktop/school/target/classes/com/ecut/pojo/Lost.class
Reader entry: 漱壕&amp#0;&amp#0;&amp#0;4&amp#0;&amp#26;
Find JAR URL: file:/D:/cg107/Desktop/school/target/classes/com/ecut/pojo/Page.class
Not a JAR: file:/D:/cg107/Desktop/school/target/classes/com/ecut/pojo/Page.class
Reader entry: 漱壕&amp#0;&amp#0;&amp#0;4&amp#0;<
Find JAR URL: file:/D:/cg107/Desktop/school/target/classes/com/ecut/pojo/Score.class
Not a JAR: file:/D:/cg107/Desktop/school/target/classes/com/ecut/pojo/Score.class
Reader entry: 漱壕&amp#0;&amp#0;&amp#0;4&amp#0;\	&amp#0;&amp#4;&amp#0;E	&amp#0;&amp#4;&amp#0;F	&amp#0;&amp#4;&amp#0;G&amp#7;&amp#0;H
Find JAR URL: file:/D:/cg107/Desktop/school/target/classes/com/ecut/pojo/SheTuan.class
Not a JAR: file:/D:/cg107/Desktop/school/target/classes/com/ecut/pojo/SheTuan.class
Reader entry: 漱壕&amp#0;&amp#0;&amp#0;4&amp#0;e	&amp#0;&amp#4;&amp#0;N	&amp#0;&amp#4;&amp#0;O	&amp#0;&amp#4;&amp#0;P&amp#7;&amp#0;Q
Find JAR URL: file:/D:/cg107/Desktop/school/target/classes/com/ecut/pojo/SheTuanActivity.class
Not a JAR: file:/D:/cg107/Desktop/school/target/classes/com/ecut/pojo/SheTuanActivity.class
Reader entry: 漱壕&amp#0;&amp#0;&amp#0;4&amp#0;�	&amp#0;&amp#7;&amp#0;c	&amp#0;&amp#7;&amp#0;d	&amp#0;&amp#7;&amp#0;e	&amp#0;&amp#7;&amp#0;f	&amp#0;&amp#7;&amp#0;g	&amp#0;&amp#7;&amp#0;h&amp#7;&amp#0;i
Find JAR URL: file:/D:/cg107/Desktop/school/target/classes/com/ecut/pojo/Student.class
Not a JAR: file:/D:/cg107/Desktop/school/target/classes/com/ecut/pojo/Student.class
Reader entry: 漱壕&amp#0;&amp#0;&amp#0;4&amp#0;�	&amp#0;&amp#11;&amp#0;�	&amp#0;&amp#11;&amp#0;�	&amp#0;&amp#11;&amp#0;�	&amp#0;&amp#11;&amp#0;�	&amp#0;&amp#11;&amp#0;�	&amp#0;&amp#11;&amp#0;�	&amp#0;&amp#11;&amp#0;�	&amp#0;&amp#11;&amp#0;�	&amp#0;&amp#11;&amp#0;�	&amp#0;&amp#11;&amp#0;�&amp#7;&amp#0;�
Find JAR URL: file:/D:/cg107/Desktop/school/target/classes/com/ecut/pojo/StudentLogin.class
Not a JAR: file:/D:/cg107/Desktop/school/target/classes/com/ecut/pojo/StudentLogin.class
Reader entry: 漱壕&amp#0;&amp#0;&amp#0;4&amp#0;J	&amp#0;&amp#3;&amp#0;8	&amp#0;&amp#3;&amp#0;9&amp#7;&amp#0;:
Find JAR URL: file:/D:/cg107/Desktop/school/target/classes/com/ecut/pojo/StudentSmall.class
Not a JAR: file:/D:/cg107/Desktop/school/target/classes/com/ecut/pojo/StudentSmall.class
Reader entry: 漱壕&amp#0;&amp#0;&amp#0;4&amp#0;J	&amp#0;&amp#3;&amp#0;8	&amp#0;&amp#3;&amp#0;9&amp#7;&amp#0;:
Find JAR URL: file:/D:/cg107/Desktop/school/target/classes/com/ecut/pojo/Tcourse.class
Not a JAR: file:/D:/cg107/Desktop/school/target/classes/com/ecut/pojo/Tcourse.class
Reader entry: 漱壕&amp#0;&amp#0;&amp#0;4&amp#0;J	&amp#0;&amp#3;&amp#0;8	&amp#0;&amp#3;&amp#0;9&amp#7;&amp#0;:
Find JAR URL: file:/D:/cg107/Desktop/school/target/classes/com/ecut/pojo/Teacher.class
Not a JAR: file:/D:/cg107/Desktop/school/target/classes/com/ecut/pojo/Teacher.class
Reader entry: 漱壕&amp#0;&amp#0;&amp#0;4&amp#0;�	&amp#0;	&amp#0;z	&amp#0;	&amp#0;{	&amp#0;	&amp#0;|	&amp#0;	&amp#0;}	&amp#0;	&amp#0;~	&amp#0;	&amp#0;	&amp#0;	&amp#0;�	&amp#0;	&amp#0;�&amp#7;&amp#0;�
Find JAR URL: file:/D:/cg107/Desktop/school/target/classes/com/ecut/pojo/TeacherLogin.class
Not a JAR: file:/D:/cg107/Desktop/school/target/classes/com/ecut/pojo/TeacherLogin.class
Reader entry: 漱壕&amp#0;&amp#0;&amp#0;4&amp#0;J	&amp#0;&amp#3;&amp#0;8	&amp#0;&amp#3;&amp#0;9&amp#7;&amp#0;:
Find JAR URL: file:/D:/cg107/Desktop/school/target/classes/com/ecut/pojo/TeacherSmall.class
Not a JAR: file:/D:/cg107/Desktop/school/target/classes/com/ecut/pojo/TeacherSmall.class
Reader entry: 漱壕&amp#0;&amp#0;&amp#0;4&amp#0;J	&amp#0;&amp#3;&amp#0;8	&amp#0;&amp#3;&amp#0;9&amp#7;&amp#0;:
Checking to see if class com.ecut.pojo.Admin matches criteria [is assignable to Object]
Checking to see if class com.ecut.pojo.Classes matches criteria [is assignable to Object]
Checking to see if class com.ecut.pojo.ClassesSmall matches criteria [is assignable to Object]
Checking to see if class com.ecut.pojo.Course matches criteria [is assignable to Object]
Checking to see if class com.ecut.pojo.CourseScore matches criteria [is assignable to Object]
Checking to see if class com.ecut.pojo.CourseSmall matches criteria [is assignable to Object]
Checking to see if class com.ecut.pojo.Jobs matches criteria [is assignable to Object]
Checking to see if class com.ecut.pojo.Lecture matches criteria [is assignable to Object]
Checking to see if class com.ecut.pojo.Lost matches criteria [is assignable to Object]
Checking to see if class com.ecut.pojo.Page matches criteria [is assignable to Object]
Checking to see if class com.ecut.pojo.Score matches criteria [is assignable to Object]
Checking to see if class com.ecut.pojo.SheTuan matches criteria [is assignable to Object]
Checking to see if class com.ecut.pojo.SheTuanActivity matches criteria [is assignable to Object]
Checking to see if class com.ecut.pojo.Student matches criteria [is assignable to Object]
Checking to see if class com.ecut.pojo.StudentLogin matches criteria [is assignable to Object]
Checking to see if class com.ecut.pojo.StudentSmall matches criteria [is assignable to Object]
Checking to see if class com.ecut.pojo.Tcourse matches criteria [is assignable to Object]
Checking to see if class com.ecut.pojo.Teacher matches criteria [is assignable to Object]
Checking to see if class com.ecut.pojo.TeacherLogin matches criteria [is assignable to Object]
Checking to see if class com.ecut.pojo.TeacherSmall matches criteria [is assignable to Object]
Creating a new SqlSession
SqlSession [org.apache.ibatis.session.defaults.DefaultSqlSession@443effcb] was not registered for synchronization because synchronization is not active
Closing non transactional SqlSession [org.apache.ibatis.session.defaults.DefaultSqlSession@443effcb]
]]></system-out>
    <system-err><![CDATA[6月 26, 2023 12:18:13 上午 com.mchange.v2.c3p0.impl.AbstractPoolBackedDataSource 
信息: Initializing c3p0 pool... com.mchange.v2.c3p0.ComboPooledDataSource [ acquireIncrement -> 3, acquireRetryAttempts -> 2, acquireRetryDelay -> 1000, autoCommitOnClose -> false, automaticTestTable -> null, breakAfterAcquireFailure -> false, checkoutTimeout -> 10000, connectionCustomizerClassName -> null, connectionTesterClassName -> com.mchange.v2.c3p0.impl.DefaultConnectionTester, contextClassLoaderSource -> caller, dataSourceName -> 1br4pa9aw1viqmzl1u0e1h9|5bc28f40, debugUnreturnedConnectionStackTraces -> false, description -> null, driverClass -> com.mysql.cj.jdbc.Driver, extensions -> {}, factoryClassLocation -> null, forceIgnoreUnresolvedTransactions -> false, forceSynchronousCheckins -> false, forceUseNamedDriverClass -> false, identityToken -> 1br4pa9aw1viqmzl1u0e1h9|5bc28f40, idleConnectionTestPeriod -> 0, initialPoolSize -> 3, jdbcUrl -> jdbc:mysql://localhost:3306/school?serverTimezone=Asia/Shanghai&useSSL=true&useUnicode=true&characterEncoding=UTF-8&allowMultiQueries=true, maxAdministrativeTaskTime -> 0, maxConnectionAge -> 0, maxIdleTime -> 0, maxIdleTimeExcessConnections -> 0, maxPoolSize -> 30, maxStatements -> 0, maxStatementsPerConnection -> 0, minPoolSize -> 10, numHelperThreads -> 3, preferredTestQuery -> null, privilegeSpawnedThreads -> false, properties -> {password=******, user=******}, propertyCycle -> 0, statementCacheNumDeferredCloseThreads -> 0, testConnectionOnCheckin -> false, testConnectionOnCheckout -> false, unreturnedConnectionTimeout -> 0, userOverrides -> {}, usesTraditionalReflectiveProxies -> false ]
6月 26, 2023 12:18:13 上午 com.mchange.v2.resourcepool.BasicResourcePool 
警告: Bad pool size config, start 3 < min 10. Using 10 as start.
6月 26, 2023 12:18:15 上午 com.mchange.v2.resourcepool.BasicResourcePool 
警告: com.mchange.v2.resourcepool.BasicResourcePool$ScatteredAcquireTask@75b8f205 -- Acquisition Attempt Failed!!! Clearing pending acquires. While trying to acquire a needed new resource, we failed to succeed more than the maximum number of allowed acquisition attempts (2). Last acquisition attempt exception: 
java.sql.SQLNonTransientConnectionException: Data source rejected establishment of connection,  message from server: "Too many connections"
	at com.mysql.cj.jdbc.exceptions.SQLError.createSQLException(SQLError.java:110)
	at com.mysql.cj.jdbc.exceptions.SQLExceptionsMapping.translateException(SQLExceptionsMapping.java:122)
	at com.mysql.cj.jdbc.ConnectionImpl.createNewIO(ConnectionImpl.java:828)
	at com.mysql.cj.jdbc.ConnectionImpl.<init>(ConnectionImpl.java:448)
	at com.mysql.cj.jdbc.ConnectionImpl.getInstance(ConnectionImpl.java:241)
	at com.mysql.cj.jdbc.NonRegisteringDriver.connect(NonRegisteringDriver.java:198)
	at com.mchange.v2.c3p0.DriverManagerDataSource.getConnection(DriverManagerDataSource.java:175)
	at com.mchange.v2.c3p0.WrapperConnectionPoolDataSource.getPooledConnection(WrapperConnectionPoolDataSource.java:220)
	at com.mchange.v2.c3p0.WrapperConnectionPoolDataSource.getPooledConnection(WrapperConnectionPoolDataSource.java:206)
	at com.mchange.v2.c3p0.impl.C3P0PooledConnectionPool$1PooledConnectionResourcePoolManager.acquireResource(C3P0PooledConnectionPool.java:203)
	at com.mchange.v2.resourcepool.BasicResourcePool.doAcquire(BasicResourcePool.java:1176)
	at com.mchange.v2.resourcepool.BasicResourcePool.doAcquireAndDecrementPendingAcquiresWithinLockOnSuccess(BasicResourcePool.java:1163)
	at com.mchange.v2.resourcepool.BasicResourcePool.access$700(BasicResourcePool.java:44)
	at com.mchange.v2.resourcepool.BasicResourcePool$ScatteredAcquireTask.run(BasicResourcePool.java:1908)
	at com.mchange.v2.async.ThreadPoolAsynchronousRunner$PoolThread.run(ThreadPoolAsynchronousRunner.java:696)

6月 26, 2023 12:18:15 上午 com.mchange.v2.resourcepool.BasicResourcePool 
警告: com.mchange.v2.resourcepool.BasicResourcePool$ScatteredAcquireTask@3564e654 -- Acquisition Attempt Failed!!! Clearing pending acquires. While trying to acquire a needed new resource, we failed to succeed more than the maximum number of allowed acquisition attempts (2). Last acquisition attempt exception: 
java.sql.SQLNonTransientConnectionException: Data source rejected establishment of connection,  message from server: "Too many connections"
	at com.mysql.cj.jdbc.exceptions.SQLError.createSQLException(SQLError.java:110)
	at com.mysql.cj.jdbc.exceptions.SQLExceptionsMapping.translateException(SQLExceptionsMapping.java:122)
	at com.mysql.cj.jdbc.ConnectionImpl.createNewIO(ConnectionImpl.java:828)
	at com.mysql.cj.jdbc.ConnectionImpl.<init>(ConnectionImpl.java:448)
	at com.mysql.cj.jdbc.ConnectionImpl.getInstance(ConnectionImpl.java:241)
	at com.mysql.cj.jdbc.NonRegisteringDriver.connect(NonRegisteringDriver.java:198)
	at com.mchange.v2.c3p0.DriverManagerDataSource.getConnection(DriverManagerDataSource.java:175)
	at com.mchange.v2.c3p0.WrapperConnectionPoolDataSource.getPooledConnection(WrapperConnectionPoolDataSource.java:220)
	at com.mchange.v2.c3p0.WrapperConnectionPoolDataSource.getPooledConnection(WrapperConnectionPoolDataSource.java:206)
	at com.mchange.v2.c3p0.impl.C3P0PooledConnectionPool$1PooledConnectionResourcePoolManager.acquireResource(C3P0PooledConnectionPool.java:203)
	at com.mchange.v2.resourcepool.BasicResourcePool.doAcquire(BasicResourcePool.java:1176)
	at com.mchange.v2.resourcepool.BasicResourcePool.doAcquireAndDecrementPendingAcquiresWithinLockOnSuccess(BasicResourcePool.java:1163)
	at com.mchange.v2.resourcepool.BasicResourcePool.access$700(BasicResourcePool.java:44)
	at com.mchange.v2.resourcepool.BasicResourcePool$ScatteredAcquireTask.run(BasicResourcePool.java:1908)
	at com.mchange.v2.async.ThreadPoolAsynchronousRunner$PoolThread.run(ThreadPoolAsynchronousRunner.java:696)

6月 26, 2023 12:18:15 上午 com.mchange.v2.resourcepool.BasicResourcePool 
警告: com.mchange.v2.resourcepool.BasicResourcePool$ScatteredAcquireTask@6abc12e0 -- Acquisition Attempt Failed!!! Clearing pending acquires. While trying to acquire a needed new resource, we failed to succeed more than the maximum number of allowed acquisition attempts (2). Last acquisition attempt exception: 
java.sql.SQLNonTransientConnectionException: Data source rejected establishment of connection,  message from server: "Too many connections"
	at com.mysql.cj.jdbc.exceptions.SQLError.createSQLException(SQLError.java:110)
	at com.mysql.cj.jdbc.exceptions.SQLExceptionsMapping.translateException(SQLExceptionsMapping.java:122)
	at com.mysql.cj.jdbc.ConnectionImpl.createNewIO(ConnectionImpl.java:828)
	at com.mysql.cj.jdbc.ConnectionImpl.<init>(ConnectionImpl.java:448)
	at com.mysql.cj.jdbc.ConnectionImpl.getInstance(ConnectionImpl.java:241)
	at com.mysql.cj.jdbc.NonRegisteringDriver.connect(NonRegisteringDriver.java:198)
	at com.mchange.v2.c3p0.DriverManagerDataSource.getConnection(DriverManagerDataSource.java:175)
	at com.mchange.v2.c3p0.WrapperConnectionPoolDataSource.getPooledConnection(WrapperConnectionPoolDataSource.java:220)
	at com.mchange.v2.c3p0.WrapperConnectionPoolDataSource.getPooledConnection(WrapperConnectionPoolDataSource.java:206)
	at com.mchange.v2.c3p0.impl.C3P0PooledConnectionPool$1PooledConnectionResourcePoolManager.acquireResource(C3P0PooledConnectionPool.java:203)
	at com.mchange.v2.resourcepool.BasicResourcePool.doAcquire(BasicResourcePool.java:1176)
	at com.mchange.v2.resourcepool.BasicResourcePool.doAcquireAndDecrementPendingAcquiresWithinLockOnSuccess(BasicResourcePool.java:1163)
	at com.mchange.v2.resourcepool.BasicResourcePool.access$700(BasicResourcePool.java:44)
	at com.mchange.v2.resourcepool.BasicResourcePool$ScatteredAcquireTask.run(BasicResourcePool.java:1908)
	at com.mchange.v2.async.ThreadPoolAsynchronousRunner$PoolThread.run(ThreadPoolAsynchronousRunner.java:696)

6月 26, 2023 12:18:15 上午 com.mchange.v2.resourcepool.BasicResourcePool 
警告: Having failed to acquire a resource, com.mchange.v2.resourcepool.BasicResourcePool@1d9bd4da is interrupting all Threads waiting on a resource to check out. Will try again in response to new client requests.
6月 26, 2023 12:18:15 上午 com.mchange.v2.resourcepool.BasicResourcePool 
警告: Having failed to acquire a resource, com.mchange.v2.resourcepool.BasicResourcePool@1d9bd4da is interrupting all Threads waiting on a resource to check out. Will try again in response to new client requests.
6月 26, 2023 12:18:15 上午 com.mchange.v2.resourcepool.BasicResourcePool 
警告: Having failed to acquire a resource, com.mchange.v2.resourcepool.BasicResourcePool@1d9bd4da is interrupting all Threads waiting on a resource to check out. Will try again in response to new client requests.
]]></system-err>
  </testcase>
  <testcase name="test2" classname="MyTest" time="2.216">
    <error message="nested exception is org.apache.ibatis.exceptions.PersistenceException: &#10;### Error querying database.  Cause: org.springframework.jdbc.CannotGetJdbcConnectionException: Failed to obtain JDBC Connection; nested exception is java.sql.SQLException: Connections could not be acquired from the underlying database!&#10;### The error may exist in com/ecut/dao/TeacherMapper.xml&#10;### The error may involve com.ecut.dao.TeacherMapper.queryTeachers&#10;### The error occurred while executing a query&#10;### Cause: org.springframework.jdbc.CannotGetJdbcConnectionException: Failed to obtain JDBC Connection; nested exception is java.sql.SQLException: Connections could not be acquired from the underlying database!" type="org.mybatis.spring.MyBatisSystemException"><![CDATA[org.mybatis.spring.MyBatisSystemException: 
nested exception is org.apache.ibatis.exceptions.PersistenceException: 
### Error querying database.  Cause: org.springframework.jdbc.CannotGetJdbcConnectionException: Failed to obtain JDBC Connection; nested exception is java.sql.SQLException: Connections could not be acquired from the underlying database!
### The error may exist in com/ecut/dao/TeacherMapper.xml
### The error may involve com.ecut.dao.TeacherMapper.queryTeachers
### The error occurred while executing a query
### Cause: org.springframework.jdbc.CannotGetJdbcConnectionException: Failed to obtain JDBC Connection; nested exception is java.sql.SQLException: Connections could not be acquired from the underlying database!
	at org.mybatis.spring.MyBatisExceptionTranslator.translateExceptionIfPossible(MyBatisExceptionTranslator.java:78)
	at org.mybatis.spring.SqlSessionTemplate$SqlSessionInterceptor.invoke(SqlSessionTemplate.java:440)
	at com.sun.proxy.$Proxy19.selectList(Unknown Source)
	at org.mybatis.spring.SqlSessionTemplate.selectList(SqlSessionTemplate.java:223)
	at org.apache.ibatis.binding.MapperMethod.executeForMany(MapperMethod.java:147)
	at org.apache.ibatis.binding.MapperMethod.execute(MapperMethod.java:80)
	at org.apache.ibatis.binding.MapperProxy$PlainMethodInvoker.invoke(MapperProxy.java:152)
	at org.apache.ibatis.binding.MapperProxy.invoke(MapperProxy.java:85)
	at com.sun.proxy.$Proxy35.queryTeachers(Unknown Source)
	at com.ecut.service.impl.TeacherServiceImpl.queryTeachers(TeacherServiceImpl.java:46)
	at MyTest.test2(MyTest.java:30)
	at java.base/jdk.internal.reflect.NativeMethodAccessorImpl.invoke0(Native Method)
	at java.base/jdk.internal.reflect.NativeMethodAccessorImpl.invoke(NativeMethodAccessorImpl.java:62)
	at java.base/jdk.internal.reflect.DelegatingMethodAccessorImpl.invoke(DelegatingMethodAccessorImpl.java:43)
	at java.base/java.lang.reflect.Method.invoke(Method.java:566)
	at org.junit.runners.model.FrameworkMethod$1.runReflectiveCall(FrameworkMethod.java:50)
	at org.junit.internal.runners.model.ReflectiveCallable.run(ReflectiveCallable.java:12)
	at org.junit.runners.model.FrameworkMethod.invokeExplosively(FrameworkMethod.java:47)
	at org.junit.internal.runners.statements.InvokeMethod.evaluate(InvokeMethod.java:17)
	at org.junit.runners.ParentRunner.runLeaf(ParentRunner.java:325)
	at org.junit.runners.BlockJUnit4ClassRunner.runChild(BlockJUnit4ClassRunner.java:78)
	at org.junit.runners.BlockJUnit4ClassRunner.runChild(BlockJUnit4ClassRunner.java:57)
	at org.junit.runners.ParentRunner$3.run(ParentRunner.java:290)
	at org.junit.runners.ParentRunner$1.schedule(ParentRunner.java:71)
	at org.junit.runners.ParentRunner.runChildren(ParentRunner.java:288)
	at org.junit.runners.ParentRunner.access$000(ParentRunner.java:58)
	at org.junit.runners.ParentRunner$2.evaluate(ParentRunner.java:268)
	at org.junit.runners.ParentRunner.run(ParentRunner.java:363)
	at org.apache.maven.surefire.junit4.JUnit4Provider.execute(JUnit4Provider.java:316)
	at org.apache.maven.surefire.junit4.JUnit4Provider.executeWithRerun(JUnit4Provider.java:240)
	at org.apache.maven.surefire.junit4.JUnit4Provider.executeTestSet(JUnit4Provider.java:214)
	at org.apache.maven.surefire.junit4.JUnit4Provider.invoke(JUnit4Provider.java:155)
	at org.apache.maven.surefire.booter.ForkedBooter.runSuitesInProcess(ForkedBooter.java:385)
	at org.apache.maven.surefire.booter.ForkedBooter.execute(ForkedBooter.java:162)
	at org.apache.maven.surefire.booter.ForkedBooter.run(ForkedBooter.java:507)
	at org.apache.maven.surefire.booter.ForkedBooter.main(ForkedBooter.java:495)
Caused by: org.apache.ibatis.exceptions.PersistenceException: 
### Error querying database.  Cause: org.springframework.jdbc.CannotGetJdbcConnectionException: Failed to obtain JDBC Connection; nested exception is java.sql.SQLException: Connections could not be acquired from the underlying database!
### The error may exist in com/ecut/dao/TeacherMapper.xml
### The error may involve com.ecut.dao.TeacherMapper.queryTeachers
### The error occurred while executing a query
### Cause: org.springframework.jdbc.CannotGetJdbcConnectionException: Failed to obtain JDBC Connection; nested exception is java.sql.SQLException: Connections could not be acquired from the underlying database!
	at org.apache.ibatis.exceptions.ExceptionFactory.wrapException(ExceptionFactory.java:30)
	at org.apache.ibatis.session.defaults.DefaultSqlSession.selectList(DefaultSqlSession.java:149)
	at org.apache.ibatis.session.defaults.DefaultSqlSession.selectList(DefaultSqlSession.java:140)
	at java.base/jdk.internal.reflect.NativeMethodAccessorImpl.invoke0(Native Method)
	at java.base/jdk.internal.reflect.NativeMethodAccessorImpl.invoke(NativeMethodAccessorImpl.java:62)
	at java.base/jdk.internal.reflect.DelegatingMethodAccessorImpl.invoke(DelegatingMethodAccessorImpl.java:43)
	at java.base/java.lang.reflect.Method.invoke(Method.java:566)
	at org.mybatis.spring.SqlSessionTemplate$SqlSessionInterceptor.invoke(SqlSessionTemplate.java:426)
	... 34 more
Caused by: org.springframework.jdbc.CannotGetJdbcConnectionException: Failed to obtain JDBC Connection; nested exception is java.sql.SQLException: Connections could not be acquired from the underlying database!
	at org.springframework.jdbc.datasource.DataSourceUtils.getConnection(DataSourceUtils.java:82)
	at org.mybatis.spring.transaction.SpringManagedTransaction.openConnection(SpringManagedTransaction.java:80)
	at org.mybatis.spring.transaction.SpringManagedTransaction.getConnection(SpringManagedTransaction.java:67)
	at org.apache.ibatis.executor.BaseExecutor.getConnection(BaseExecutor.java:337)
	at org.apache.ibatis.executor.SimpleExecutor.prepareStatement(SimpleExecutor.java:86)
	at org.apache.ibatis.executor.SimpleExecutor.doQuery(SimpleExecutor.java:62)
	at org.apache.ibatis.executor.BaseExecutor.queryFromDatabase(BaseExecutor.java:325)
	at org.apache.ibatis.executor.BaseExecutor.query(BaseExecutor.java:156)
	at org.apache.ibatis.executor.CachingExecutor.query(CachingExecutor.java:109)
	at org.apache.ibatis.executor.CachingExecutor.query(CachingExecutor.java:89)
	at org.apache.ibatis.session.defaults.DefaultSqlSession.selectList(DefaultSqlSession.java:147)
	... 40 more
Caused by: java.sql.SQLException: Connections could not be acquired from the underlying database!
	at com.mchange.v2.sql.SqlUtils.toSQLException(SqlUtils.java:118)
	at com.mchange.v2.c3p0.impl.C3P0PooledConnectionPool.checkoutPooledConnection(C3P0PooledConnectionPool.java:692)
	at com.mchange.v2.c3p0.impl.AbstractPoolBackedDataSource.getConnection(AbstractPoolBackedDataSource.java:140)
	at org.springframework.jdbc.datasource.DataSourceUtils.fetchConnection(DataSourceUtils.java:158)
	at org.springframework.jdbc.datasource.DataSourceUtils.doGetConnection(DataSourceUtils.java:116)
	at org.springframework.jdbc.datasource.DataSourceUtils.getConnection(DataSourceUtils.java:79)
	... 50 more
Caused by: com.mchange.v2.resourcepool.CannotAcquireResourceException: A ResourcePool could not acquire a resource from its primary factory or source.
	at com.mchange.v2.resourcepool.BasicResourcePool.awaitAvailable(BasicResourcePool.java:1507)
	at com.mchange.v2.resourcepool.BasicResourcePool.prelimCheckoutResource(BasicResourcePool.java:644)
	at com.mchange.v2.resourcepool.BasicResourcePool.checkoutResource(BasicResourcePool.java:554)
	at com.mchange.v2.c3p0.impl.C3P0PooledConnectionPool.checkoutAndMarkConnectionInUse(C3P0PooledConnectionPool.java:758)
	at com.mchange.v2.c3p0.impl.C3P0PooledConnectionPool.checkoutPooledConnection(C3P0PooledConnectionPool.java:685)
	... 54 more
Caused by: java.sql.SQLNonTransientConnectionException: Data source rejected establishment of connection,  message from server: "Too many connections"
	at com.mysql.cj.jdbc.exceptions.SQLError.createSQLException(SQLError.java:110)
	at com.mysql.cj.jdbc.exceptions.SQLExceptionsMapping.translateException(SQLExceptionsMapping.java:122)
	at com.mysql.cj.jdbc.ConnectionImpl.createNewIO(ConnectionImpl.java:828)
	at com.mysql.cj.jdbc.ConnectionImpl.<init>(ConnectionImpl.java:448)
	at com.mysql.cj.jdbc.ConnectionImpl.getInstance(ConnectionImpl.java:241)
	at com.mysql.cj.jdbc.NonRegisteringDriver.connect(NonRegisteringDriver.java:198)
	at com.mchange.v2.c3p0.DriverManagerDataSource.getConnection(DriverManagerDataSource.java:175)
	at com.mchange.v2.c3p0.WrapperConnectionPoolDataSource.getPooledConnection(WrapperConnectionPoolDataSource.java:220)
	at com.mchange.v2.c3p0.WrapperConnectionPoolDataSource.getPooledConnection(WrapperConnectionPoolDataSource.java:206)
	at com.mchange.v2.c3p0.impl.C3P0PooledConnectionPool$1PooledConnectionResourcePoolManager.acquireResource(C3P0PooledConnectionPool.java:203)
	at com.mchange.v2.resourcepool.BasicResourcePool.doAcquire(BasicResourcePool.java:1176)
	at com.mchange.v2.resourcepool.BasicResourcePool.doAcquireAndDecrementPendingAcquiresWithinLockOnSuccess(BasicResourcePool.java:1163)
	at com.mchange.v2.resourcepool.BasicResourcePool.access$700(BasicResourcePool.java:44)
	at com.mchange.v2.resourcepool.BasicResourcePool$ScatteredAcquireTask.run(BasicResourcePool.java:1908)
	at com.mchange.v2.async.ThreadPoolAsynchronousRunner$PoolThread.run(ThreadPoolAsynchronousRunner.java:696)
]]></error>
    <system-out><![CDATA[Logging initialized using 'class org.apache.ibatis.logging.stdout.StdOutImpl' adapter.
Find JAR URL: file:/D:/cg107/Desktop/school/target/classes/com/ecut/pojo
Not a JAR: file:/D:/cg107/Desktop/school/target/classes/com/ecut/pojo
Reader entry: Admin.class
Reader entry: Classes.class
Reader entry: ClassesSmall.class
Reader entry: Course.class
Reader entry: CourseScore.class
Reader entry: CourseSmall.class
Reader entry: Jobs.class
Reader entry: Lecture.class
Reader entry: Lost.class
Reader entry: Page.class
Reader entry: Score.class
Reader entry: SheTuan.class
Reader entry: SheTuanActivity.class
Reader entry: Student.class
Reader entry: StudentLogin.class
Reader entry: StudentSmall.class
Reader entry: Tcourse.class
Reader entry: Teacher.class
Reader entry: TeacherLogin.class
Reader entry: TeacherSmall.class
Listing file:/D:/cg107/Desktop/school/target/classes/com/ecut/pojo
Find JAR URL: file:/D:/cg107/Desktop/school/target/classes/com/ecut/pojo/Admin.class
Not a JAR: file:/D:/cg107/Desktop/school/target/classes/com/ecut/pojo/Admin.class
Reader entry: 漱壕&amp#0;&amp#0;&amp#0;4&amp#0;V	&amp#0;&amp#4;&amp#0;A	&amp#0;&amp#4;&amp#0;B	&amp#0;&amp#4;&amp#0;C&amp#7;&amp#0;D
Find JAR URL: file:/D:/cg107/Desktop/school/target/classes/com/ecut/pojo/Classes.class
Not a JAR: file:/D:/cg107/Desktop/school/target/classes/com/ecut/pojo/Classes.class
Reader entry: 漱壕&amp#0;&amp#0;&amp#0;4&amp#0;z	&amp#0;&amp#6;&amp#0;]	&amp#0;&amp#6;&amp#0;^	&amp#0;&amp#6;&amp#0;_	&amp#0;&amp#6;&amp#0;`	&amp#0;&amp#6;&amp#0;a&amp#7;&amp#0;b
Find JAR URL: file:/D:/cg107/Desktop/school/target/classes/com/ecut/pojo/ClassesSmall.class
Not a JAR: file:/D:/cg107/Desktop/school/target/classes/com/ecut/pojo/ClassesSmall.class
Reader entry: 漱壕&amp#0;&amp#0;&amp#0;4&amp#0;J	&amp#0;&amp#3;&amp#0;8	&amp#0;&amp#3;&amp#0;9&amp#7;&amp#0;:
Find JAR URL: file:/D:/cg107/Desktop/school/target/classes/com/ecut/pojo/Course.class
Not a JAR: file:/D:/cg107/Desktop/school/target/classes/com/ecut/pojo/Course.class
Reader entry: 漱壕&amp#0;&amp#0;&amp#0;4&amp#0;�	&amp#0;	&amp#0;}	&amp#0;	&amp#0;~	&amp#0;	&amp#0;	&amp#0;	&amp#0;�	&amp#0;	&amp#0;�	&amp#0;	&amp#0;�	&amp#0;	&amp#0;�	&amp#0;	&amp#0;�&amp#7;&amp#0;�
Find JAR URL: file:/D:/cg107/Desktop/school/target/classes/com/ecut/pojo/CourseScore.class
Not a JAR: file:/D:/cg107/Desktop/school/target/classes/com/ecut/pojo/CourseScore.class
Reader entry: 漱壕&amp#0;&amp#0;&amp#0;4&amp#0;t	&amp#0;&amp#6;&amp#0;W	&amp#0;&amp#6;&amp#0;X	&amp#0;&amp#6;&amp#0;Y	&amp#0;&amp#6;&amp#0;Z	&amp#0;&amp#6;&amp#0;[&amp#7;&amp#0;\
Find JAR URL: file:/D:/cg107/Desktop/school/target/classes/com/ecut/pojo/CourseSmall.class
Not a JAR: file:/D:/cg107/Desktop/school/target/classes/com/ecut/pojo/CourseSmall.class
Reader entry: 漱壕&amp#0;&amp#0;&amp#0;4&amp#0;J	&amp#0;&amp#3;&amp#0;8	&amp#0;&amp#3;&amp#0;9&amp#7;&amp#0;:
Find JAR URL: file:/D:/cg107/Desktop/school/target/classes/com/ecut/pojo/Jobs.class
Not a JAR: file:/D:/cg107/Desktop/school/target/classes/com/ecut/pojo/Jobs.class
Reader entry: 漱壕&amp#0;&amp#0;&amp#0;4&amp#0;�	&amp#0;&amp#7;&amp#0;`	&amp#0;&amp#7;&amp#0;a	&amp#0;&amp#7;&amp#0;b	&amp#0;&amp#7;&amp#0;c	&amp#0;&amp#7;&amp#0;d	&amp#0;&amp#7;&amp#0;e&amp#7;&amp#0;f
Find JAR URL: file:/D:/cg107/Desktop/school/target/classes/com/ecut/pojo/Lecture.class
Not a JAR: file:/D:/cg107/Desktop/school/target/classes/com/ecut/pojo/Lecture.class
Reader entry: 漱壕&amp#0;&amp#0;&amp#0;4&amp#0;�	&amp#0;&amp#7;&amp#0;c	&amp#0;&amp#7;&amp#0;d	&amp#0;&amp#7;&amp#0;e	&amp#0;&amp#7;&amp#0;f	&amp#0;&amp#7;&amp#0;g	&amp#0;&amp#7;&amp#0;h&amp#7;&amp#0;i
Find JAR URL: file:/D:/cg107/Desktop/school/target/classes/com/ecut/pojo/Lost.class
Not a JAR: file:/D:/cg107/Desktop/school/target/classes/com/ecut/pojo/Lost.class
Reader entry: 漱壕&amp#0;&amp#0;&amp#0;4&amp#0;&amp#26;
Find JAR URL: file:/D:/cg107/Desktop/school/target/classes/com/ecut/pojo/Page.class
Not a JAR: file:/D:/cg107/Desktop/school/target/classes/com/ecut/pojo/Page.class
Reader entry: 漱壕&amp#0;&amp#0;&amp#0;4&amp#0;<
Find JAR URL: file:/D:/cg107/Desktop/school/target/classes/com/ecut/pojo/Score.class
Not a JAR: file:/D:/cg107/Desktop/school/target/classes/com/ecut/pojo/Score.class
Reader entry: 漱壕&amp#0;&amp#0;&amp#0;4&amp#0;\	&amp#0;&amp#4;&amp#0;E	&amp#0;&amp#4;&amp#0;F	&amp#0;&amp#4;&amp#0;G&amp#7;&amp#0;H
Find JAR URL: file:/D:/cg107/Desktop/school/target/classes/com/ecut/pojo/SheTuan.class
Not a JAR: file:/D:/cg107/Desktop/school/target/classes/com/ecut/pojo/SheTuan.class
Reader entry: 漱壕&amp#0;&amp#0;&amp#0;4&amp#0;e	&amp#0;&amp#4;&amp#0;N	&amp#0;&amp#4;&amp#0;O	&amp#0;&amp#4;&amp#0;P&amp#7;&amp#0;Q
Find JAR URL: file:/D:/cg107/Desktop/school/target/classes/com/ecut/pojo/SheTuanActivity.class
Not a JAR: file:/D:/cg107/Desktop/school/target/classes/com/ecut/pojo/SheTuanActivity.class
Reader entry: 漱壕&amp#0;&amp#0;&amp#0;4&amp#0;�	&amp#0;&amp#7;&amp#0;c	&amp#0;&amp#7;&amp#0;d	&amp#0;&amp#7;&amp#0;e	&amp#0;&amp#7;&amp#0;f	&amp#0;&amp#7;&amp#0;g	&amp#0;&amp#7;&amp#0;h&amp#7;&amp#0;i
Find JAR URL: file:/D:/cg107/Desktop/school/target/classes/com/ecut/pojo/Student.class
Not a JAR: file:/D:/cg107/Desktop/school/target/classes/com/ecut/pojo/Student.class
Reader entry: 漱壕&amp#0;&amp#0;&amp#0;4&amp#0;�	&amp#0;&amp#11;&amp#0;�	&amp#0;&amp#11;&amp#0;�	&amp#0;&amp#11;&amp#0;�	&amp#0;&amp#11;&amp#0;�	&amp#0;&amp#11;&amp#0;�	&amp#0;&amp#11;&amp#0;�	&amp#0;&amp#11;&amp#0;�	&amp#0;&amp#11;&amp#0;�	&amp#0;&amp#11;&amp#0;�	&amp#0;&amp#11;&amp#0;�&amp#7;&amp#0;�
Find JAR URL: file:/D:/cg107/Desktop/school/target/classes/com/ecut/pojo/StudentLogin.class
Not a JAR: file:/D:/cg107/Desktop/school/target/classes/com/ecut/pojo/StudentLogin.class
Reader entry: 漱壕&amp#0;&amp#0;&amp#0;4&amp#0;J	&amp#0;&amp#3;&amp#0;8	&amp#0;&amp#3;&amp#0;9&amp#7;&amp#0;:
Find JAR URL: file:/D:/cg107/Desktop/school/target/classes/com/ecut/pojo/StudentSmall.class
Not a JAR: file:/D:/cg107/Desktop/school/target/classes/com/ecut/pojo/StudentSmall.class
Reader entry: 漱壕&amp#0;&amp#0;&amp#0;4&amp#0;J	&amp#0;&amp#3;&amp#0;8	&amp#0;&amp#3;&amp#0;9&amp#7;&amp#0;:
Find JAR URL: file:/D:/cg107/Desktop/school/target/classes/com/ecut/pojo/Tcourse.class
Not a JAR: file:/D:/cg107/Desktop/school/target/classes/com/ecut/pojo/Tcourse.class
Reader entry: 漱壕&amp#0;&amp#0;&amp#0;4&amp#0;J	&amp#0;&amp#3;&amp#0;8	&amp#0;&amp#3;&amp#0;9&amp#7;&amp#0;:
Find JAR URL: file:/D:/cg107/Desktop/school/target/classes/com/ecut/pojo/Teacher.class
Not a JAR: file:/D:/cg107/Desktop/school/target/classes/com/ecut/pojo/Teacher.class
Reader entry: 漱壕&amp#0;&amp#0;&amp#0;4&amp#0;�	&amp#0;	&amp#0;z	&amp#0;	&amp#0;{	&amp#0;	&amp#0;|	&amp#0;	&amp#0;}	&amp#0;	&amp#0;~	&amp#0;	&amp#0;	&amp#0;	&amp#0;�	&amp#0;	&amp#0;�&amp#7;&amp#0;�
Find JAR URL: file:/D:/cg107/Desktop/school/target/classes/com/ecut/pojo/TeacherLogin.class
Not a JAR: file:/D:/cg107/Desktop/school/target/classes/com/ecut/pojo/TeacherLogin.class
Reader entry: 漱壕&amp#0;&amp#0;&amp#0;4&amp#0;J	&amp#0;&amp#3;&amp#0;8	&amp#0;&amp#3;&amp#0;9&amp#7;&amp#0;:
Find JAR URL: file:/D:/cg107/Desktop/school/target/classes/com/ecut/pojo/TeacherSmall.class
Not a JAR: file:/D:/cg107/Desktop/school/target/classes/com/ecut/pojo/TeacherSmall.class
Reader entry: 漱壕&amp#0;&amp#0;&amp#0;4&amp#0;J	&amp#0;&amp#3;&amp#0;8	&amp#0;&amp#3;&amp#0;9&amp#7;&amp#0;:
Checking to see if class com.ecut.pojo.Admin matches criteria [is assignable to Object]
Checking to see if class com.ecut.pojo.Classes matches criteria [is assignable to Object]
Checking to see if class com.ecut.pojo.ClassesSmall matches criteria [is assignable to Object]
Checking to see if class com.ecut.pojo.Course matches criteria [is assignable to Object]
Checking to see if class com.ecut.pojo.CourseScore matches criteria [is assignable to Object]
Checking to see if class com.ecut.pojo.CourseSmall matches criteria [is assignable to Object]
Checking to see if class com.ecut.pojo.Jobs matches criteria [is assignable to Object]
Checking to see if class com.ecut.pojo.Lecture matches criteria [is assignable to Object]
Checking to see if class com.ecut.pojo.Lost matches criteria [is assignable to Object]
Checking to see if class com.ecut.pojo.Page matches criteria [is assignable to Object]
Checking to see if class com.ecut.pojo.Score matches criteria [is assignable to Object]
Checking to see if class com.ecut.pojo.SheTuan matches criteria [is assignable to Object]
Checking to see if class com.ecut.pojo.SheTuanActivity matches criteria [is assignable to Object]
Checking to see if class com.ecut.pojo.Student matches criteria [is assignable to Object]
Checking to see if class com.ecut.pojo.StudentLogin matches criteria [is assignable to Object]
Checking to see if class com.ecut.pojo.StudentSmall matches criteria [is assignable to Object]
Checking to see if class com.ecut.pojo.Tcourse matches criteria [is assignable to Object]
Checking to see if class com.ecut.pojo.Teacher matches criteria [is assignable to Object]
Checking to see if class com.ecut.pojo.TeacherLogin matches criteria [is assignable to Object]
Checking to see if class com.ecut.pojo.TeacherSmall matches criteria [is assignable to Object]
Creating a new SqlSession
SqlSession [org.apache.ibatis.session.defaults.DefaultSqlSession@67064bdc] was not registered for synchronization because synchronization is not active
Closing non transactional SqlSession [org.apache.ibatis.session.defaults.DefaultSqlSession@67064bdc]
]]></system-out>
    <system-err><![CDATA[6月 26, 2023 12:18:15 上午 com.mchange.v2.resourcepool.BasicResourcePool 
警告: com.mchange.v2.resourcepool.BasicResourcePool$ScatteredAcquireTask@7f409975 -- Acquisition Attempt Failed!!! Clearing pending acquires. While trying to acquire a needed new resource, we failed to succeed more than the maximum number of allowed acquisition attempts (2). Last acquisition attempt exception: 
java.sql.SQLNonTransientConnectionException: Data source rejected establishment of connection,  message from server: "Too many connections"
	at com.mysql.cj.jdbc.exceptions.SQLError.createSQLException(SQLError.java:110)
	at com.mysql.cj.jdbc.exceptions.SQLExceptionsMapping.translateException(SQLExceptionsMapping.java:122)
	at com.mysql.cj.jdbc.ConnectionImpl.createNewIO(ConnectionImpl.java:828)
	at com.mysql.cj.jdbc.ConnectionImpl.<init>(ConnectionImpl.java:448)
	at com.mysql.cj.jdbc.ConnectionImpl.getInstance(ConnectionImpl.java:241)
	at com.mysql.cj.jdbc.NonRegisteringDriver.connect(NonRegisteringDriver.java:198)
	at com.mchange.v2.c3p0.DriverManagerDataSource.getConnection(DriverManagerDataSource.java:175)
	at com.mchange.v2.c3p0.WrapperConnectionPoolDataSource.getPooledConnection(WrapperConnectionPoolDataSource.java:220)
	at com.mchange.v2.c3p0.WrapperConnectionPoolDataSource.getPooledConnection(WrapperConnectionPoolDataSource.java:206)
	at com.mchange.v2.c3p0.impl.C3P0PooledConnectionPool$1PooledConnectionResourcePoolManager.acquireResource(C3P0PooledConnectionPool.java:203)
	at com.mchange.v2.resourcepool.BasicResourcePool.doAcquire(BasicResourcePool.java:1176)
	at com.mchange.v2.resourcepool.BasicResourcePool.doAcquireAndDecrementPendingAcquiresWithinLockOnSuccess(BasicResourcePool.java:1163)
	at com.mchange.v2.resourcepool.BasicResourcePool.access$700(BasicResourcePool.java:44)
	at com.mchange.v2.resourcepool.BasicResourcePool$ScatteredAcquireTask.run(BasicResourcePool.java:1908)
	at com.mchange.v2.async.ThreadPoolAsynchronousRunner$PoolThread.run(ThreadPoolAsynchronousRunner.java:696)

6月 26, 2023 12:18:15 上午 com.mchange.v2.resourcepool.BasicResourcePool 
警告: com.mchange.v2.resourcepool.BasicResourcePool$ScatteredAcquireTask@3f9c8d24 -- Acquisition Attempt Failed!!! Clearing pending acquires. While trying to acquire a needed new resource, we failed to succeed more than the maximum number of allowed acquisition attempts (2). Last acquisition attempt exception: 
java.sql.SQLNonTransientConnectionException: Data source rejected establishment of connection,  message from server: "Too many connections"
	at com.mysql.cj.jdbc.exceptions.SQLError.createSQLException(SQLError.java:110)
	at com.mysql.cj.jdbc.exceptions.SQLExceptionsMapping.translateException(SQLExceptionsMapping.java:122)
	at com.mysql.cj.jdbc.ConnectionImpl.createNewIO(ConnectionImpl.java:828)
	at com.mysql.cj.jdbc.ConnectionImpl.<init>(ConnectionImpl.java:448)
	at com.mysql.cj.jdbc.ConnectionImpl.getInstance(ConnectionImpl.java:241)
	at com.mysql.cj.jdbc.NonRegisteringDriver.connect(NonRegisteringDriver.java:198)
	at com.mchange.v2.c3p0.DriverManagerDataSource.getConnection(DriverManagerDataSource.java:175)
	at com.mchange.v2.c3p0.WrapperConnectionPoolDataSource.getPooledConnection(WrapperConnectionPoolDataSource.java:220)
	at com.mchange.v2.c3p0.WrapperConnectionPoolDataSource.getPooledConnection(WrapperConnectionPoolDataSource.java:206)
	at com.mchange.v2.c3p0.impl.C3P0PooledConnectionPool$1PooledConnectionResourcePoolManager.acquireResource(C3P0PooledConnectionPool.java:203)
	at com.mchange.v2.resourcepool.BasicResourcePool.doAcquire(BasicResourcePool.java:1176)
	at com.mchange.v2.resourcepool.BasicResourcePool.doAcquireAndDecrementPendingAcquiresWithinLockOnSuccess(BasicResourcePool.java:1163)
	at com.mchange.v2.resourcepool.BasicResourcePool.access$700(BasicResourcePool.java:44)
	at com.mchange.v2.resourcepool.BasicResourcePool$ScatteredAcquireTask.run(BasicResourcePool.java:1908)
	at com.mchange.v2.async.ThreadPoolAsynchronousRunner$PoolThread.run(ThreadPoolAsynchronousRunner.java:696)

6月 26, 2023 12:18:15 上午 com.mchange.v2.resourcepool.BasicResourcePool 
警告: com.mchange.v2.resourcepool.BasicResourcePool$ScatteredAcquireTask@60447990 -- Acquisition Attempt Failed!!! Clearing pending acquires. While trying to acquire a needed new resource, we failed to succeed more than the maximum number of allowed acquisition attempts (2). Last acquisition attempt exception: 
java.sql.SQLNonTransientConnectionException: Data source rejected establishment of connection,  message from server: "Too many connections"
	at com.mysql.cj.jdbc.exceptions.SQLError.createSQLException(SQLError.java:110)
	at com.mysql.cj.jdbc.exceptions.SQLExceptionsMapping.translateException(SQLExceptionsMapping.java:122)
	at com.mysql.cj.jdbc.ConnectionImpl.createNewIO(ConnectionImpl.java:828)
	at com.mysql.cj.jdbc.ConnectionImpl.<init>(ConnectionImpl.java:448)
	at com.mysql.cj.jdbc.ConnectionImpl.getInstance(ConnectionImpl.java:241)
	at com.mysql.cj.jdbc.NonRegisteringDriver.connect(NonRegisteringDriver.java:198)
	at com.mchange.v2.c3p0.DriverManagerDataSource.getConnection(DriverManagerDataSource.java:175)
	at com.mchange.v2.c3p0.WrapperConnectionPoolDataSource.getPooledConnection(WrapperConnectionPoolDataSource.java:220)
	at com.mchange.v2.c3p0.WrapperConnectionPoolDataSource.getPooledConnection(WrapperConnectionPoolDataSource.java:206)
	at com.mchange.v2.c3p0.impl.C3P0PooledConnectionPool$1PooledConnectionResourcePoolManager.acquireResource(C3P0PooledConnectionPool.java:203)
	at com.mchange.v2.resourcepool.BasicResourcePool.doAcquire(BasicResourcePool.java:1176)
	at com.mchange.v2.resourcepool.BasicResourcePool.doAcquireAndDecrementPendingAcquiresWithinLockOnSuccess(BasicResourcePool.java:1163)
	at com.mchange.v2.resourcepool.BasicResourcePool.access$700(BasicResourcePool.java:44)
	at com.mchange.v2.resourcepool.BasicResourcePool$ScatteredAcquireTask.run(BasicResourcePool.java:1908)
	at com.mchange.v2.async.ThreadPoolAsynchronousRunner$PoolThread.run(ThreadPoolAsynchronousRunner.java:696)

6月 26, 2023 12:18:15 上午 com.mchange.v2.resourcepool.BasicResourcePool 
警告: Having failed to acquire a resource, com.mchange.v2.resourcepool.BasicResourcePool@1d9bd4da is interrupting all Threads waiting on a resource to check out. Will try again in response to new client requests.
6月 26, 2023 12:18:15 上午 com.mchange.v2.resourcepool.BasicResourcePool 
警告: Having failed to acquire a resource, com.mchange.v2.resourcepool.BasicResourcePool@1d9bd4da is interrupting all Threads waiting on a resource to check out. Will try again in response to new client requests.
6月 26, 2023 12:18:15 上午 com.mchange.v2.resourcepool.BasicResourcePool 
警告: Having failed to acquire a resource, com.mchange.v2.resourcepool.BasicResourcePool@1d9bd4da is interrupting all Threads waiting on a resource to check out. Will try again in response to new client requests.
6月 26, 2023 12:18:15 上午 com.mchange.v2.resourcepool.BasicResourcePool 
警告: com.mchange.v2.resourcepool.BasicResourcePool$ScatteredAcquireTask@685a1bf2 -- Acquisition Attempt Failed!!! Clearing pending acquires. While trying to acquire a needed new resource, we failed to succeed more than the maximum number of allowed acquisition attempts (2). Last acquisition attempt exception: 
java.sql.SQLNonTransientConnectionException: Data source rejected establishment of connection,  message from server: "Too many connections"
	at com.mysql.cj.jdbc.exceptions.SQLError.createSQLException(SQLError.java:110)
	at com.mysql.cj.jdbc.exceptions.SQLExceptionsMapping.translateException(SQLExceptionsMapping.java:122)
	at com.mysql.cj.jdbc.ConnectionImpl.createNewIO(ConnectionImpl.java:828)
	at com.mysql.cj.jdbc.ConnectionImpl.<init>(ConnectionImpl.java:448)
	at com.mysql.cj.jdbc.ConnectionImpl.getInstance(ConnectionImpl.java:241)
	at com.mysql.cj.jdbc.NonRegisteringDriver.connect(NonRegisteringDriver.java:198)
	at com.mchange.v2.c3p0.DriverManagerDataSource.getConnection(DriverManagerDataSource.java:175)
	at com.mchange.v2.c3p0.WrapperConnectionPoolDataSource.getPooledConnection(WrapperConnectionPoolDataSource.java:220)
	at com.mchange.v2.c3p0.WrapperConnectionPoolDataSource.getPooledConnection(WrapperConnectionPoolDataSource.java:206)
	at com.mchange.v2.c3p0.impl.C3P0PooledConnectionPool$1PooledConnectionResourcePoolManager.acquireResource(C3P0PooledConnectionPool.java:203)
	at com.mchange.v2.resourcepool.BasicResourcePool.doAcquire(BasicResourcePool.java:1176)
	at com.mchange.v2.resourcepool.BasicResourcePool.doAcquireAndDecrementPendingAcquiresWithinLockOnSuccess(BasicResourcePool.java:1163)
	at com.mchange.v2.resourcepool.BasicResourcePool.access$700(BasicResourcePool.java:44)
	at com.mchange.v2.resourcepool.BasicResourcePool$ScatteredAcquireTask.run(BasicResourcePool.java:1908)
	at com.mchange.v2.async.ThreadPoolAsynchronousRunner$PoolThread.run(ThreadPoolAsynchronousRunner.java:696)

6月 26, 2023 12:18:15 上午 com.mchange.v2.resourcepool.BasicResourcePool 
警告: com.mchange.v2.resourcepool.BasicResourcePool$ScatteredAcquireTask@8d8ed6e -- Acquisition Attempt Failed!!! Clearing pending acquires. While trying to acquire a needed new resource, we failed to succeed more than the maximum number of allowed acquisition attempts (2). Last acquisition attempt exception: 
java.sql.SQLNonTransientConnectionException: Data source rejected establishment of connection,  message from server: "Too many connections"
	at com.mysql.cj.jdbc.exceptions.SQLError.createSQLException(SQLError.java:110)
	at com.mysql.cj.jdbc.exceptions.SQLExceptionsMapping.translateException(SQLExceptionsMapping.java:122)
	at com.mysql.cj.jdbc.ConnectionImpl.createNewIO(ConnectionImpl.java:828)
	at com.mysql.cj.jdbc.ConnectionImpl.<init>(ConnectionImpl.java:448)
	at com.mysql.cj.jdbc.ConnectionImpl.getInstance(ConnectionImpl.java:241)
	at com.mysql.cj.jdbc.NonRegisteringDriver.connect(NonRegisteringDriver.java:198)
	at com.mchange.v2.c3p0.DriverManagerDataSource.getConnection(DriverManagerDataSource.java:175)
	at com.mchange.v2.c3p0.WrapperConnectionPoolDataSource.getPooledConnection(WrapperConnectionPoolDataSource.java:220)
	at com.mchange.v2.c3p0.WrapperConnectionPoolDataSource.getPooledConnection(WrapperConnectionPoolDataSource.java:206)
	at com.mchange.v2.c3p0.impl.C3P0PooledConnectionPool$1PooledConnectionResourcePoolManager.acquireResource(C3P0PooledConnectionPool.java:203)
	at com.mchange.v2.resourcepool.BasicResourcePool.doAcquire(BasicResourcePool.java:1176)
	at com.mchange.v2.resourcepool.BasicResourcePool.doAcquireAndDecrementPendingAcquiresWithinLockOnSuccess(BasicResourcePool.java:1163)
	at com.mchange.v2.resourcepool.BasicResourcePool.access$700(BasicResourcePool.java:44)
	at com.mchange.v2.resourcepool.BasicResourcePool$ScatteredAcquireTask.run(BasicResourcePool.java:1908)
	at com.mchange.v2.async.ThreadPoolAsynchronousRunner$PoolThread.run(ThreadPoolAsynchronousRunner.java:696)

6月 26, 2023 12:18:15 上午 com.mchange.v2.resourcepool.BasicResourcePool 
警告: com.mchange.v2.resourcepool.BasicResourcePool$ScatteredAcquireTask@2fe7c6a6 -- Acquisition Attempt Failed!!! Clearing pending acquires. While trying to acquire a needed new resource, we failed to succeed more than the maximum number of allowed acquisition attempts (2). Last acquisition attempt exception: 
java.sql.SQLNonTransientConnectionException: Data source rejected establishment of connection,  message from server: "Too many connections"
	at com.mysql.cj.jdbc.exceptions.SQLError.createSQLException(SQLError.java:110)
	at com.mysql.cj.jdbc.exceptions.SQLExceptionsMapping.translateException(SQLExceptionsMapping.java:122)
	at com.mysql.cj.jdbc.ConnectionImpl.createNewIO(ConnectionImpl.java:828)
	at com.mysql.cj.jdbc.ConnectionImpl.<init>(ConnectionImpl.java:448)
	at com.mysql.cj.jdbc.ConnectionImpl.getInstance(ConnectionImpl.java:241)
	at com.mysql.cj.jdbc.NonRegisteringDriver.connect(NonRegisteringDriver.java:198)
	at com.mchange.v2.c3p0.DriverManagerDataSource.getConnection(DriverManagerDataSource.java:175)
	at com.mchange.v2.c3p0.WrapperConnectionPoolDataSource.getPooledConnection(WrapperConnectionPoolDataSource.java:220)
	at com.mchange.v2.c3p0.WrapperConnectionPoolDataSource.getPooledConnection(WrapperConnectionPoolDataSource.java:206)
	at com.mchange.v2.c3p0.impl.C3P0PooledConnectionPool$1PooledConnectionResourcePoolManager.acquireResource(C3P0PooledConnectionPool.java:203)
	at com.mchange.v2.resourcepool.BasicResourcePool.doAcquire(BasicResourcePool.java:1176)
	at com.mchange.v2.resourcepool.BasicResourcePool.doAcquireAndDecrementPendingAcquiresWithinLockOnSuccess(BasicResourcePool.java:1163)
	at com.mchange.v2.resourcepool.BasicResourcePool.access$700(BasicResourcePool.java:44)
	at com.mchange.v2.resourcepool.BasicResourcePool$ScatteredAcquireTask.run(BasicResourcePool.java:1908)
	at com.mchange.v2.async.ThreadPoolAsynchronousRunner$PoolThread.run(ThreadPoolAsynchronousRunner.java:696)

6月 26, 2023 12:18:15 上午 com.mchange.v2.resourcepool.BasicResourcePool 
警告: Having failed to acquire a resource, com.mchange.v2.resourcepool.BasicResourcePool@1d9bd4da is interrupting all Threads waiting on a resource to check out. Will try again in response to new client requests.
6月 26, 2023 12:18:15 上午 com.mchange.v2.resourcepool.BasicResourcePool 
警告: Having failed to acquire a resource, com.mchange.v2.resourcepool.BasicResourcePool@1d9bd4da is interrupting all Threads waiting on a resource to check out. Will try again in response to new client requests.
6月 26, 2023 12:18:15 上午 com.mchange.v2.resourcepool.BasicResourcePool 
警告: Having failed to acquire a resource, com.mchange.v2.resourcepool.BasicResourcePool@1d9bd4da is interrupting all Threads waiting on a resource to check out. Will try again in response to new client requests.
6月 26, 2023 12:18:15 上午 com.mchange.v2.resourcepool.BasicResourcePool 
警告: com.mchange.v2.resourcepool.BasicResourcePool$ScatteredAcquireTask@1080dec3 -- Acquisition Attempt Failed!!! Clearing pending acquires. While trying to acquire a needed new resource, we failed to succeed more than the maximum number of allowed acquisition attempts (2). Last acquisition attempt exception: 
java.sql.SQLNonTransientConnectionException: Data source rejected establishment of connection,  message from server: "Too many connections"
	at com.mysql.cj.jdbc.exceptions.SQLError.createSQLException(SQLError.java:110)
	at com.mysql.cj.jdbc.exceptions.SQLExceptionsMapping.translateException(SQLExceptionsMapping.java:122)
	at com.mysql.cj.jdbc.ConnectionImpl.createNewIO(ConnectionImpl.java:828)
	at com.mysql.cj.jdbc.ConnectionImpl.<init>(ConnectionImpl.java:448)
	at com.mysql.cj.jdbc.ConnectionImpl.getInstance(ConnectionImpl.java:241)
	at com.mysql.cj.jdbc.NonRegisteringDriver.connect(NonRegisteringDriver.java:198)
	at com.mchange.v2.c3p0.DriverManagerDataSource.getConnection(DriverManagerDataSource.java:175)
	at com.mchange.v2.c3p0.WrapperConnectionPoolDataSource.getPooledConnection(WrapperConnectionPoolDataSource.java:220)
	at com.mchange.v2.c3p0.WrapperConnectionPoolDataSource.getPooledConnection(WrapperConnectionPoolDataSource.java:206)
	at com.mchange.v2.c3p0.impl.C3P0PooledConnectionPool$1PooledConnectionResourcePoolManager.acquireResource(C3P0PooledConnectionPool.java:203)
	at com.mchange.v2.resourcepool.BasicResourcePool.doAcquire(BasicResourcePool.java:1176)
	at com.mchange.v2.resourcepool.BasicResourcePool.doAcquireAndDecrementPendingAcquiresWithinLockOnSuccess(BasicResourcePool.java:1163)
	at com.mchange.v2.resourcepool.BasicResourcePool.access$700(BasicResourcePool.java:44)
	at com.mchange.v2.resourcepool.BasicResourcePool$ScatteredAcquireTask.run(BasicResourcePool.java:1908)
	at com.mchange.v2.async.ThreadPoolAsynchronousRunner$PoolThread.run(ThreadPoolAsynchronousRunner.java:696)

6月 26, 2023 12:18:15 上午 com.mchange.v2.resourcepool.BasicResourcePool 
警告: Having failed to acquire a resource, com.mchange.v2.resourcepool.BasicResourcePool@1d9bd4da is interrupting all Threads waiting on a resource to check out. Will try again in response to new client requests.
6月 26, 2023 12:18:15 上午 com.mchange.v2.c3p0.impl.AbstractPoolBackedDataSource 
信息: Initializing c3p0 pool... com.mchange.v2.c3p0.ComboPooledDataSource [ acquireIncrement -> 3, acquireRetryAttempts -> 2, acquireRetryDelay -> 1000, autoCommitOnClose -> false, automaticTestTable -> null, breakAfterAcquireFailure -> false, checkoutTimeout -> 10000, connectionCustomizerClassName -> null, connectionTesterClassName -> com.mchange.v2.c3p0.impl.DefaultConnectionTester, contextClassLoaderSource -> caller, dataSourceName -> 1br4pa9aw1viqmzl1u0e1h9|984169e, debugUnreturnedConnectionStackTraces -> false, description -> null, driverClass -> com.mysql.cj.jdbc.Driver, extensions -> {}, factoryClassLocation -> null, forceIgnoreUnresolvedTransactions -> false, forceSynchronousCheckins -> false, forceUseNamedDriverClass -> false, identityToken -> 1br4pa9aw1viqmzl1u0e1h9|984169e, idleConnectionTestPeriod -> 0, initialPoolSize -> 3, jdbcUrl -> jdbc:mysql://localhost:3306/school?serverTimezone=Asia/Shanghai&useSSL=true&useUnicode=true&characterEncoding=UTF-8&allowMultiQueries=true, maxAdministrativeTaskTime -> 0, maxConnectionAge -> 0, maxIdleTime -> 0, maxIdleTimeExcessConnections -> 0, maxPoolSize -> 30, maxStatements -> 0, maxStatementsPerConnection -> 0, minPoolSize -> 10, numHelperThreads -> 3, preferredTestQuery -> null, privilegeSpawnedThreads -> false, properties -> {password=******, user=******}, propertyCycle -> 0, statementCacheNumDeferredCloseThreads -> 0, testConnectionOnCheckin -> false, testConnectionOnCheckout -> false, unreturnedConnectionTimeout -> 0, userOverrides -> {}, usesTraditionalReflectiveProxies -> false ]
6月 26, 2023 12:18:15 上午 com.mchange.v2.resourcepool.BasicResourcePool 
警告: Bad pool size config, start 3 < min 10. Using 10 as start.
6月 26, 2023 12:18:17 上午 com.mchange.v2.resourcepool.BasicResourcePool 
警告: com.mchange.v2.resourcepool.BasicResourcePool$ScatteredAcquireTask@4cf0cabc -- Acquisition Attempt Failed!!! Clearing pending acquires. While trying to acquire a needed new resource, we failed to succeed more than the maximum number of allowed acquisition attempts (2). Last acquisition attempt exception: 
java.sql.SQLNonTransientConnectionException: Data source rejected establishment of connection,  message from server: "Too many connections"
	at com.mysql.cj.jdbc.exceptions.SQLError.createSQLException(SQLError.java:110)
	at com.mysql.cj.jdbc.exceptions.SQLExceptionsMapping.translateException(SQLExceptionsMapping.java:122)
	at com.mysql.cj.jdbc.ConnectionImpl.createNewIO(ConnectionImpl.java:828)
	at com.mysql.cj.jdbc.ConnectionImpl.<init>(ConnectionImpl.java:448)
	at com.mysql.cj.jdbc.ConnectionImpl.getInstance(ConnectionImpl.java:241)
	at com.mysql.cj.jdbc.NonRegisteringDriver.connect(NonRegisteringDriver.java:198)
	at com.mchange.v2.c3p0.DriverManagerDataSource.getConnection(DriverManagerDataSource.java:175)
	at com.mchange.v2.c3p0.WrapperConnectionPoolDataSource.getPooledConnection(WrapperConnectionPoolDataSource.java:220)
	at com.mchange.v2.c3p0.WrapperConnectionPoolDataSource.getPooledConnection(WrapperConnectionPoolDataSource.java:206)
	at com.mchange.v2.c3p0.impl.C3P0PooledConnectionPool$1PooledConnectionResourcePoolManager.acquireResource(C3P0PooledConnectionPool.java:203)
	at com.mchange.v2.resourcepool.BasicResourcePool.doAcquire(BasicResourcePool.java:1176)
	at com.mchange.v2.resourcepool.BasicResourcePool.doAcquireAndDecrementPendingAcquiresWithinLockOnSuccess(BasicResourcePool.java:1163)
	at com.mchange.v2.resourcepool.BasicResourcePool.access$700(BasicResourcePool.java:44)
	at com.mchange.v2.resourcepool.BasicResourcePool$ScatteredAcquireTask.run(BasicResourcePool.java:1908)
	at com.mchange.v2.async.ThreadPoolAsynchronousRunner$PoolThread.run(ThreadPoolAsynchronousRunner.java:696)

6月 26, 2023 12:18:17 上午 com.mchange.v2.resourcepool.BasicResourcePool 
警告: Having failed to acquire a resource, com.mchange.v2.resourcepool.BasicResourcePool@671c4166 is interrupting all Threads waiting on a resource to check out. Will try again in response to new client requests.
]]></system-err>
  </testcase>
  <testcase name="test3" classname="MyTest" time="2.159">
    <error message="nested exception is org.apache.ibatis.exceptions.PersistenceException: &#10;### Error updating database.  Cause: org.springframework.jdbc.CannotGetJdbcConnectionException: Failed to obtain JDBC Connection; nested exception is java.sql.SQLException: Connections could not be acquired from the underlying database!&#10;### The error may exist in com/ecut/dao/TeacherMapper.xml&#10;### The error may involve com.ecut.dao.TeacherMapper.deleteTeacher&#10;### The error occurred while executing an update&#10;### Cause: org.springframework.jdbc.CannotGetJdbcConnectionException: Failed to obtain JDBC Connection; nested exception is java.sql.SQLException: Connections could not be acquired from the underlying database!" type="org.mybatis.spring.MyBatisSystemException"><![CDATA[org.mybatis.spring.MyBatisSystemException: 
nested exception is org.apache.ibatis.exceptions.PersistenceException: 
### Error updating database.  Cause: org.springframework.jdbc.CannotGetJdbcConnectionException: Failed to obtain JDBC Connection; nested exception is java.sql.SQLException: Connections could not be acquired from the underlying database!
### The error may exist in com/ecut/dao/TeacherMapper.xml
### The error may involve com.ecut.dao.TeacherMapper.deleteTeacher
### The error occurred while executing an update
### Cause: org.springframework.jdbc.CannotGetJdbcConnectionException: Failed to obtain JDBC Connection; nested exception is java.sql.SQLException: Connections could not be acquired from the underlying database!
	at org.mybatis.spring.MyBatisExceptionTranslator.translateExceptionIfPossible(MyBatisExceptionTranslator.java:78)
	at org.mybatis.spring.SqlSessionTemplate$SqlSessionInterceptor.invoke(SqlSessionTemplate.java:440)
	at com.sun.proxy.$Proxy19.delete(Unknown Source)
	at org.mybatis.spring.SqlSessionTemplate.delete(SqlSessionTemplate.java:303)
	at org.apache.ibatis.binding.MapperMethod.execute(MapperMethod.java:72)
	at org.apache.ibatis.binding.MapperProxy$PlainMethodInvoker.invoke(MapperProxy.java:152)
	at org.apache.ibatis.binding.MapperProxy.invoke(MapperProxy.java:85)
	at com.sun.proxy.$Proxy35.deleteTeacher(Unknown Source)
	at com.ecut.service.impl.TeacherServiceImpl.deleteTeacher(TeacherServiceImpl.java:62)
	at MyTest.test3(MyTest.java:42)
	at java.base/jdk.internal.reflect.NativeMethodAccessorImpl.invoke0(Native Method)
	at java.base/jdk.internal.reflect.NativeMethodAccessorImpl.invoke(NativeMethodAccessorImpl.java:62)
	at java.base/jdk.internal.reflect.DelegatingMethodAccessorImpl.invoke(DelegatingMethodAccessorImpl.java:43)
	at java.base/java.lang.reflect.Method.invoke(Method.java:566)
	at org.junit.runners.model.FrameworkMethod$1.runReflectiveCall(FrameworkMethod.java:50)
	at org.junit.internal.runners.model.ReflectiveCallable.run(ReflectiveCallable.java:12)
	at org.junit.runners.model.FrameworkMethod.invokeExplosively(FrameworkMethod.java:47)
	at org.junit.internal.runners.statements.InvokeMethod.evaluate(InvokeMethod.java:17)
	at org.junit.runners.ParentRunner.runLeaf(ParentRunner.java:325)
	at org.junit.runners.BlockJUnit4ClassRunner.runChild(BlockJUnit4ClassRunner.java:78)
	at org.junit.runners.BlockJUnit4ClassRunner.runChild(BlockJUnit4ClassRunner.java:57)
	at org.junit.runners.ParentRunner$3.run(ParentRunner.java:290)
	at org.junit.runners.ParentRunner$1.schedule(ParentRunner.java:71)
	at org.junit.runners.ParentRunner.runChildren(ParentRunner.java:288)
	at org.junit.runners.ParentRunner.access$000(ParentRunner.java:58)
	at org.junit.runners.ParentRunner$2.evaluate(ParentRunner.java:268)
	at org.junit.runners.ParentRunner.run(ParentRunner.java:363)
	at org.apache.maven.surefire.junit4.JUnit4Provider.execute(JUnit4Provider.java:316)
	at org.apache.maven.surefire.junit4.JUnit4Provider.executeWithRerun(JUnit4Provider.java:240)
	at org.apache.maven.surefire.junit4.JUnit4Provider.executeTestSet(JUnit4Provider.java:214)
	at org.apache.maven.surefire.junit4.JUnit4Provider.invoke(JUnit4Provider.java:155)
	at org.apache.maven.surefire.booter.ForkedBooter.runSuitesInProcess(ForkedBooter.java:385)
	at org.apache.maven.surefire.booter.ForkedBooter.execute(ForkedBooter.java:162)
	at org.apache.maven.surefire.booter.ForkedBooter.run(ForkedBooter.java:507)
	at org.apache.maven.surefire.booter.ForkedBooter.main(ForkedBooter.java:495)
Caused by: org.apache.ibatis.exceptions.PersistenceException: 
### Error updating database.  Cause: org.springframework.jdbc.CannotGetJdbcConnectionException: Failed to obtain JDBC Connection; nested exception is java.sql.SQLException: Connections could not be acquired from the underlying database!
### The error may exist in com/ecut/dao/TeacherMapper.xml
### The error may involve com.ecut.dao.TeacherMapper.deleteTeacher
### The error occurred while executing an update
### Cause: org.springframework.jdbc.CannotGetJdbcConnectionException: Failed to obtain JDBC Connection; nested exception is java.sql.SQLException: Connections could not be acquired from the underlying database!
	at org.apache.ibatis.exceptions.ExceptionFactory.wrapException(ExceptionFactory.java:30)
	at org.apache.ibatis.session.defaults.DefaultSqlSession.update(DefaultSqlSession.java:199)
	at org.apache.ibatis.session.defaults.DefaultSqlSession.delete(DefaultSqlSession.java:212)
	at java.base/jdk.internal.reflect.NativeMethodAccessorImpl.invoke0(Native Method)
	at java.base/jdk.internal.reflect.NativeMethodAccessorImpl.invoke(NativeMethodAccessorImpl.java:62)
	at java.base/jdk.internal.reflect.DelegatingMethodAccessorImpl.invoke(DelegatingMethodAccessorImpl.java:43)
	at java.base/java.lang.reflect.Method.invoke(Method.java:566)
	at org.mybatis.spring.SqlSessionTemplate$SqlSessionInterceptor.invoke(SqlSessionTemplate.java:426)
	... 33 more
Caused by: org.springframework.jdbc.CannotGetJdbcConnectionException: Failed to obtain JDBC Connection; nested exception is java.sql.SQLException: Connections could not be acquired from the underlying database!
	at org.springframework.jdbc.datasource.DataSourceUtils.getConnection(DataSourceUtils.java:82)
	at org.mybatis.spring.transaction.SpringManagedTransaction.openConnection(SpringManagedTransaction.java:80)
	at org.mybatis.spring.transaction.SpringManagedTransaction.getConnection(SpringManagedTransaction.java:67)
	at org.apache.ibatis.executor.BaseExecutor.getConnection(BaseExecutor.java:337)
	at org.apache.ibatis.executor.SimpleExecutor.prepareStatement(SimpleExecutor.java:86)
	at org.apache.ibatis.executor.SimpleExecutor.doUpdate(SimpleExecutor.java:49)
	at org.apache.ibatis.executor.BaseExecutor.update(BaseExecutor.java:117)
	at org.apache.ibatis.executor.CachingExecutor.update(CachingExecutor.java:76)
	at org.apache.ibatis.session.defaults.DefaultSqlSession.update(DefaultSqlSession.java:197)
	... 39 more
Caused by: java.sql.SQLException: Connections could not be acquired from the underlying database!
	at com.mchange.v2.sql.SqlUtils.toSQLException(SqlUtils.java:118)
	at com.mchange.v2.c3p0.impl.C3P0PooledConnectionPool.checkoutPooledConnection(C3P0PooledConnectionPool.java:692)
	at com.mchange.v2.c3p0.impl.AbstractPoolBackedDataSource.getConnection(AbstractPoolBackedDataSource.java:140)
	at org.springframework.jdbc.datasource.DataSourceUtils.fetchConnection(DataSourceUtils.java:158)
	at org.springframework.jdbc.datasource.DataSourceUtils.doGetConnection(DataSourceUtils.java:116)
	at org.springframework.jdbc.datasource.DataSourceUtils.getConnection(DataSourceUtils.java:79)
	... 47 more
Caused by: com.mchange.v2.resourcepool.CannotAcquireResourceException: A ResourcePool could not acquire a resource from its primary factory or source.
	at com.mchange.v2.resourcepool.BasicResourcePool.awaitAvailable(BasicResourcePool.java:1507)
	at com.mchange.v2.resourcepool.BasicResourcePool.prelimCheckoutResource(BasicResourcePool.java:644)
	at com.mchange.v2.resourcepool.BasicResourcePool.checkoutResource(BasicResourcePool.java:554)
	at com.mchange.v2.c3p0.impl.C3P0PooledConnectionPool.checkoutAndMarkConnectionInUse(C3P0PooledConnectionPool.java:758)
	at com.mchange.v2.c3p0.impl.C3P0PooledConnectionPool.checkoutPooledConnection(C3P0PooledConnectionPool.java:685)
	... 51 more
Caused by: java.sql.SQLNonTransientConnectionException: Data source rejected establishment of connection,  message from server: "Too many connections"
	at com.mysql.cj.jdbc.exceptions.SQLError.createSQLException(SQLError.java:110)
	at com.mysql.cj.jdbc.exceptions.SQLExceptionsMapping.translateException(SQLExceptionsMapping.java:122)
	at com.mysql.cj.jdbc.ConnectionImpl.createNewIO(ConnectionImpl.java:828)
	at com.mysql.cj.jdbc.ConnectionImpl.<init>(ConnectionImpl.java:448)
	at com.mysql.cj.jdbc.ConnectionImpl.getInstance(ConnectionImpl.java:241)
	at com.mysql.cj.jdbc.NonRegisteringDriver.connect(NonRegisteringDriver.java:198)
	at com.mchange.v2.c3p0.DriverManagerDataSource.getConnection(DriverManagerDataSource.java:175)
	at com.mchange.v2.c3p0.WrapperConnectionPoolDataSource.getPooledConnection(WrapperConnectionPoolDataSource.java:220)
	at com.mchange.v2.c3p0.WrapperConnectionPoolDataSource.getPooledConnection(WrapperConnectionPoolDataSource.java:206)
	at com.mchange.v2.c3p0.impl.C3P0PooledConnectionPool$1PooledConnectionResourcePoolManager.acquireResource(C3P0PooledConnectionPool.java:203)
	at com.mchange.v2.resourcepool.BasicResourcePool.doAcquire(BasicResourcePool.java:1176)
	at com.mchange.v2.resourcepool.BasicResourcePool.doAcquireAndDecrementPendingAcquiresWithinLockOnSuccess(BasicResourcePool.java:1163)
	at com.mchange.v2.resourcepool.BasicResourcePool.access$700(BasicResourcePool.java:44)
	at com.mchange.v2.resourcepool.BasicResourcePool$ScatteredAcquireTask.run(BasicResourcePool.java:1908)
	at com.mchange.v2.async.ThreadPoolAsynchronousRunner$PoolThread.run(ThreadPoolAsynchronousRunner.java:696)
]]></error>
    <system-out><![CDATA[Logging initialized using 'class org.apache.ibatis.logging.stdout.StdOutImpl' adapter.
Find JAR URL: file:/D:/cg107/Desktop/school/target/classes/com/ecut/pojo
Not a JAR: file:/D:/cg107/Desktop/school/target/classes/com/ecut/pojo
Reader entry: Admin.class
Reader entry: Classes.class
Reader entry: ClassesSmall.class
Reader entry: Course.class
Reader entry: CourseScore.class
Reader entry: CourseSmall.class
Reader entry: Jobs.class
Reader entry: Lecture.class
Reader entry: Lost.class
Reader entry: Page.class
Reader entry: Score.class
Reader entry: SheTuan.class
Reader entry: SheTuanActivity.class
Reader entry: Student.class
Reader entry: StudentLogin.class
Reader entry: StudentSmall.class
Reader entry: Tcourse.class
Reader entry: Teacher.class
Reader entry: TeacherLogin.class
Reader entry: TeacherSmall.class
Listing file:/D:/cg107/Desktop/school/target/classes/com/ecut/pojo
Find JAR URL: file:/D:/cg107/Desktop/school/target/classes/com/ecut/pojo/Admin.class
Not a JAR: file:/D:/cg107/Desktop/school/target/classes/com/ecut/pojo/Admin.class
Reader entry: 漱壕&amp#0;&amp#0;&amp#0;4&amp#0;V	&amp#0;&amp#4;&amp#0;A	&amp#0;&amp#4;&amp#0;B	&amp#0;&amp#4;&amp#0;C&amp#7;&amp#0;D
Find JAR URL: file:/D:/cg107/Desktop/school/target/classes/com/ecut/pojo/Classes.class
Not a JAR: file:/D:/cg107/Desktop/school/target/classes/com/ecut/pojo/Classes.class
Reader entry: 漱壕&amp#0;&amp#0;&amp#0;4&amp#0;z	&amp#0;&amp#6;&amp#0;]	&amp#0;&amp#6;&amp#0;^	&amp#0;&amp#6;&amp#0;_	&amp#0;&amp#6;&amp#0;`	&amp#0;&amp#6;&amp#0;a&amp#7;&amp#0;b
Find JAR URL: file:/D:/cg107/Desktop/school/target/classes/com/ecut/pojo/ClassesSmall.class
Not a JAR: file:/D:/cg107/Desktop/school/target/classes/com/ecut/pojo/ClassesSmall.class
Reader entry: 漱壕&amp#0;&amp#0;&amp#0;4&amp#0;J	&amp#0;&amp#3;&amp#0;8	&amp#0;&amp#3;&amp#0;9&amp#7;&amp#0;:
Find JAR URL: file:/D:/cg107/Desktop/school/target/classes/com/ecut/pojo/Course.class
Not a JAR: file:/D:/cg107/Desktop/school/target/classes/com/ecut/pojo/Course.class
Reader entry: 漱壕&amp#0;&amp#0;&amp#0;4&amp#0;�	&amp#0;	&amp#0;}	&amp#0;	&amp#0;~	&amp#0;	&amp#0;	&amp#0;	&amp#0;�	&amp#0;	&amp#0;�	&amp#0;	&amp#0;�	&amp#0;	&amp#0;�	&amp#0;	&amp#0;�&amp#7;&amp#0;�
Find JAR URL: file:/D:/cg107/Desktop/school/target/classes/com/ecut/pojo/CourseScore.class
Not a JAR: file:/D:/cg107/Desktop/school/target/classes/com/ecut/pojo/CourseScore.class
Reader entry: 漱壕&amp#0;&amp#0;&amp#0;4&amp#0;t	&amp#0;&amp#6;&amp#0;W	&amp#0;&amp#6;&amp#0;X	&amp#0;&amp#6;&amp#0;Y	&amp#0;&amp#6;&amp#0;Z	&amp#0;&amp#6;&amp#0;[&amp#7;&amp#0;\
Find JAR URL: file:/D:/cg107/Desktop/school/target/classes/com/ecut/pojo/CourseSmall.class
Not a JAR: file:/D:/cg107/Desktop/school/target/classes/com/ecut/pojo/CourseSmall.class
Reader entry: 漱壕&amp#0;&amp#0;&amp#0;4&amp#0;J	&amp#0;&amp#3;&amp#0;8	&amp#0;&amp#3;&amp#0;9&amp#7;&amp#0;:
Find JAR URL: file:/D:/cg107/Desktop/school/target/classes/com/ecut/pojo/Jobs.class
Not a JAR: file:/D:/cg107/Desktop/school/target/classes/com/ecut/pojo/Jobs.class
Reader entry: 漱壕&amp#0;&amp#0;&amp#0;4&amp#0;�	&amp#0;&amp#7;&amp#0;`	&amp#0;&amp#7;&amp#0;a	&amp#0;&amp#7;&amp#0;b	&amp#0;&amp#7;&amp#0;c	&amp#0;&amp#7;&amp#0;d	&amp#0;&amp#7;&amp#0;e&amp#7;&amp#0;f
Find JAR URL: file:/D:/cg107/Desktop/school/target/classes/com/ecut/pojo/Lecture.class
Not a JAR: file:/D:/cg107/Desktop/school/target/classes/com/ecut/pojo/Lecture.class
Reader entry: 漱壕&amp#0;&amp#0;&amp#0;4&amp#0;�	&amp#0;&amp#7;&amp#0;c	&amp#0;&amp#7;&amp#0;d	&amp#0;&amp#7;&amp#0;e	&amp#0;&amp#7;&amp#0;f	&amp#0;&amp#7;&amp#0;g	&amp#0;&amp#7;&amp#0;h&amp#7;&amp#0;i
Find JAR URL: file:/D:/cg107/Desktop/school/target/classes/com/ecut/pojo/Lost.class
Not a JAR: file:/D:/cg107/Desktop/school/target/classes/com/ecut/pojo/Lost.class
Reader entry: 漱壕&amp#0;&amp#0;&amp#0;4&amp#0;&amp#26;
Find JAR URL: file:/D:/cg107/Desktop/school/target/classes/com/ecut/pojo/Page.class
Not a JAR: file:/D:/cg107/Desktop/school/target/classes/com/ecut/pojo/Page.class
Reader entry: 漱壕&amp#0;&amp#0;&amp#0;4&amp#0;<
Find JAR URL: file:/D:/cg107/Desktop/school/target/classes/com/ecut/pojo/Score.class
Not a JAR: file:/D:/cg107/Desktop/school/target/classes/com/ecut/pojo/Score.class
Reader entry: 漱壕&amp#0;&amp#0;&amp#0;4&amp#0;\	&amp#0;&amp#4;&amp#0;E	&amp#0;&amp#4;&amp#0;F	&amp#0;&amp#4;&amp#0;G&amp#7;&amp#0;H
Find JAR URL: file:/D:/cg107/Desktop/school/target/classes/com/ecut/pojo/SheTuan.class
Not a JAR: file:/D:/cg107/Desktop/school/target/classes/com/ecut/pojo/SheTuan.class
Reader entry: 漱壕&amp#0;&amp#0;&amp#0;4&amp#0;e	&amp#0;&amp#4;&amp#0;N	&amp#0;&amp#4;&amp#0;O	&amp#0;&amp#4;&amp#0;P&amp#7;&amp#0;Q
Find JAR URL: file:/D:/cg107/Desktop/school/target/classes/com/ecut/pojo/SheTuanActivity.class
Not a JAR: file:/D:/cg107/Desktop/school/target/classes/com/ecut/pojo/SheTuanActivity.class
Reader entry: 漱壕&amp#0;&amp#0;&amp#0;4&amp#0;�	&amp#0;&amp#7;&amp#0;c	&amp#0;&amp#7;&amp#0;d	&amp#0;&amp#7;&amp#0;e	&amp#0;&amp#7;&amp#0;f	&amp#0;&amp#7;&amp#0;g	&amp#0;&amp#7;&amp#0;h&amp#7;&amp#0;i
Find JAR URL: file:/D:/cg107/Desktop/school/target/classes/com/ecut/pojo/Student.class
Not a JAR: file:/D:/cg107/Desktop/school/target/classes/com/ecut/pojo/Student.class
Reader entry: 漱壕&amp#0;&amp#0;&amp#0;4&amp#0;�	&amp#0;&amp#11;&amp#0;�	&amp#0;&amp#11;&amp#0;�	&amp#0;&amp#11;&amp#0;�	&amp#0;&amp#11;&amp#0;�	&amp#0;&amp#11;&amp#0;�	&amp#0;&amp#11;&amp#0;�	&amp#0;&amp#11;&amp#0;�	&amp#0;&amp#11;&amp#0;�	&amp#0;&amp#11;&amp#0;�	&amp#0;&amp#11;&amp#0;�&amp#7;&amp#0;�
Find JAR URL: file:/D:/cg107/Desktop/school/target/classes/com/ecut/pojo/StudentLogin.class
Not a JAR: file:/D:/cg107/Desktop/school/target/classes/com/ecut/pojo/StudentLogin.class
Reader entry: 漱壕&amp#0;&amp#0;&amp#0;4&amp#0;J	&amp#0;&amp#3;&amp#0;8	&amp#0;&amp#3;&amp#0;9&amp#7;&amp#0;:
Find JAR URL: file:/D:/cg107/Desktop/school/target/classes/com/ecut/pojo/StudentSmall.class
Not a JAR: file:/D:/cg107/Desktop/school/target/classes/com/ecut/pojo/StudentSmall.class
Reader entry: 漱壕&amp#0;&amp#0;&amp#0;4&amp#0;J	&amp#0;&amp#3;&amp#0;8	&amp#0;&amp#3;&amp#0;9&amp#7;&amp#0;:
Find JAR URL: file:/D:/cg107/Desktop/school/target/classes/com/ecut/pojo/Tcourse.class
Not a JAR: file:/D:/cg107/Desktop/school/target/classes/com/ecut/pojo/Tcourse.class
Reader entry: 漱壕&amp#0;&amp#0;&amp#0;4&amp#0;J	&amp#0;&amp#3;&amp#0;8	&amp#0;&amp#3;&amp#0;9&amp#7;&amp#0;:
Find JAR URL: file:/D:/cg107/Desktop/school/target/classes/com/ecut/pojo/Teacher.class
Not a JAR: file:/D:/cg107/Desktop/school/target/classes/com/ecut/pojo/Teacher.class
Reader entry: 漱壕&amp#0;&amp#0;&amp#0;4&amp#0;�	&amp#0;	&amp#0;z	&amp#0;	&amp#0;{	&amp#0;	&amp#0;|	&amp#0;	&amp#0;}	&amp#0;	&amp#0;~	&amp#0;	&amp#0;	&amp#0;	&amp#0;�	&amp#0;	&amp#0;�&amp#7;&amp#0;�
Find JAR URL: file:/D:/cg107/Desktop/school/target/classes/com/ecut/pojo/TeacherLogin.class
Not a JAR: file:/D:/cg107/Desktop/school/target/classes/com/ecut/pojo/TeacherLogin.class
Reader entry: 漱壕&amp#0;&amp#0;&amp#0;4&amp#0;J	&amp#0;&amp#3;&amp#0;8	&amp#0;&amp#3;&amp#0;9&amp#7;&amp#0;:
Find JAR URL: file:/D:/cg107/Desktop/school/target/classes/com/ecut/pojo/TeacherSmall.class
Not a JAR: file:/D:/cg107/Desktop/school/target/classes/com/ecut/pojo/TeacherSmall.class
Reader entry: 漱壕&amp#0;&amp#0;&amp#0;4&amp#0;J	&amp#0;&amp#3;&amp#0;8	&amp#0;&amp#3;&amp#0;9&amp#7;&amp#0;:
Checking to see if class com.ecut.pojo.Admin matches criteria [is assignable to Object]
Checking to see if class com.ecut.pojo.Classes matches criteria [is assignable to Object]
Checking to see if class com.ecut.pojo.ClassesSmall matches criteria [is assignable to Object]
Checking to see if class com.ecut.pojo.Course matches criteria [is assignable to Object]
Checking to see if class com.ecut.pojo.CourseScore matches criteria [is assignable to Object]
Checking to see if class com.ecut.pojo.CourseSmall matches criteria [is assignable to Object]
Checking to see if class com.ecut.pojo.Jobs matches criteria [is assignable to Object]
Checking to see if class com.ecut.pojo.Lecture matches criteria [is assignable to Object]
Checking to see if class com.ecut.pojo.Lost matches criteria [is assignable to Object]
Checking to see if class com.ecut.pojo.Page matches criteria [is assignable to Object]
Checking to see if class com.ecut.pojo.Score matches criteria [is assignable to Object]
Checking to see if class com.ecut.pojo.SheTuan matches criteria [is assignable to Object]
Checking to see if class com.ecut.pojo.SheTuanActivity matches criteria [is assignable to Object]
Checking to see if class com.ecut.pojo.Student matches criteria [is assignable to Object]
Checking to see if class com.ecut.pojo.StudentLogin matches criteria [is assignable to Object]
Checking to see if class com.ecut.pojo.StudentSmall matches criteria [is assignable to Object]
Checking to see if class com.ecut.pojo.Tcourse matches criteria [is assignable to Object]
Checking to see if class com.ecut.pojo.Teacher matches criteria [is assignable to Object]
Checking to see if class com.ecut.pojo.TeacherLogin matches criteria [is assignable to Object]
Checking to see if class com.ecut.pojo.TeacherSmall matches criteria [is assignable to Object]
Creating a new SqlSession
SqlSession [org.apache.ibatis.session.defaults.DefaultSqlSession@4288d98e] was not registered for synchronization because synchronization is not active
Closing non transactional SqlSession [org.apache.ibatis.session.defaults.DefaultSqlSession@4288d98e]
]]></system-out>
    <system-err><![CDATA[6月 26, 2023 12:18:17 上午 com.mchange.v2.resourcepool.BasicResourcePool 
警告: com.mchange.v2.resourcepool.BasicResourcePool$ScatteredAcquireTask@7e010a52 -- Acquisition Attempt Failed!!! Clearing pending acquires. While trying to acquire a needed new resource, we failed to succeed more than the maximum number of allowed acquisition attempts (2). Last acquisition attempt exception: 
java.sql.SQLNonTransientConnectionException: Data source rejected establishment of connection,  message from server: "Too many connections"
	at com.mysql.cj.jdbc.exceptions.SQLError.createSQLException(SQLError.java:110)
	at com.mysql.cj.jdbc.exceptions.SQLExceptionsMapping.translateException(SQLExceptionsMapping.java:122)
	at com.mysql.cj.jdbc.ConnectionImpl.createNewIO(ConnectionImpl.java:828)
	at com.mysql.cj.jdbc.ConnectionImpl.<init>(ConnectionImpl.java:448)
	at com.mysql.cj.jdbc.ConnectionImpl.getInstance(ConnectionImpl.java:241)
	at com.mysql.cj.jdbc.NonRegisteringDriver.connect(NonRegisteringDriver.java:198)
	at com.mchange.v2.c3p0.DriverManagerDataSource.getConnection(DriverManagerDataSource.java:175)
	at com.mchange.v2.c3p0.WrapperConnectionPoolDataSource.getPooledConnection(WrapperConnectionPoolDataSource.java:220)
	at com.mchange.v2.c3p0.WrapperConnectionPoolDataSource.getPooledConnection(WrapperConnectionPoolDataSource.java:206)
	at com.mchange.v2.c3p0.impl.C3P0PooledConnectionPool$1PooledConnectionResourcePoolManager.acquireResource(C3P0PooledConnectionPool.java:203)
	at com.mchange.v2.resourcepool.BasicResourcePool.doAcquire(BasicResourcePool.java:1176)
	at com.mchange.v2.resourcepool.BasicResourcePool.doAcquireAndDecrementPendingAcquiresWithinLockOnSuccess(BasicResourcePool.java:1163)
	at com.mchange.v2.resourcepool.BasicResourcePool.access$700(BasicResourcePool.java:44)
	at com.mchange.v2.resourcepool.BasicResourcePool$ScatteredAcquireTask.run(BasicResourcePool.java:1908)
	at com.mchange.v2.async.ThreadPoolAsynchronousRunner$PoolThread.run(ThreadPoolAsynchronousRunner.java:696)

6月 26, 2023 12:18:17 上午 com.mchange.v2.resourcepool.BasicResourcePool 
警告: com.mchange.v2.resourcepool.BasicResourcePool$ScatteredAcquireTask@792b8eaa -- Acquisition Attempt Failed!!! Clearing pending acquires. While trying to acquire a needed new resource, we failed to succeed more than the maximum number of allowed acquisition attempts (2). Last acquisition attempt exception: 
java.sql.SQLNonTransientConnectionException: Data source rejected establishment of connection,  message from server: "Too many connections"
	at com.mysql.cj.jdbc.exceptions.SQLError.createSQLException(SQLError.java:110)
	at com.mysql.cj.jdbc.exceptions.SQLExceptionsMapping.translateException(SQLExceptionsMapping.java:122)
	at com.mysql.cj.jdbc.ConnectionImpl.createNewIO(ConnectionImpl.java:828)
	at com.mysql.cj.jdbc.ConnectionImpl.<init>(ConnectionImpl.java:448)
	at com.mysql.cj.jdbc.ConnectionImpl.getInstance(ConnectionImpl.java:241)
	at com.mysql.cj.jdbc.NonRegisteringDriver.connect(NonRegisteringDriver.java:198)
	at com.mchange.v2.c3p0.DriverManagerDataSource.getConnection(DriverManagerDataSource.java:175)
	at com.mchange.v2.c3p0.WrapperConnectionPoolDataSource.getPooledConnection(WrapperConnectionPoolDataSource.java:220)
	at com.mchange.v2.c3p0.WrapperConnectionPoolDataSource.getPooledConnection(WrapperConnectionPoolDataSource.java:206)
	at com.mchange.v2.c3p0.impl.C3P0PooledConnectionPool$1PooledConnectionResourcePoolManager.acquireResource(C3P0PooledConnectionPool.java:203)
	at com.mchange.v2.resourcepool.BasicResourcePool.doAcquire(BasicResourcePool.java:1176)
	at com.mchange.v2.resourcepool.BasicResourcePool.doAcquireAndDecrementPendingAcquiresWithinLockOnSuccess(BasicResourcePool.java:1163)
	at com.mchange.v2.resourcepool.BasicResourcePool.access$700(BasicResourcePool.java:44)
	at com.mchange.v2.resourcepool.BasicResourcePool$ScatteredAcquireTask.run(BasicResourcePool.java:1908)
	at com.mchange.v2.async.ThreadPoolAsynchronousRunner$PoolThread.run(ThreadPoolAsynchronousRunner.java:696)

6月 26, 2023 12:18:17 上午 com.mchange.v2.resourcepool.BasicResourcePool 
警告: com.mchange.v2.resourcepool.BasicResourcePool$ScatteredAcquireTask@4608a1cc -- Acquisition Attempt Failed!!! Clearing pending acquires. While trying to acquire a needed new resource, we failed to succeed more than the maximum number of allowed acquisition attempts (2). Last acquisition attempt exception: 
java.sql.SQLNonTransientConnectionException: Data source rejected establishment of connection,  message from server: "Too many connections"
	at com.mysql.cj.jdbc.exceptions.SQLError.createSQLException(SQLError.java:110)
	at com.mysql.cj.jdbc.exceptions.SQLExceptionsMapping.translateException(SQLExceptionsMapping.java:122)
	at com.mysql.cj.jdbc.ConnectionImpl.createNewIO(ConnectionImpl.java:828)
	at com.mysql.cj.jdbc.ConnectionImpl.<init>(ConnectionImpl.java:448)
	at com.mysql.cj.jdbc.ConnectionImpl.getInstance(ConnectionImpl.java:241)
	at com.mysql.cj.jdbc.NonRegisteringDriver.connect(NonRegisteringDriver.java:198)
	at com.mchange.v2.c3p0.DriverManagerDataSource.getConnection(DriverManagerDataSource.java:175)
	at com.mchange.v2.c3p0.WrapperConnectionPoolDataSource.getPooledConnection(WrapperConnectionPoolDataSource.java:220)
	at com.mchange.v2.c3p0.WrapperConnectionPoolDataSource.getPooledConnection(WrapperConnectionPoolDataSource.java:206)
	at com.mchange.v2.c3p0.impl.C3P0PooledConnectionPool$1PooledConnectionResourcePoolManager.acquireResource(C3P0PooledConnectionPool.java:203)
	at com.mchange.v2.resourcepool.BasicResourcePool.doAcquire(BasicResourcePool.java:1176)
	at com.mchange.v2.resourcepool.BasicResourcePool.doAcquireAndDecrementPendingAcquiresWithinLockOnSuccess(BasicResourcePool.java:1163)
	at com.mchange.v2.resourcepool.BasicResourcePool.access$700(BasicResourcePool.java:44)
	at com.mchange.v2.resourcepool.BasicResourcePool$ScatteredAcquireTask.run(BasicResourcePool.java:1908)
	at com.mchange.v2.async.ThreadPoolAsynchronousRunner$PoolThread.run(ThreadPoolAsynchronousRunner.java:696)

6月 26, 2023 12:18:17 上午 com.mchange.v2.resourcepool.BasicResourcePool 
警告: Having failed to acquire a resource, com.mchange.v2.resourcepool.BasicResourcePool@671c4166 is interrupting all Threads waiting on a resource to check out. Will try again in response to new client requests.
6月 26, 2023 12:18:17 上午 com.mchange.v2.resourcepool.BasicResourcePool 
警告: Having failed to acquire a resource, com.mchange.v2.resourcepool.BasicResourcePool@671c4166 is interrupting all Threads waiting on a resource to check out. Will try again in response to new client requests.
6月 26, 2023 12:18:17 上午 com.mchange.v2.resourcepool.BasicResourcePool 
警告: Having failed to acquire a resource, com.mchange.v2.resourcepool.BasicResourcePool@671c4166 is interrupting all Threads waiting on a resource to check out. Will try again in response to new client requests.
6月 26, 2023 12:18:17 上午 com.mchange.v2.resourcepool.BasicResourcePool 
警告: com.mchange.v2.resourcepool.BasicResourcePool$ScatteredAcquireTask@73d3e5da -- Acquisition Attempt Failed!!! Clearing pending acquires. While trying to acquire a needed new resource, we failed to succeed more than the maximum number of allowed acquisition attempts (2). Last acquisition attempt exception: 
java.sql.SQLNonTransientConnectionException: Data source rejected establishment of connection,  message from server: "Too many connections"
	at com.mysql.cj.jdbc.exceptions.SQLError.createSQLException(SQLError.java:110)
	at com.mysql.cj.jdbc.exceptions.SQLExceptionsMapping.translateException(SQLExceptionsMapping.java:122)
	at com.mysql.cj.jdbc.ConnectionImpl.createNewIO(ConnectionImpl.java:828)
	at com.mysql.cj.jdbc.ConnectionImpl.<init>(ConnectionImpl.java:448)
	at com.mysql.cj.jdbc.ConnectionImpl.getInstance(ConnectionImpl.java:241)
	at com.mysql.cj.jdbc.NonRegisteringDriver.connect(NonRegisteringDriver.java:198)
	at com.mchange.v2.c3p0.DriverManagerDataSource.getConnection(DriverManagerDataSource.java:175)
	at com.mchange.v2.c3p0.WrapperConnectionPoolDataSource.getPooledConnection(WrapperConnectionPoolDataSource.java:220)
	at com.mchange.v2.c3p0.WrapperConnectionPoolDataSource.getPooledConnection(WrapperConnectionPoolDataSource.java:206)
	at com.mchange.v2.c3p0.impl.C3P0PooledConnectionPool$1PooledConnectionResourcePoolManager.acquireResource(C3P0PooledConnectionPool.java:203)
	at com.mchange.v2.resourcepool.BasicResourcePool.doAcquire(BasicResourcePool.java:1176)
	at com.mchange.v2.resourcepool.BasicResourcePool.doAcquireAndDecrementPendingAcquiresWithinLockOnSuccess(BasicResourcePool.java:1163)
	at com.mchange.v2.resourcepool.BasicResourcePool.access$700(BasicResourcePool.java:44)
	at com.mchange.v2.resourcepool.BasicResourcePool$ScatteredAcquireTask.run(BasicResourcePool.java:1908)
	at com.mchange.v2.async.ThreadPoolAsynchronousRunner$PoolThread.run(ThreadPoolAsynchronousRunner.java:696)

6月 26, 2023 12:18:17 上午 com.mchange.v2.resourcepool.BasicResourcePool 
警告: com.mchange.v2.resourcepool.BasicResourcePool$ScatteredAcquireTask@74f96122 -- Acquisition Attempt Failed!!! Clearing pending acquires. While trying to acquire a needed new resource, we failed to succeed more than the maximum number of allowed acquisition attempts (2). Last acquisition attempt exception: 
java.sql.SQLNonTransientConnectionException: Data source rejected establishment of connection,  message from server: "Too many connections"
	at com.mysql.cj.jdbc.exceptions.SQLError.createSQLException(SQLError.java:110)
	at com.mysql.cj.jdbc.exceptions.SQLExceptionsMapping.translateException(SQLExceptionsMapping.java:122)
	at com.mysql.cj.jdbc.ConnectionImpl.createNewIO(ConnectionImpl.java:828)
	at com.mysql.cj.jdbc.ConnectionImpl.<init>(ConnectionImpl.java:448)
	at com.mysql.cj.jdbc.ConnectionImpl.getInstance(ConnectionImpl.java:241)
	at com.mysql.cj.jdbc.NonRegisteringDriver.connect(NonRegisteringDriver.java:198)
	at com.mchange.v2.c3p0.DriverManagerDataSource.getConnection(DriverManagerDataSource.java:175)
	at com.mchange.v2.c3p0.WrapperConnectionPoolDataSource.getPooledConnection(WrapperConnectionPoolDataSource.java:220)
	at com.mchange.v2.c3p0.WrapperConnectionPoolDataSource.getPooledConnection(WrapperConnectionPoolDataSource.java:206)
	at com.mchange.v2.c3p0.impl.C3P0PooledConnectionPool$1PooledConnectionResourcePoolManager.acquireResource(C3P0PooledConnectionPool.java:203)
	at com.mchange.v2.resourcepool.BasicResourcePool.doAcquire(BasicResourcePool.java:1176)
	at com.mchange.v2.resourcepool.BasicResourcePool.doAcquireAndDecrementPendingAcquiresWithinLockOnSuccess(BasicResourcePool.java:1163)
	at com.mchange.v2.resourcepool.BasicResourcePool.access$700(BasicResourcePool.java:44)
	at com.mchange.v2.resourcepool.BasicResourcePool$ScatteredAcquireTask.run(BasicResourcePool.java:1908)
	at com.mchange.v2.async.ThreadPoolAsynchronousRunner$PoolThread.run(ThreadPoolAsynchronousRunner.java:696)

6月 26, 2023 12:18:17 上午 com.mchange.v2.resourcepool.BasicResourcePool 
警告: com.mchange.v2.resourcepool.BasicResourcePool$ScatteredAcquireTask@49e5a89e -- Acquisition Attempt Failed!!! Clearing pending acquires. While trying to acquire a needed new resource, we failed to succeed more than the maximum number of allowed acquisition attempts (2). Last acquisition attempt exception: 
java.sql.SQLNonTransientConnectionException: Data source rejected establishment of connection,  message from server: "Too many connections"
	at com.mysql.cj.jdbc.exceptions.SQLError.createSQLException(SQLError.java:110)
	at com.mysql.cj.jdbc.exceptions.SQLExceptionsMapping.translateException(SQLExceptionsMapping.java:122)
	at com.mysql.cj.jdbc.ConnectionImpl.createNewIO(ConnectionImpl.java:828)
	at com.mysql.cj.jdbc.ConnectionImpl.<init>(ConnectionImpl.java:448)
	at com.mysql.cj.jdbc.ConnectionImpl.getInstance(ConnectionImpl.java:241)
	at com.mysql.cj.jdbc.NonRegisteringDriver.connect(NonRegisteringDriver.java:198)
	at com.mchange.v2.c3p0.DriverManagerDataSource.getConnection(DriverManagerDataSource.java:175)
	at com.mchange.v2.c3p0.WrapperConnectionPoolDataSource.getPooledConnection(WrapperConnectionPoolDataSource.java:220)
	at com.mchange.v2.c3p0.WrapperConnectionPoolDataSource.getPooledConnection(WrapperConnectionPoolDataSource.java:206)
	at com.mchange.v2.c3p0.impl.C3P0PooledConnectionPool$1PooledConnectionResourcePoolManager.acquireResource(C3P0PooledConnectionPool.java:203)
	at com.mchange.v2.resourcepool.BasicResourcePool.doAcquire(BasicResourcePool.java:1176)
	at com.mchange.v2.resourcepool.BasicResourcePool.doAcquireAndDecrementPendingAcquiresWithinLockOnSuccess(BasicResourcePool.java:1163)
	at com.mchange.v2.resourcepool.BasicResourcePool.access$700(BasicResourcePool.java:44)
	at com.mchange.v2.resourcepool.BasicResourcePool$ScatteredAcquireTask.run(BasicResourcePool.java:1908)
	at com.mchange.v2.async.ThreadPoolAsynchronousRunner$PoolThread.run(ThreadPoolAsynchronousRunner.java:696)

6月 26, 2023 12:18:17 上午 com.mchange.v2.resourcepool.BasicResourcePool 
警告: Having failed to acquire a resource, com.mchange.v2.resourcepool.BasicResourcePool@671c4166 is interrupting all Threads waiting on a resource to check out. Will try again in response to new client requests.
6月 26, 2023 12:18:17 上午 com.mchange.v2.resourcepool.BasicResourcePool 
警告: Having failed to acquire a resource, com.mchange.v2.resourcepool.BasicResourcePool@671c4166 is interrupting all Threads waiting on a resource to check out. Will try again in response to new client requests.
6月 26, 2023 12:18:17 上午 com.mchange.v2.resourcepool.BasicResourcePool 
警告: Having failed to acquire a resource, com.mchange.v2.resourcepool.BasicResourcePool@671c4166 is interrupting all Threads waiting on a resource to check out. Will try again in response to new client requests.
6月 26, 2023 12:18:17 上午 com.mchange.v2.resourcepool.BasicResourcePool 
警告: com.mchange.v2.resourcepool.BasicResourcePool$ScatteredAcquireTask@31469008 -- Acquisition Attempt Failed!!! Clearing pending acquires. While trying to acquire a needed new resource, we failed to succeed more than the maximum number of allowed acquisition attempts (2). Last acquisition attempt exception: 
java.sql.SQLNonTransientConnectionException: Data source rejected establishment of connection,  message from server: "Too many connections"
	at com.mysql.cj.jdbc.exceptions.SQLError.createSQLException(SQLError.java:110)
	at com.mysql.cj.jdbc.exceptions.SQLExceptionsMapping.translateException(SQLExceptionsMapping.java:122)
	at com.mysql.cj.jdbc.ConnectionImpl.createNewIO(ConnectionImpl.java:828)
	at com.mysql.cj.jdbc.ConnectionImpl.<init>(ConnectionImpl.java:448)
	at com.mysql.cj.jdbc.ConnectionImpl.getInstance(ConnectionImpl.java:241)
	at com.mysql.cj.jdbc.NonRegisteringDriver.connect(NonRegisteringDriver.java:198)
	at com.mchange.v2.c3p0.DriverManagerDataSource.getConnection(DriverManagerDataSource.java:175)
	at com.mchange.v2.c3p0.WrapperConnectionPoolDataSource.getPooledConnection(WrapperConnectionPoolDataSource.java:220)
	at com.mchange.v2.c3p0.WrapperConnectionPoolDataSource.getPooledConnection(WrapperConnectionPoolDataSource.java:206)
	at com.mchange.v2.c3p0.impl.C3P0PooledConnectionPool$1PooledConnectionResourcePoolManager.acquireResource(C3P0PooledConnectionPool.java:203)
	at com.mchange.v2.resourcepool.BasicResourcePool.doAcquire(BasicResourcePool.java:1176)
	at com.mchange.v2.resourcepool.BasicResourcePool.doAcquireAndDecrementPendingAcquiresWithinLockOnSuccess(BasicResourcePool.java:1163)
	at com.mchange.v2.resourcepool.BasicResourcePool.access$700(BasicResourcePool.java:44)
	at com.mchange.v2.resourcepool.BasicResourcePool$ScatteredAcquireTask.run(BasicResourcePool.java:1908)
	at com.mchange.v2.async.ThreadPoolAsynchronousRunner$PoolThread.run(ThreadPoolAsynchronousRunner.java:696)

6月 26, 2023 12:18:17 上午 com.mchange.v2.resourcepool.BasicResourcePool 
警告: com.mchange.v2.resourcepool.BasicResourcePool$ScatteredAcquireTask@13aae36a -- Acquisition Attempt Failed!!! Clearing pending acquires. While trying to acquire a needed new resource, we failed to succeed more than the maximum number of allowed acquisition attempts (2). Last acquisition attempt exception: 
java.sql.SQLNonTransientConnectionException: Data source rejected establishment of connection,  message from server: "Too many connections"
	at com.mysql.cj.jdbc.exceptions.SQLError.createSQLException(SQLError.java:110)
	at com.mysql.cj.jdbc.exceptions.SQLExceptionsMapping.translateException(SQLExceptionsMapping.java:122)
	at com.mysql.cj.jdbc.ConnectionImpl.createNewIO(ConnectionImpl.java:828)
	at com.mysql.cj.jdbc.ConnectionImpl.<init>(ConnectionImpl.java:448)
	at com.mysql.cj.jdbc.ConnectionImpl.getInstance(ConnectionImpl.java:241)
	at com.mysql.cj.jdbc.NonRegisteringDriver.connect(NonRegisteringDriver.java:198)
	at com.mchange.v2.c3p0.DriverManagerDataSource.getConnection(DriverManagerDataSource.java:175)
	at com.mchange.v2.c3p0.WrapperConnectionPoolDataSource.getPooledConnection(WrapperConnectionPoolDataSource.java:220)
	at com.mchange.v2.c3p0.WrapperConnectionPoolDataSource.getPooledConnection(WrapperConnectionPoolDataSource.java:206)
	at com.mchange.v2.c3p0.impl.C3P0PooledConnectionPool$1PooledConnectionResourcePoolManager.acquireResource(C3P0PooledConnectionPool.java:203)
	at com.mchange.v2.resourcepool.BasicResourcePool.doAcquire(BasicResourcePool.java:1176)
	at com.mchange.v2.resourcepool.BasicResourcePool.doAcquireAndDecrementPendingAcquiresWithinLockOnSuccess(BasicResourcePool.java:1163)
	at com.mchange.v2.resourcepool.BasicResourcePool.access$700(BasicResourcePool.java:44)
	at com.mchange.v2.resourcepool.BasicResourcePool$ScatteredAcquireTask.run(BasicResourcePool.java:1908)
	at com.mchange.v2.async.ThreadPoolAsynchronousRunner$PoolThread.run(ThreadPoolAsynchronousRunner.java:696)

6月 26, 2023 12:18:17 上午 com.mchange.v2.resourcepool.BasicResourcePool 
警告: com.mchange.v2.resourcepool.BasicResourcePool$ScatteredAcquireTask@47de2e2e -- Acquisition Attempt Failed!!! Clearing pending acquires. While trying to acquire a needed new resource, we failed to succeed more than the maximum number of allowed acquisition attempts (2). Last acquisition attempt exception: 
java.sql.SQLNonTransientConnectionException: Data source rejected establishment of connection,  message from server: "Too many connections"
	at com.mysql.cj.jdbc.exceptions.SQLError.createSQLException(SQLError.java:110)
	at com.mysql.cj.jdbc.exceptions.SQLExceptionsMapping.translateException(SQLExceptionsMapping.java:122)
	at com.mysql.cj.jdbc.ConnectionImpl.createNewIO(ConnectionImpl.java:828)
	at com.mysql.cj.jdbc.ConnectionImpl.<init>(ConnectionImpl.java:448)
	at com.mysql.cj.jdbc.ConnectionImpl.getInstance(ConnectionImpl.java:241)
	at com.mysql.cj.jdbc.NonRegisteringDriver.connect(NonRegisteringDriver.java:198)
	at com.mchange.v2.c3p0.DriverManagerDataSource.getConnection(DriverManagerDataSource.java:175)
	at com.mchange.v2.c3p0.WrapperConnectionPoolDataSource.getPooledConnection(WrapperConnectionPoolDataSource.java:220)
	at com.mchange.v2.c3p0.WrapperConnectionPoolDataSource.getPooledConnection(WrapperConnectionPoolDataSource.java:206)
	at com.mchange.v2.c3p0.impl.C3P0PooledConnectionPool$1PooledConnectionResourcePoolManager.acquireResource(C3P0PooledConnectionPool.java:203)
	at com.mchange.v2.resourcepool.BasicResourcePool.doAcquire(BasicResourcePool.java:1176)
	at com.mchange.v2.resourcepool.BasicResourcePool.doAcquireAndDecrementPendingAcquiresWithinLockOnSuccess(BasicResourcePool.java:1163)
	at com.mchange.v2.resourcepool.BasicResourcePool.access$700(BasicResourcePool.java:44)
	at com.mchange.v2.resourcepool.BasicResourcePool$ScatteredAcquireTask.run(BasicResourcePool.java:1908)
	at com.mchange.v2.async.ThreadPoolAsynchronousRunner$PoolThread.run(ThreadPoolAsynchronousRunner.java:696)

6月 26, 2023 12:18:17 上午 com.mchange.v2.resourcepool.BasicResourcePool 
警告: Having failed to acquire a resource, com.mchange.v2.resourcepool.BasicResourcePool@671c4166 is interrupting all Threads waiting on a resource to check out. Will try again in response to new client requests.
6月 26, 2023 12:18:17 上午 com.mchange.v2.resourcepool.BasicResourcePool 
警告: Having failed to acquire a resource, com.mchange.v2.resourcepool.BasicResourcePool@671c4166 is interrupting all Threads waiting on a resource to check out. Will try again in response to new client requests.
6月 26, 2023 12:18:17 上午 com.mchange.v2.resourcepool.BasicResourcePool 
警告: Having failed to acquire a resource, com.mchange.v2.resourcepool.BasicResourcePool@671c4166 is interrupting all Threads waiting on a resource to check out. Will try again in response to new client requests.
6月 26, 2023 12:18:17 上午 com.mchange.v2.c3p0.impl.AbstractPoolBackedDataSource 
信息: Initializing c3p0 pool... com.mchange.v2.c3p0.ComboPooledDataSource [ acquireIncrement -> 3, acquireRetryAttempts -> 2, acquireRetryDelay -> 1000, autoCommitOnClose -> false, automaticTestTable -> null, breakAfterAcquireFailure -> false, checkoutTimeout -> 10000, connectionCustomizerClassName -> null, connectionTesterClassName -> com.mchange.v2.c3p0.impl.DefaultConnectionTester, contextClassLoaderSource -> caller, dataSourceName -> 1br4pa9aw1viqmzl1u0e1h9|5981f4a6, debugUnreturnedConnectionStackTraces -> false, description -> null, driverClass -> com.mysql.cj.jdbc.Driver, extensions -> {}, factoryClassLocation -> null, forceIgnoreUnresolvedTransactions -> false, forceSynchronousCheckins -> false, forceUseNamedDriverClass -> false, identityToken -> 1br4pa9aw1viqmzl1u0e1h9|5981f4a6, idleConnectionTestPeriod -> 0, initialPoolSize -> 3, jdbcUrl -> jdbc:mysql://localhost:3306/school?serverTimezone=Asia/Shanghai&useSSL=true&useUnicode=true&characterEncoding=UTF-8&allowMultiQueries=true, maxAdministrativeTaskTime -> 0, maxConnectionAge -> 0, maxIdleTime -> 0, maxIdleTimeExcessConnections -> 0, maxPoolSize -> 30, maxStatements -> 0, maxStatementsPerConnection -> 0, minPoolSize -> 10, numHelperThreads -> 3, preferredTestQuery -> null, privilegeSpawnedThreads -> false, properties -> {password=******, user=******}, propertyCycle -> 0, statementCacheNumDeferredCloseThreads -> 0, testConnectionOnCheckin -> false, testConnectionOnCheckout -> false, unreturnedConnectionTimeout -> 0, userOverrides -> {}, usesTraditionalReflectiveProxies -> false ]
6月 26, 2023 12:18:17 上午 com.mchange.v2.resourcepool.BasicResourcePool 
警告: Bad pool size config, start 3 < min 10. Using 10 as start.
6月 26, 2023 12:18:19 上午 com.mchange.v2.resourcepool.BasicResourcePool 
警告: com.mchange.v2.resourcepool.BasicResourcePool$ScatteredAcquireTask@e7f2261 -- Acquisition Attempt Failed!!! Clearing pending acquires. While trying to acquire a needed new resource, we failed to succeed more than the maximum number of allowed acquisition attempts (2). Last acquisition attempt exception: 
java.sql.SQLNonTransientConnectionException: Data source rejected establishment of connection,  message from server: "Too many connections"
	at com.mysql.cj.jdbc.exceptions.SQLError.createSQLException(SQLError.java:110)
	at com.mysql.cj.jdbc.exceptions.SQLExceptionsMapping.translateException(SQLExceptionsMapping.java:122)
	at com.mysql.cj.jdbc.ConnectionImpl.createNewIO(ConnectionImpl.java:828)
	at com.mysql.cj.jdbc.ConnectionImpl.<init>(ConnectionImpl.java:448)
	at com.mysql.cj.jdbc.ConnectionImpl.getInstance(ConnectionImpl.java:241)
	at com.mysql.cj.jdbc.NonRegisteringDriver.connect(NonRegisteringDriver.java:198)
	at com.mchange.v2.c3p0.DriverManagerDataSource.getConnection(DriverManagerDataSource.java:175)
	at com.mchange.v2.c3p0.WrapperConnectionPoolDataSource.getPooledConnection(WrapperConnectionPoolDataSource.java:220)
	at com.mchange.v2.c3p0.WrapperConnectionPoolDataSource.getPooledConnection(WrapperConnectionPoolDataSource.java:206)
	at com.mchange.v2.c3p0.impl.C3P0PooledConnectionPool$1PooledConnectionResourcePoolManager.acquireResource(C3P0PooledConnectionPool.java:203)
	at com.mchange.v2.resourcepool.BasicResourcePool.doAcquire(BasicResourcePool.java:1176)
	at com.mchange.v2.resourcepool.BasicResourcePool.doAcquireAndDecrementPendingAcquiresWithinLockOnSuccess(BasicResourcePool.java:1163)
	at com.mchange.v2.resourcepool.BasicResourcePool.access$700(BasicResourcePool.java:44)
	at com.mchange.v2.resourcepool.BasicResourcePool$ScatteredAcquireTask.run(BasicResourcePool.java:1908)
	at com.mchange.v2.async.ThreadPoolAsynchronousRunner$PoolThread.run(ThreadPoolAsynchronousRunner.java:696)

6月 26, 2023 12:18:19 上午 com.mchange.v2.resourcepool.BasicResourcePool 
警告: com.mchange.v2.resourcepool.BasicResourcePool$ScatteredAcquireTask@152789ae -- Acquisition Attempt Failed!!! Clearing pending acquires. While trying to acquire a needed new resource, we failed to succeed more than the maximum number of allowed acquisition attempts (2). Last acquisition attempt exception: 
java.sql.SQLNonTransientConnectionException: Data source rejected establishment of connection,  message from server: "Too many connections"
	at com.mysql.cj.jdbc.exceptions.SQLError.createSQLException(SQLError.java:110)
	at com.mysql.cj.jdbc.exceptions.SQLExceptionsMapping.translateException(SQLExceptionsMapping.java:122)
	at com.mysql.cj.jdbc.ConnectionImpl.createNewIO(ConnectionImpl.java:828)
	at com.mysql.cj.jdbc.ConnectionImpl.<init>(ConnectionImpl.java:448)
	at com.mysql.cj.jdbc.ConnectionImpl.getInstance(ConnectionImpl.java:241)
	at com.mysql.cj.jdbc.NonRegisteringDriver.connect(NonRegisteringDriver.java:198)
	at com.mchange.v2.c3p0.DriverManagerDataSource.getConnection(DriverManagerDataSource.java:175)
	at com.mchange.v2.c3p0.WrapperConnectionPoolDataSource.getPooledConnection(WrapperConnectionPoolDataSource.java:220)
	at com.mchange.v2.c3p0.WrapperConnectionPoolDataSource.getPooledConnection(WrapperConnectionPoolDataSource.java:206)
	at com.mchange.v2.c3p0.impl.C3P0PooledConnectionPool$1PooledConnectionResourcePoolManager.acquireResource(C3P0PooledConnectionPool.java:203)
	at com.mchange.v2.resourcepool.BasicResourcePool.doAcquire(BasicResourcePool.java:1176)
	at com.mchange.v2.resourcepool.BasicResourcePool.doAcquireAndDecrementPendingAcquiresWithinLockOnSuccess(BasicResourcePool.java:1163)
	at com.mchange.v2.resourcepool.BasicResourcePool.access$700(BasicResourcePool.java:44)
	at com.mchange.v2.resourcepool.BasicResourcePool$ScatteredAcquireTask.run(BasicResourcePool.java:1908)
	at com.mchange.v2.async.ThreadPoolAsynchronousRunner$PoolThread.run(ThreadPoolAsynchronousRunner.java:696)

6月 26, 2023 12:18:19 上午 com.mchange.v2.resourcepool.BasicResourcePool 
警告: com.mchange.v2.resourcepool.BasicResourcePool$ScatteredAcquireTask@4728f05 -- Acquisition Attempt Failed!!! Clearing pending acquires. While trying to acquire a needed new resource, we failed to succeed more than the maximum number of allowed acquisition attempts (2). Last acquisition attempt exception: 
java.sql.SQLNonTransientConnectionException: Data source rejected establishment of connection,  message from server: "Too many connections"
	at com.mysql.cj.jdbc.exceptions.SQLError.createSQLException(SQLError.java:110)
	at com.mysql.cj.jdbc.exceptions.SQLExceptionsMapping.translateException(SQLExceptionsMapping.java:122)
	at com.mysql.cj.jdbc.ConnectionImpl.createNewIO(ConnectionImpl.java:828)
	at com.mysql.cj.jdbc.ConnectionImpl.<init>(ConnectionImpl.java:448)
	at com.mysql.cj.jdbc.ConnectionImpl.getInstance(ConnectionImpl.java:241)
	at com.mysql.cj.jdbc.NonRegisteringDriver.connect(NonRegisteringDriver.java:198)
	at com.mchange.v2.c3p0.DriverManagerDataSource.getConnection(DriverManagerDataSource.java:175)
	at com.mchange.v2.c3p0.WrapperConnectionPoolDataSource.getPooledConnection(WrapperConnectionPoolDataSource.java:220)
	at com.mchange.v2.c3p0.WrapperConnectionPoolDataSource.getPooledConnection(WrapperConnectionPoolDataSource.java:206)
	at com.mchange.v2.c3p0.impl.C3P0PooledConnectionPool$1PooledConnectionResourcePoolManager.acquireResource(C3P0PooledConnectionPool.java:203)
	at com.mchange.v2.resourcepool.BasicResourcePool.doAcquire(BasicResourcePool.java:1176)
	at com.mchange.v2.resourcepool.BasicResourcePool.doAcquireAndDecrementPendingAcquiresWithinLockOnSuccess(BasicResourcePool.java:1163)
	at com.mchange.v2.resourcepool.BasicResourcePool.access$700(BasicResourcePool.java:44)
	at com.mchange.v2.resourcepool.BasicResourcePool$ScatteredAcquireTask.run(BasicResourcePool.java:1908)
	at com.mchange.v2.async.ThreadPoolAsynchronousRunner$PoolThread.run(ThreadPoolAsynchronousRunner.java:696)

6月 26, 2023 12:18:19 上午 com.mchange.v2.resourcepool.BasicResourcePool 
警告: Having failed to acquire a resource, com.mchange.v2.resourcepool.BasicResourcePool@7c601d50 is interrupting all Threads waiting on a resource to check out. Will try again in response to new client requests.
6月 26, 2023 12:18:19 上午 com.mchange.v2.resourcepool.BasicResourcePool 
警告: Having failed to acquire a resource, com.mchange.v2.resourcepool.BasicResourcePool@7c601d50 is interrupting all Threads waiting on a resource to check out. Will try again in response to new client requests.
6月 26, 2023 12:18:19 上午 com.mchange.v2.resourcepool.BasicResourcePool 
警告: Having failed to acquire a resource, com.mchange.v2.resourcepool.BasicResourcePool@7c601d50 is interrupting all Threads waiting on a resource to check out. Will try again in response to new client requests.
]]></system-err>
  </testcase>
  <testcase name="test4" classname="MyTest" time="2.132">
    <error message="nested exception is org.apache.ibatis.exceptions.PersistenceException: &#10;### Error querying database.  Cause: org.springframework.jdbc.CannotGetJdbcConnectionException: Failed to obtain JDBC Connection; nested exception is java.sql.SQLException: Connections could not be acquired from the underlying database!&#10;### The error may exist in com/ecut/dao/TeacherMapper.xml&#10;### The error may involve com.ecut.dao.TeacherMapper.queryFor&#10;### The error occurred while executing a query&#10;### Cause: org.springframework.jdbc.CannotGetJdbcConnectionException: Failed to obtain JDBC Connection; nested exception is java.sql.SQLException: Connections could not be acquired from the underlying database!" type="org.mybatis.spring.MyBatisSystemException"><![CDATA[org.mybatis.spring.MyBatisSystemException: 
nested exception is org.apache.ibatis.exceptions.PersistenceException: 
### Error querying database.  Cause: org.springframework.jdbc.CannotGetJdbcConnectionException: Failed to obtain JDBC Connection; nested exception is java.sql.SQLException: Connections could not be acquired from the underlying database!
### The error may exist in com/ecut/dao/TeacherMapper.xml
### The error may involve com.ecut.dao.TeacherMapper.queryFor
### The error occurred while executing a query
### Cause: org.springframework.jdbc.CannotGetJdbcConnectionException: Failed to obtain JDBC Connection; nested exception is java.sql.SQLException: Connections could not be acquired from the underlying database!
	at org.mybatis.spring.MyBatisExceptionTranslator.translateExceptionIfPossible(MyBatisExceptionTranslator.java:78)
	at org.mybatis.spring.SqlSessionTemplate$SqlSessionInterceptor.invoke(SqlSessionTemplate.java:440)
	at com.sun.proxy.$Proxy19.selectList(Unknown Source)
	at org.mybatis.spring.SqlSessionTemplate.selectList(SqlSessionTemplate.java:223)
	at org.apache.ibatis.binding.MapperMethod.executeForMany(MapperMethod.java:147)
	at org.apache.ibatis.binding.MapperMethod.execute(MapperMethod.java:80)
	at org.apache.ibatis.binding.MapperProxy$PlainMethodInvoker.invoke(MapperProxy.java:152)
	at org.apache.ibatis.binding.MapperProxy.invoke(MapperProxy.java:85)
	at com.sun.proxy.$Proxy35.queryFor(Unknown Source)
	at com.ecut.service.impl.TeacherServiceImpl.queryFor(TeacherServiceImpl.java:70)
	at MyTest.test4(MyTest.java:53)
	at java.base/jdk.internal.reflect.NativeMethodAccessorImpl.invoke0(Native Method)
	at java.base/jdk.internal.reflect.NativeMethodAccessorImpl.invoke(NativeMethodAccessorImpl.java:62)
	at java.base/jdk.internal.reflect.DelegatingMethodAccessorImpl.invoke(DelegatingMethodAccessorImpl.java:43)
	at java.base/java.lang.reflect.Method.invoke(Method.java:566)
	at org.junit.runners.model.FrameworkMethod$1.runReflectiveCall(FrameworkMethod.java:50)
	at org.junit.internal.runners.model.ReflectiveCallable.run(ReflectiveCallable.java:12)
	at org.junit.runners.model.FrameworkMethod.invokeExplosively(FrameworkMethod.java:47)
	at org.junit.internal.runners.statements.InvokeMethod.evaluate(InvokeMethod.java:17)
	at org.junit.runners.ParentRunner.runLeaf(ParentRunner.java:325)
	at org.junit.runners.BlockJUnit4ClassRunner.runChild(BlockJUnit4ClassRunner.java:78)
	at org.junit.runners.BlockJUnit4ClassRunner.runChild(BlockJUnit4ClassRunner.java:57)
	at org.junit.runners.ParentRunner$3.run(ParentRunner.java:290)
	at org.junit.runners.ParentRunner$1.schedule(ParentRunner.java:71)
	at org.junit.runners.ParentRunner.runChildren(ParentRunner.java:288)
	at org.junit.runners.ParentRunner.access$000(ParentRunner.java:58)
	at org.junit.runners.ParentRunner$2.evaluate(ParentRunner.java:268)
	at org.junit.runners.ParentRunner.run(ParentRunner.java:363)
	at org.apache.maven.surefire.junit4.JUnit4Provider.execute(JUnit4Provider.java:316)
	at org.apache.maven.surefire.junit4.JUnit4Provider.executeWithRerun(JUnit4Provider.java:240)
	at org.apache.maven.surefire.junit4.JUnit4Provider.executeTestSet(JUnit4Provider.java:214)
	at org.apache.maven.surefire.junit4.JUnit4Provider.invoke(JUnit4Provider.java:155)
	at org.apache.maven.surefire.booter.ForkedBooter.runSuitesInProcess(ForkedBooter.java:385)
	at org.apache.maven.surefire.booter.ForkedBooter.execute(ForkedBooter.java:162)
	at org.apache.maven.surefire.booter.ForkedBooter.run(ForkedBooter.java:507)
	at org.apache.maven.surefire.booter.ForkedBooter.main(ForkedBooter.java:495)
Caused by: org.apache.ibatis.exceptions.PersistenceException: 
### Error querying database.  Cause: org.springframework.jdbc.CannotGetJdbcConnectionException: Failed to obtain JDBC Connection; nested exception is java.sql.SQLException: Connections could not be acquired from the underlying database!
### The error may exist in com/ecut/dao/TeacherMapper.xml
### The error may involve com.ecut.dao.TeacherMapper.queryFor
### The error occurred while executing a query
### Cause: org.springframework.jdbc.CannotGetJdbcConnectionException: Failed to obtain JDBC Connection; nested exception is java.sql.SQLException: Connections could not be acquired from the underlying database!
	at org.apache.ibatis.exceptions.ExceptionFactory.wrapException(ExceptionFactory.java:30)
	at org.apache.ibatis.session.defaults.DefaultSqlSession.selectList(DefaultSqlSession.java:149)
	at org.apache.ibatis.session.defaults.DefaultSqlSession.selectList(DefaultSqlSession.java:140)
	at java.base/jdk.internal.reflect.NativeMethodAccessorImpl.invoke0(Native Method)
	at java.base/jdk.internal.reflect.NativeMethodAccessorImpl.invoke(NativeMethodAccessorImpl.java:62)
	at java.base/jdk.internal.reflect.DelegatingMethodAccessorImpl.invoke(DelegatingMethodAccessorImpl.java:43)
	at java.base/java.lang.reflect.Method.invoke(Method.java:566)
	at org.mybatis.spring.SqlSessionTemplate$SqlSessionInterceptor.invoke(SqlSessionTemplate.java:426)
	... 34 more
Caused by: org.springframework.jdbc.CannotGetJdbcConnectionException: Failed to obtain JDBC Connection; nested exception is java.sql.SQLException: Connections could not be acquired from the underlying database!
	at org.springframework.jdbc.datasource.DataSourceUtils.getConnection(DataSourceUtils.java:82)
	at org.mybatis.spring.transaction.SpringManagedTransaction.openConnection(SpringManagedTransaction.java:80)
	at org.mybatis.spring.transaction.SpringManagedTransaction.getConnection(SpringManagedTransaction.java:67)
	at org.apache.ibatis.executor.BaseExecutor.getConnection(BaseExecutor.java:337)
	at org.apache.ibatis.executor.SimpleExecutor.prepareStatement(SimpleExecutor.java:86)
	at org.apache.ibatis.executor.SimpleExecutor.doQuery(SimpleExecutor.java:62)
	at org.apache.ibatis.executor.BaseExecutor.queryFromDatabase(BaseExecutor.java:325)
	at org.apache.ibatis.executor.BaseExecutor.query(BaseExecutor.java:156)
	at org.apache.ibatis.executor.CachingExecutor.query(CachingExecutor.java:109)
	at org.apache.ibatis.executor.CachingExecutor.query(CachingExecutor.java:89)
	at org.apache.ibatis.session.defaults.DefaultSqlSession.selectList(DefaultSqlSession.java:147)
	... 40 more
Caused by: java.sql.SQLException: Connections could not be acquired from the underlying database!
	at com.mchange.v2.sql.SqlUtils.toSQLException(SqlUtils.java:118)
	at com.mchange.v2.c3p0.impl.C3P0PooledConnectionPool.checkoutPooledConnection(C3P0PooledConnectionPool.java:692)
	at com.mchange.v2.c3p0.impl.AbstractPoolBackedDataSource.getConnection(AbstractPoolBackedDataSource.java:140)
	at org.springframework.jdbc.datasource.DataSourceUtils.fetchConnection(DataSourceUtils.java:158)
	at org.springframework.jdbc.datasource.DataSourceUtils.doGetConnection(DataSourceUtils.java:116)
	at org.springframework.jdbc.datasource.DataSourceUtils.getConnection(DataSourceUtils.java:79)
	... 50 more
Caused by: com.mchange.v2.resourcepool.CannotAcquireResourceException: A ResourcePool could not acquire a resource from its primary factory or source.
	at com.mchange.v2.resourcepool.BasicResourcePool.awaitAvailable(BasicResourcePool.java:1507)
	at com.mchange.v2.resourcepool.BasicResourcePool.prelimCheckoutResource(BasicResourcePool.java:644)
	at com.mchange.v2.resourcepool.BasicResourcePool.checkoutResource(BasicResourcePool.java:554)
	at com.mchange.v2.c3p0.impl.C3P0PooledConnectionPool.checkoutAndMarkConnectionInUse(C3P0PooledConnectionPool.java:758)
	at com.mchange.v2.c3p0.impl.C3P0PooledConnectionPool.checkoutPooledConnection(C3P0PooledConnectionPool.java:685)
	... 54 more
Caused by: java.sql.SQLNonTransientConnectionException: Data source rejected establishment of connection,  message from server: "Too many connections"
	at com.mysql.cj.jdbc.exceptions.SQLError.createSQLException(SQLError.java:110)
	at com.mysql.cj.jdbc.exceptions.SQLExceptionsMapping.translateException(SQLExceptionsMapping.java:122)
	at com.mysql.cj.jdbc.ConnectionImpl.createNewIO(ConnectionImpl.java:828)
	at com.mysql.cj.jdbc.ConnectionImpl.<init>(ConnectionImpl.java:448)
	at com.mysql.cj.jdbc.ConnectionImpl.getInstance(ConnectionImpl.java:241)
	at com.mysql.cj.jdbc.NonRegisteringDriver.connect(NonRegisteringDriver.java:198)
	at com.mchange.v2.c3p0.DriverManagerDataSource.getConnection(DriverManagerDataSource.java:175)
	at com.mchange.v2.c3p0.WrapperConnectionPoolDataSource.getPooledConnection(WrapperConnectionPoolDataSource.java:220)
	at com.mchange.v2.c3p0.WrapperConnectionPoolDataSource.getPooledConnection(WrapperConnectionPoolDataSource.java:206)
	at com.mchange.v2.c3p0.impl.C3P0PooledConnectionPool$1PooledConnectionResourcePoolManager.acquireResource(C3P0PooledConnectionPool.java:203)
	at com.mchange.v2.resourcepool.BasicResourcePool.doAcquire(BasicResourcePool.java:1176)
	at com.mchange.v2.resourcepool.BasicResourcePool.doAcquireAndDecrementPendingAcquiresWithinLockOnSuccess(BasicResourcePool.java:1163)
	at com.mchange.v2.resourcepool.BasicResourcePool.access$700(BasicResourcePool.java:44)
	at com.mchange.v2.resourcepool.BasicResourcePool$ScatteredAcquireTask.run(BasicResourcePool.java:1908)
	at com.mchange.v2.async.ThreadPoolAsynchronousRunner$PoolThread.run(ThreadPoolAsynchronousRunner.java:696)
]]></error>
    <system-out><![CDATA[Logging initialized using 'class org.apache.ibatis.logging.stdout.StdOutImpl' adapter.
Find JAR URL: file:/D:/cg107/Desktop/school/target/classes/com/ecut/pojo
Not a JAR: file:/D:/cg107/Desktop/school/target/classes/com/ecut/pojo
Reader entry: Admin.class
Reader entry: Classes.class
Reader entry: ClassesSmall.class
Reader entry: Course.class
Reader entry: CourseScore.class
Reader entry: CourseSmall.class
Reader entry: Jobs.class
Reader entry: Lecture.class
Reader entry: Lost.class
Reader entry: Page.class
Reader entry: Score.class
Reader entry: SheTuan.class
Reader entry: SheTuanActivity.class
Reader entry: Student.class
Reader entry: StudentLogin.class
Reader entry: StudentSmall.class
Reader entry: Tcourse.class
Reader entry: Teacher.class
Reader entry: TeacherLogin.class
Reader entry: TeacherSmall.class
Listing file:/D:/cg107/Desktop/school/target/classes/com/ecut/pojo
Find JAR URL: file:/D:/cg107/Desktop/school/target/classes/com/ecut/pojo/Admin.class
Not a JAR: file:/D:/cg107/Desktop/school/target/classes/com/ecut/pojo/Admin.class
Reader entry: 漱壕&amp#0;&amp#0;&amp#0;4&amp#0;V	&amp#0;&amp#4;&amp#0;A	&amp#0;&amp#4;&amp#0;B	&amp#0;&amp#4;&amp#0;C&amp#7;&amp#0;D
Find JAR URL: file:/D:/cg107/Desktop/school/target/classes/com/ecut/pojo/Classes.class
Not a JAR: file:/D:/cg107/Desktop/school/target/classes/com/ecut/pojo/Classes.class
Reader entry: 漱壕&amp#0;&amp#0;&amp#0;4&amp#0;z	&amp#0;&amp#6;&amp#0;]	&amp#0;&amp#6;&amp#0;^	&amp#0;&amp#6;&amp#0;_	&amp#0;&amp#6;&amp#0;`	&amp#0;&amp#6;&amp#0;a&amp#7;&amp#0;b
Find JAR URL: file:/D:/cg107/Desktop/school/target/classes/com/ecut/pojo/ClassesSmall.class
Not a JAR: file:/D:/cg107/Desktop/school/target/classes/com/ecut/pojo/ClassesSmall.class
Reader entry: 漱壕&amp#0;&amp#0;&amp#0;4&amp#0;J	&amp#0;&amp#3;&amp#0;8	&amp#0;&amp#3;&amp#0;9&amp#7;&amp#0;:
Find JAR URL: file:/D:/cg107/Desktop/school/target/classes/com/ecut/pojo/Course.class
Not a JAR: file:/D:/cg107/Desktop/school/target/classes/com/ecut/pojo/Course.class
Reader entry: 漱壕&amp#0;&amp#0;&amp#0;4&amp#0;�	&amp#0;	&amp#0;}	&amp#0;	&amp#0;~	&amp#0;	&amp#0;	&amp#0;	&amp#0;�	&amp#0;	&amp#0;�	&amp#0;	&amp#0;�	&amp#0;	&amp#0;�	&amp#0;	&amp#0;�&amp#7;&amp#0;�
Find JAR URL: file:/D:/cg107/Desktop/school/target/classes/com/ecut/pojo/CourseScore.class
Not a JAR: file:/D:/cg107/Desktop/school/target/classes/com/ecut/pojo/CourseScore.class
Reader entry: 漱壕&amp#0;&amp#0;&amp#0;4&amp#0;t	&amp#0;&amp#6;&amp#0;W	&amp#0;&amp#6;&amp#0;X	&amp#0;&amp#6;&amp#0;Y	&amp#0;&amp#6;&amp#0;Z	&amp#0;&amp#6;&amp#0;[&amp#7;&amp#0;\
Find JAR URL: file:/D:/cg107/Desktop/school/target/classes/com/ecut/pojo/CourseSmall.class
Not a JAR: file:/D:/cg107/Desktop/school/target/classes/com/ecut/pojo/CourseSmall.class
Reader entry: 漱壕&amp#0;&amp#0;&amp#0;4&amp#0;J	&amp#0;&amp#3;&amp#0;8	&amp#0;&amp#3;&amp#0;9&amp#7;&amp#0;:
Find JAR URL: file:/D:/cg107/Desktop/school/target/classes/com/ecut/pojo/Jobs.class
Not a JAR: file:/D:/cg107/Desktop/school/target/classes/com/ecut/pojo/Jobs.class
Reader entry: 漱壕&amp#0;&amp#0;&amp#0;4&amp#0;�	&amp#0;&amp#7;&amp#0;`	&amp#0;&amp#7;&amp#0;a	&amp#0;&amp#7;&amp#0;b	&amp#0;&amp#7;&amp#0;c	&amp#0;&amp#7;&amp#0;d	&amp#0;&amp#7;&amp#0;e&amp#7;&amp#0;f
Find JAR URL: file:/D:/cg107/Desktop/school/target/classes/com/ecut/pojo/Lecture.class
Not a JAR: file:/D:/cg107/Desktop/school/target/classes/com/ecut/pojo/Lecture.class
Reader entry: 漱壕&amp#0;&amp#0;&amp#0;4&amp#0;�	&amp#0;&amp#7;&amp#0;c	&amp#0;&amp#7;&amp#0;d	&amp#0;&amp#7;&amp#0;e	&amp#0;&amp#7;&amp#0;f	&amp#0;&amp#7;&amp#0;g	&amp#0;&amp#7;&amp#0;h&amp#7;&amp#0;i
Find JAR URL: file:/D:/cg107/Desktop/school/target/classes/com/ecut/pojo/Lost.class
Not a JAR: file:/D:/cg107/Desktop/school/target/classes/com/ecut/pojo/Lost.class
Reader entry: 漱壕&amp#0;&amp#0;&amp#0;4&amp#0;&amp#26;
Find JAR URL: file:/D:/cg107/Desktop/school/target/classes/com/ecut/pojo/Page.class
Not a JAR: file:/D:/cg107/Desktop/school/target/classes/com/ecut/pojo/Page.class
Reader entry: 漱壕&amp#0;&amp#0;&amp#0;4&amp#0;<
Find JAR URL: file:/D:/cg107/Desktop/school/target/classes/com/ecut/pojo/Score.class
Not a JAR: file:/D:/cg107/Desktop/school/target/classes/com/ecut/pojo/Score.class
Reader entry: 漱壕&amp#0;&amp#0;&amp#0;4&amp#0;\	&amp#0;&amp#4;&amp#0;E	&amp#0;&amp#4;&amp#0;F	&amp#0;&amp#4;&amp#0;G&amp#7;&amp#0;H
Find JAR URL: file:/D:/cg107/Desktop/school/target/classes/com/ecut/pojo/SheTuan.class
Not a JAR: file:/D:/cg107/Desktop/school/target/classes/com/ecut/pojo/SheTuan.class
Reader entry: 漱壕&amp#0;&amp#0;&amp#0;4&amp#0;e	&amp#0;&amp#4;&amp#0;N	&amp#0;&amp#4;&amp#0;O	&amp#0;&amp#4;&amp#0;P&amp#7;&amp#0;Q
Find JAR URL: file:/D:/cg107/Desktop/school/target/classes/com/ecut/pojo/SheTuanActivity.class
Not a JAR: file:/D:/cg107/Desktop/school/target/classes/com/ecut/pojo/SheTuanActivity.class
Reader entry: 漱壕&amp#0;&amp#0;&amp#0;4&amp#0;�	&amp#0;&amp#7;&amp#0;c	&amp#0;&amp#7;&amp#0;d	&amp#0;&amp#7;&amp#0;e	&amp#0;&amp#7;&amp#0;f	&amp#0;&amp#7;&amp#0;g	&amp#0;&amp#7;&amp#0;h&amp#7;&amp#0;i
Find JAR URL: file:/D:/cg107/Desktop/school/target/classes/com/ecut/pojo/Student.class
Not a JAR: file:/D:/cg107/Desktop/school/target/classes/com/ecut/pojo/Student.class
Reader entry: 漱壕&amp#0;&amp#0;&amp#0;4&amp#0;�	&amp#0;&amp#11;&amp#0;�	&amp#0;&amp#11;&amp#0;�	&amp#0;&amp#11;&amp#0;�	&amp#0;&amp#11;&amp#0;�	&amp#0;&amp#11;&amp#0;�	&amp#0;&amp#11;&amp#0;�	&amp#0;&amp#11;&amp#0;�	&amp#0;&amp#11;&amp#0;�	&amp#0;&amp#11;&amp#0;�	&amp#0;&amp#11;&amp#0;�&amp#7;&amp#0;�
Find JAR URL: file:/D:/cg107/Desktop/school/target/classes/com/ecut/pojo/StudentLogin.class
Not a JAR: file:/D:/cg107/Desktop/school/target/classes/com/ecut/pojo/StudentLogin.class
Reader entry: 漱壕&amp#0;&amp#0;&amp#0;4&amp#0;J	&amp#0;&amp#3;&amp#0;8	&amp#0;&amp#3;&amp#0;9&amp#7;&amp#0;:
Find JAR URL: file:/D:/cg107/Desktop/school/target/classes/com/ecut/pojo/StudentSmall.class
Not a JAR: file:/D:/cg107/Desktop/school/target/classes/com/ecut/pojo/StudentSmall.class
Reader entry: 漱壕&amp#0;&amp#0;&amp#0;4&amp#0;J	&amp#0;&amp#3;&amp#0;8	&amp#0;&amp#3;&amp#0;9&amp#7;&amp#0;:
Find JAR URL: file:/D:/cg107/Desktop/school/target/classes/com/ecut/pojo/Tcourse.class
Not a JAR: file:/D:/cg107/Desktop/school/target/classes/com/ecut/pojo/Tcourse.class
Reader entry: 漱壕&amp#0;&amp#0;&amp#0;4&amp#0;J	&amp#0;&amp#3;&amp#0;8	&amp#0;&amp#3;&amp#0;9&amp#7;&amp#0;:
Find JAR URL: file:/D:/cg107/Desktop/school/target/classes/com/ecut/pojo/Teacher.class
Not a JAR: file:/D:/cg107/Desktop/school/target/classes/com/ecut/pojo/Teacher.class
Reader entry: 漱壕&amp#0;&amp#0;&amp#0;4&amp#0;�	&amp#0;	&amp#0;z	&amp#0;	&amp#0;{	&amp#0;	&amp#0;|	&amp#0;	&amp#0;}	&amp#0;	&amp#0;~	&amp#0;	&amp#0;	&amp#0;	&amp#0;�	&amp#0;	&amp#0;�&amp#7;&amp#0;�
Find JAR URL: file:/D:/cg107/Desktop/school/target/classes/com/ecut/pojo/TeacherLogin.class
Not a JAR: file:/D:/cg107/Desktop/school/target/classes/com/ecut/pojo/TeacherLogin.class
Reader entry: 漱壕&amp#0;&amp#0;&amp#0;4&amp#0;J	&amp#0;&amp#3;&amp#0;8	&amp#0;&amp#3;&amp#0;9&amp#7;&amp#0;:
Find JAR URL: file:/D:/cg107/Desktop/school/target/classes/com/ecut/pojo/TeacherSmall.class
Not a JAR: file:/D:/cg107/Desktop/school/target/classes/com/ecut/pojo/TeacherSmall.class
Reader entry: 漱壕&amp#0;&amp#0;&amp#0;4&amp#0;J	&amp#0;&amp#3;&amp#0;8	&amp#0;&amp#3;&amp#0;9&amp#7;&amp#0;:
Checking to see if class com.ecut.pojo.Admin matches criteria [is assignable to Object]
Checking to see if class com.ecut.pojo.Classes matches criteria [is assignable to Object]
Checking to see if class com.ecut.pojo.ClassesSmall matches criteria [is assignable to Object]
Checking to see if class com.ecut.pojo.Course matches criteria [is assignable to Object]
Checking to see if class com.ecut.pojo.CourseScore matches criteria [is assignable to Object]
Checking to see if class com.ecut.pojo.CourseSmall matches criteria [is assignable to Object]
Checking to see if class com.ecut.pojo.Jobs matches criteria [is assignable to Object]
Checking to see if class com.ecut.pojo.Lecture matches criteria [is assignable to Object]
Checking to see if class com.ecut.pojo.Lost matches criteria [is assignable to Object]
Checking to see if class com.ecut.pojo.Page matches criteria [is assignable to Object]
Checking to see if class com.ecut.pojo.Score matches criteria [is assignable to Object]
Checking to see if class com.ecut.pojo.SheTuan matches criteria [is assignable to Object]
Checking to see if class com.ecut.pojo.SheTuanActivity matches criteria [is assignable to Object]
Checking to see if class com.ecut.pojo.Student matches criteria [is assignable to Object]
Checking to see if class com.ecut.pojo.StudentLogin matches criteria [is assignable to Object]
Checking to see if class com.ecut.pojo.StudentSmall matches criteria [is assignable to Object]
Checking to see if class com.ecut.pojo.Tcourse matches criteria [is assignable to Object]
Checking to see if class com.ecut.pojo.Teacher matches criteria [is assignable to Object]
Checking to see if class com.ecut.pojo.TeacherLogin matches criteria [is assignable to Object]
Checking to see if class com.ecut.pojo.TeacherSmall matches criteria [is assignable to Object]
Creating a new SqlSession
SqlSession [org.apache.ibatis.session.defaults.DefaultSqlSession@37baddde] was not registered for synchronization because synchronization is not active
Closing non transactional SqlSession [org.apache.ibatis.session.defaults.DefaultSqlSession@37baddde]
]]></system-out>
    <system-err><![CDATA[6月 26, 2023 12:18:19 上午 com.mchange.v2.resourcepool.BasicResourcePool 
警告: com.mchange.v2.resourcepool.BasicResourcePool$ScatteredAcquireTask@4874911 -- Acquisition Attempt Failed!!! Clearing pending acquires. While trying to acquire a needed new resource, we failed to succeed more than the maximum number of allowed acquisition attempts (2). Last acquisition attempt exception: 
java.sql.SQLNonTransientConnectionException: Data source rejected establishment of connection,  message from server: "Too many connections"
	at com.mysql.cj.jdbc.exceptions.SQLError.createSQLException(SQLError.java:110)
	at com.mysql.cj.jdbc.exceptions.SQLExceptionsMapping.translateException(SQLExceptionsMapping.java:122)
	at com.mysql.cj.jdbc.ConnectionImpl.createNewIO(ConnectionImpl.java:828)
	at com.mysql.cj.jdbc.ConnectionImpl.<init>(ConnectionImpl.java:448)
	at com.mysql.cj.jdbc.ConnectionImpl.getInstance(ConnectionImpl.java:241)
	at com.mysql.cj.jdbc.NonRegisteringDriver.connect(NonRegisteringDriver.java:198)
	at com.mchange.v2.c3p0.DriverManagerDataSource.getConnection(DriverManagerDataSource.java:175)
	at com.mchange.v2.c3p0.WrapperConnectionPoolDataSource.getPooledConnection(WrapperConnectionPoolDataSource.java:220)
	at com.mchange.v2.c3p0.WrapperConnectionPoolDataSource.getPooledConnection(WrapperConnectionPoolDataSource.java:206)
	at com.mchange.v2.c3p0.impl.C3P0PooledConnectionPool$1PooledConnectionResourcePoolManager.acquireResource(C3P0PooledConnectionPool.java:203)
	at com.mchange.v2.resourcepool.BasicResourcePool.doAcquire(BasicResourcePool.java:1176)
	at com.mchange.v2.resourcepool.BasicResourcePool.doAcquireAndDecrementPendingAcquiresWithinLockOnSuccess(BasicResourcePool.java:1163)
	at com.mchange.v2.resourcepool.BasicResourcePool.access$700(BasicResourcePool.java:44)
	at com.mchange.v2.resourcepool.BasicResourcePool$ScatteredAcquireTask.run(BasicResourcePool.java:1908)
	at com.mchange.v2.async.ThreadPoolAsynchronousRunner$PoolThread.run(ThreadPoolAsynchronousRunner.java:696)

6月 26, 2023 12:18:19 上午 com.mchange.v2.resourcepool.BasicResourcePool 
警告: Having failed to acquire a resource, com.mchange.v2.resourcepool.BasicResourcePool@7c601d50 is interrupting all Threads waiting on a resource to check out. Will try again in response to new client requests.
6月 26, 2023 12:18:19 上午 com.mchange.v2.resourcepool.BasicResourcePool 
警告: com.mchange.v2.resourcepool.BasicResourcePool$ScatteredAcquireTask@e8ae475 -- Acquisition Attempt Failed!!! Clearing pending acquires. While trying to acquire a needed new resource, we failed to succeed more than the maximum number of allowed acquisition attempts (2). Last acquisition attempt exception: 
java.sql.SQLNonTransientConnectionException: Data source rejected establishment of connection,  message from server: "Too many connections"
	at com.mysql.cj.jdbc.exceptions.SQLError.createSQLException(SQLError.java:110)
	at com.mysql.cj.jdbc.exceptions.SQLExceptionsMapping.translateException(SQLExceptionsMapping.java:122)
	at com.mysql.cj.jdbc.ConnectionImpl.createNewIO(ConnectionImpl.java:828)
	at com.mysql.cj.jdbc.ConnectionImpl.<init>(ConnectionImpl.java:448)
	at com.mysql.cj.jdbc.ConnectionImpl.getInstance(ConnectionImpl.java:241)
	at com.mysql.cj.jdbc.NonRegisteringDriver.connect(NonRegisteringDriver.java:198)
	at com.mchange.v2.c3p0.DriverManagerDataSource.getConnection(DriverManagerDataSource.java:175)
	at com.mchange.v2.c3p0.WrapperConnectionPoolDataSource.getPooledConnection(WrapperConnectionPoolDataSource.java:220)
	at com.mchange.v2.c3p0.WrapperConnectionPoolDataSource.getPooledConnection(WrapperConnectionPoolDataSource.java:206)
	at com.mchange.v2.c3p0.impl.C3P0PooledConnectionPool$1PooledConnectionResourcePoolManager.acquireResource(C3P0PooledConnectionPool.java:203)
	at com.mchange.v2.resourcepool.BasicResourcePool.doAcquire(BasicResourcePool.java:1176)
	at com.mchange.v2.resourcepool.BasicResourcePool.doAcquireAndDecrementPendingAcquiresWithinLockOnSuccess(BasicResourcePool.java:1163)
	at com.mchange.v2.resourcepool.BasicResourcePool.access$700(BasicResourcePool.java:44)
	at com.mchange.v2.resourcepool.BasicResourcePool$ScatteredAcquireTask.run(BasicResourcePool.java:1908)
	at com.mchange.v2.async.ThreadPoolAsynchronousRunner$PoolThread.run(ThreadPoolAsynchronousRunner.java:696)

6月 26, 2023 12:18:19 上午 com.mchange.v2.resourcepool.BasicResourcePool 
警告: Having failed to acquire a resource, com.mchange.v2.resourcepool.BasicResourcePool@7c601d50 is interrupting all Threads waiting on a resource to check out. Will try again in response to new client requests.
6月 26, 2023 12:18:19 上午 com.mchange.v2.resourcepool.BasicResourcePool 
警告: com.mchange.v2.resourcepool.BasicResourcePool$ScatteredAcquireTask@369e899e -- Acquisition Attempt Failed!!! Clearing pending acquires. While trying to acquire a needed new resource, we failed to succeed more than the maximum number of allowed acquisition attempts (2). Last acquisition attempt exception: 
java.sql.SQLNonTransientConnectionException: Data source rejected establishment of connection,  message from server: "Too many connections"
	at com.mysql.cj.jdbc.exceptions.SQLError.createSQLException(SQLError.java:110)
	at com.mysql.cj.jdbc.exceptions.SQLExceptionsMapping.translateException(SQLExceptionsMapping.java:122)
	at com.mysql.cj.jdbc.ConnectionImpl.createNewIO(ConnectionImpl.java:828)
	at com.mysql.cj.jdbc.ConnectionImpl.<init>(ConnectionImpl.java:448)
	at com.mysql.cj.jdbc.ConnectionImpl.getInstance(ConnectionImpl.java:241)
	at com.mysql.cj.jdbc.NonRegisteringDriver.connect(NonRegisteringDriver.java:198)
	at com.mchange.v2.c3p0.DriverManagerDataSource.getConnection(DriverManagerDataSource.java:175)
	at com.mchange.v2.c3p0.WrapperConnectionPoolDataSource.getPooledConnection(WrapperConnectionPoolDataSource.java:220)
	at com.mchange.v2.c3p0.WrapperConnectionPoolDataSource.getPooledConnection(WrapperConnectionPoolDataSource.java:206)
	at com.mchange.v2.c3p0.impl.C3P0PooledConnectionPool$1PooledConnectionResourcePoolManager.acquireResource(C3P0PooledConnectionPool.java:203)
	at com.mchange.v2.resourcepool.BasicResourcePool.doAcquire(BasicResourcePool.java:1176)
	at com.mchange.v2.resourcepool.BasicResourcePool.doAcquireAndDecrementPendingAcquiresWithinLockOnSuccess(BasicResourcePool.java:1163)
	at com.mchange.v2.resourcepool.BasicResourcePool.access$700(BasicResourcePool.java:44)
	at com.mchange.v2.resourcepool.BasicResourcePool$ScatteredAcquireTask.run(BasicResourcePool.java:1908)
	at com.mchange.v2.async.ThreadPoolAsynchronousRunner$PoolThread.run(ThreadPoolAsynchronousRunner.java:696)

6月 26, 2023 12:18:19 上午 com.mchange.v2.resourcepool.BasicResourcePool 
警告: com.mchange.v2.resourcepool.BasicResourcePool$ScatteredAcquireTask@1fdfe2de -- Acquisition Attempt Failed!!! Clearing pending acquires. While trying to acquire a needed new resource, we failed to succeed more than the maximum number of allowed acquisition attempts (2). Last acquisition attempt exception: 
java.sql.SQLNonTransientConnectionException: Data source rejected establishment of connection,  message from server: "Too many connections"
	at com.mysql.cj.jdbc.exceptions.SQLError.createSQLException(SQLError.java:110)
	at com.mysql.cj.jdbc.exceptions.SQLExceptionsMapping.translateException(SQLExceptionsMapping.java:122)
	at com.mysql.cj.jdbc.ConnectionImpl.createNewIO(ConnectionImpl.java:828)
	at com.mysql.cj.jdbc.ConnectionImpl.<init>(ConnectionImpl.java:448)
	at com.mysql.cj.jdbc.ConnectionImpl.getInstance(ConnectionImpl.java:241)
	at com.mysql.cj.jdbc.NonRegisteringDriver.connect(NonRegisteringDriver.java:198)
	at com.mchange.v2.c3p0.DriverManagerDataSource.getConnection(DriverManagerDataSource.java:175)
	at com.mchange.v2.c3p0.WrapperConnectionPoolDataSource.getPooledConnection(WrapperConnectionPoolDataSource.java:220)
	at com.mchange.v2.c3p0.WrapperConnectionPoolDataSource.getPooledConnection(WrapperConnectionPoolDataSource.java:206)
	at com.mchange.v2.c3p0.impl.C3P0PooledConnectionPool$1PooledConnectionResourcePoolManager.acquireResource(C3P0PooledConnectionPool.java:203)
	at com.mchange.v2.resourcepool.BasicResourcePool.doAcquire(BasicResourcePool.java:1176)
	at com.mchange.v2.resourcepool.BasicResourcePool.doAcquireAndDecrementPendingAcquiresWithinLockOnSuccess(BasicResourcePool.java:1163)
	at com.mchange.v2.resourcepool.BasicResourcePool.access$700(BasicResourcePool.java:44)
	at com.mchange.v2.resourcepool.BasicResourcePool$ScatteredAcquireTask.run(BasicResourcePool.java:1908)
	at com.mchange.v2.async.ThreadPoolAsynchronousRunner$PoolThread.run(ThreadPoolAsynchronousRunner.java:696)

6月 26, 2023 12:18:19 上午 com.mchange.v2.resourcepool.BasicResourcePool 
警告: Having failed to acquire a resource, com.mchange.v2.resourcepool.BasicResourcePool@7c601d50 is interrupting all Threads waiting on a resource to check out. Will try again in response to new client requests.
6月 26, 2023 12:18:19 上午 com.mchange.v2.resourcepool.BasicResourcePool 
警告: com.mchange.v2.resourcepool.BasicResourcePool$ScatteredAcquireTask@5b12cf13 -- Acquisition Attempt Failed!!! Clearing pending acquires. While trying to acquire a needed new resource, we failed to succeed more than the maximum number of allowed acquisition attempts (2). Last acquisition attempt exception: 
java.sql.SQLNonTransientConnectionException: Data source rejected establishment of connection,  message from server: "Too many connections"
	at com.mysql.cj.jdbc.exceptions.SQLError.createSQLException(SQLError.java:110)
	at com.mysql.cj.jdbc.exceptions.SQLExceptionsMapping.translateException(SQLExceptionsMapping.java:122)
	at com.mysql.cj.jdbc.ConnectionImpl.createNewIO(ConnectionImpl.java:828)
	at com.mysql.cj.jdbc.ConnectionImpl.<init>(ConnectionImpl.java:448)
	at com.mysql.cj.jdbc.ConnectionImpl.getInstance(ConnectionImpl.java:241)
	at com.mysql.cj.jdbc.NonRegisteringDriver.connect(NonRegisteringDriver.java:198)
	at com.mchange.v2.c3p0.DriverManagerDataSource.getConnection(DriverManagerDataSource.java:175)
	at com.mchange.v2.c3p0.WrapperConnectionPoolDataSource.getPooledConnection(WrapperConnectionPoolDataSource.java:220)
	at com.mchange.v2.c3p0.WrapperConnectionPoolDataSource.getPooledConnection(WrapperConnectionPoolDataSource.java:206)
	at com.mchange.v2.c3p0.impl.C3P0PooledConnectionPool$1PooledConnectionResourcePoolManager.acquireResource(C3P0PooledConnectionPool.java:203)
	at com.mchange.v2.resourcepool.BasicResourcePool.doAcquire(BasicResourcePool.java:1176)
	at com.mchange.v2.resourcepool.BasicResourcePool.doAcquireAndDecrementPendingAcquiresWithinLockOnSuccess(BasicResourcePool.java:1163)
	at com.mchange.v2.resourcepool.BasicResourcePool.access$700(BasicResourcePool.java:44)
	at com.mchange.v2.resourcepool.BasicResourcePool$ScatteredAcquireTask.run(BasicResourcePool.java:1908)
	at com.mchange.v2.async.ThreadPoolAsynchronousRunner$PoolThread.run(ThreadPoolAsynchronousRunner.java:696)

6月 26, 2023 12:18:19 上午 com.mchange.v2.resourcepool.BasicResourcePool 
警告: Having failed to acquire a resource, com.mchange.v2.resourcepool.BasicResourcePool@7c601d50 is interrupting all Threads waiting on a resource to check out. Will try again in response to new client requests.
6月 26, 2023 12:18:19 上午 com.mchange.v2.resourcepool.BasicResourcePool 
警告: Having failed to acquire a resource, com.mchange.v2.resourcepool.BasicResourcePool@7c601d50 is interrupting all Threads waiting on a resource to check out. Will try again in response to new client requests.
6月 26, 2023 12:18:19 上午 com.mchange.v2.resourcepool.BasicResourcePool 
警告: com.mchange.v2.resourcepool.BasicResourcePool$ScatteredAcquireTask@4e7f746f -- Acquisition Attempt Failed!!! Clearing pending acquires. While trying to acquire a needed new resource, we failed to succeed more than the maximum number of allowed acquisition attempts (2). Last acquisition attempt exception: 
java.sql.SQLNonTransientConnectionException: Data source rejected establishment of connection,  message from server: "Too many connections"
	at com.mysql.cj.jdbc.exceptions.SQLError.createSQLException(SQLError.java:110)
	at com.mysql.cj.jdbc.exceptions.SQLExceptionsMapping.translateException(SQLExceptionsMapping.java:122)
	at com.mysql.cj.jdbc.ConnectionImpl.createNewIO(ConnectionImpl.java:828)
	at com.mysql.cj.jdbc.ConnectionImpl.<init>(ConnectionImpl.java:448)
	at com.mysql.cj.jdbc.ConnectionImpl.getInstance(ConnectionImpl.java:241)
	at com.mysql.cj.jdbc.NonRegisteringDriver.connect(NonRegisteringDriver.java:198)
	at com.mchange.v2.c3p0.DriverManagerDataSource.getConnection(DriverManagerDataSource.java:175)
	at com.mchange.v2.c3p0.WrapperConnectionPoolDataSource.getPooledConnection(WrapperConnectionPoolDataSource.java:220)
	at com.mchange.v2.c3p0.WrapperConnectionPoolDataSource.getPooledConnection(WrapperConnectionPoolDataSource.java:206)
	at com.mchange.v2.c3p0.impl.C3P0PooledConnectionPool$1PooledConnectionResourcePoolManager.acquireResource(C3P0PooledConnectionPool.java:203)
	at com.mchange.v2.resourcepool.BasicResourcePool.doAcquire(BasicResourcePool.java:1176)
	at com.mchange.v2.resourcepool.BasicResourcePool.doAcquireAndDecrementPendingAcquiresWithinLockOnSuccess(BasicResourcePool.java:1163)
	at com.mchange.v2.resourcepool.BasicResourcePool.access$700(BasicResourcePool.java:44)
	at com.mchange.v2.resourcepool.BasicResourcePool$ScatteredAcquireTask.run(BasicResourcePool.java:1908)
	at com.mchange.v2.async.ThreadPoolAsynchronousRunner$PoolThread.run(ThreadPoolAsynchronousRunner.java:696)

6月 26, 2023 12:18:19 上午 com.mchange.v2.resourcepool.BasicResourcePool 
警告: Having failed to acquire a resource, com.mchange.v2.resourcepool.BasicResourcePool@7c601d50 is interrupting all Threads waiting on a resource to check out. Will try again in response to new client requests.
6月 26, 2023 12:18:19 上午 com.mchange.v2.resourcepool.BasicResourcePool 
警告: com.mchange.v2.resourcepool.BasicResourcePool$ScatteredAcquireTask@731ef74d -- Acquisition Attempt Failed!!! Clearing pending acquires. While trying to acquire a needed new resource, we failed to succeed more than the maximum number of allowed acquisition attempts (2). Last acquisition attempt exception: 
java.sql.SQLNonTransientConnectionException: Data source rejected establishment of connection,  message from server: "Too many connections"
	at com.mysql.cj.jdbc.exceptions.SQLError.createSQLException(SQLError.java:110)
	at com.mysql.cj.jdbc.exceptions.SQLExceptionsMapping.translateException(SQLExceptionsMapping.java:122)
	at com.mysql.cj.jdbc.ConnectionImpl.createNewIO(ConnectionImpl.java:828)
	at com.mysql.cj.jdbc.ConnectionImpl.<init>(ConnectionImpl.java:448)
	at com.mysql.cj.jdbc.ConnectionImpl.getInstance(ConnectionImpl.java:241)
	at com.mysql.cj.jdbc.NonRegisteringDriver.connect(NonRegisteringDriver.java:198)
	at com.mchange.v2.c3p0.DriverManagerDataSource.getConnection(DriverManagerDataSource.java:175)
	at com.mchange.v2.c3p0.WrapperConnectionPoolDataSource.getPooledConnection(WrapperConnectionPoolDataSource.java:220)
	at com.mchange.v2.c3p0.WrapperConnectionPoolDataSource.getPooledConnection(WrapperConnectionPoolDataSource.java:206)
	at com.mchange.v2.c3p0.impl.C3P0PooledConnectionPool$1PooledConnectionResourcePoolManager.acquireResource(C3P0PooledConnectionPool.java:203)
	at com.mchange.v2.resourcepool.BasicResourcePool.doAcquire(BasicResourcePool.java:1176)
	at com.mchange.v2.resourcepool.BasicResourcePool.doAcquireAndDecrementPendingAcquiresWithinLockOnSuccess(BasicResourcePool.java:1163)
	at com.mchange.v2.resourcepool.BasicResourcePool.access$700(BasicResourcePool.java:44)
	at com.mchange.v2.resourcepool.BasicResourcePool$ScatteredAcquireTask.run(BasicResourcePool.java:1908)
	at com.mchange.v2.async.ThreadPoolAsynchronousRunner$PoolThread.run(ThreadPoolAsynchronousRunner.java:696)

6月 26, 2023 12:18:19 上午 com.mchange.v2.resourcepool.BasicResourcePool 
警告: Having failed to acquire a resource, com.mchange.v2.resourcepool.BasicResourcePool@7c601d50 is interrupting all Threads waiting on a resource to check out. Will try again in response to new client requests.
6月 26, 2023 12:18:19 上午 com.mchange.v2.c3p0.impl.AbstractPoolBackedDataSource 
信息: Initializing c3p0 pool... com.mchange.v2.c3p0.ComboPooledDataSource [ acquireIncrement -> 3, acquireRetryAttempts -> 2, acquireRetryDelay -> 1000, autoCommitOnClose -> false, automaticTestTable -> null, breakAfterAcquireFailure -> false, checkoutTimeout -> 10000, connectionCustomizerClassName -> null, connectionTesterClassName -> com.mchange.v2.c3p0.impl.DefaultConnectionTester, contextClassLoaderSource -> caller, dataSourceName -> 1br4pa9aw1viqmzl1u0e1h9|7e4c72d6, debugUnreturnedConnectionStackTraces -> false, description -> null, driverClass -> com.mysql.cj.jdbc.Driver, extensions -> {}, factoryClassLocation -> null, forceIgnoreUnresolvedTransactions -> false, forceSynchronousCheckins -> false, forceUseNamedDriverClass -> false, identityToken -> 1br4pa9aw1viqmzl1u0e1h9|7e4c72d6, idleConnectionTestPeriod -> 0, initialPoolSize -> 3, jdbcUrl -> jdbc:mysql://localhost:3306/school?serverTimezone=Asia/Shanghai&useSSL=true&useUnicode=true&characterEncoding=UTF-8&allowMultiQueries=true, maxAdministrativeTaskTime -> 0, maxConnectionAge -> 0, maxIdleTime -> 0, maxIdleTimeExcessConnections -> 0, maxPoolSize -> 30, maxStatements -> 0, maxStatementsPerConnection -> 0, minPoolSize -> 10, numHelperThreads -> 3, preferredTestQuery -> null, privilegeSpawnedThreads -> false, properties -> {password=******, user=******}, propertyCycle -> 0, statementCacheNumDeferredCloseThreads -> 0, testConnectionOnCheckin -> false, testConnectionOnCheckout -> false, unreturnedConnectionTimeout -> 0, userOverrides -> {}, usesTraditionalReflectiveProxies -> false ]
6月 26, 2023 12:18:19 上午 com.mchange.v2.resourcepool.BasicResourcePool 
警告: Bad pool size config, start 3 < min 10. Using 10 as start.
6月 26, 2023 12:18:21 上午 com.mchange.v2.resourcepool.BasicResourcePool 
警告: com.mchange.v2.resourcepool.BasicResourcePool$ScatteredAcquireTask@22731aef -- Acquisition Attempt Failed!!! Clearing pending acquires. While trying to acquire a needed new resource, we failed to succeed more than the maximum number of allowed acquisition attempts (2). Last acquisition attempt exception: 
java.sql.SQLNonTransientConnectionException: Data source rejected establishment of connection,  message from server: "Too many connections"
	at com.mysql.cj.jdbc.exceptions.SQLError.createSQLException(SQLError.java:110)
	at com.mysql.cj.jdbc.exceptions.SQLExceptionsMapping.translateException(SQLExceptionsMapping.java:122)
	at com.mysql.cj.jdbc.ConnectionImpl.createNewIO(ConnectionImpl.java:828)
	at com.mysql.cj.jdbc.ConnectionImpl.<init>(ConnectionImpl.java:448)
	at com.mysql.cj.jdbc.ConnectionImpl.getInstance(ConnectionImpl.java:241)
	at com.mysql.cj.jdbc.NonRegisteringDriver.connect(NonRegisteringDriver.java:198)
	at com.mchange.v2.c3p0.DriverManagerDataSource.getConnection(DriverManagerDataSource.java:175)
	at com.mchange.v2.c3p0.WrapperConnectionPoolDataSource.getPooledConnection(WrapperConnectionPoolDataSource.java:220)
	at com.mchange.v2.c3p0.WrapperConnectionPoolDataSource.getPooledConnection(WrapperConnectionPoolDataSource.java:206)
	at com.mchange.v2.c3p0.impl.C3P0PooledConnectionPool$1PooledConnectionResourcePoolManager.acquireResource(C3P0PooledConnectionPool.java:203)
	at com.mchange.v2.resourcepool.BasicResourcePool.doAcquire(BasicResourcePool.java:1176)
	at com.mchange.v2.resourcepool.BasicResourcePool.doAcquireAndDecrementPendingAcquiresWithinLockOnSuccess(BasicResourcePool.java:1163)
	at com.mchange.v2.resourcepool.BasicResourcePool.access$700(BasicResourcePool.java:44)
	at com.mchange.v2.resourcepool.BasicResourcePool$ScatteredAcquireTask.run(BasicResourcePool.java:1908)
	at com.mchange.v2.async.ThreadPoolAsynchronousRunner$PoolThread.run(ThreadPoolAsynchronousRunner.java:696)

6月 26, 2023 12:18:21 上午 com.mchange.v2.resourcepool.BasicResourcePool 
警告: com.mchange.v2.resourcepool.BasicResourcePool$ScatteredAcquireTask@16387519 -- Acquisition Attempt Failed!!! Clearing pending acquires. While trying to acquire a needed new resource, we failed to succeed more than the maximum number of allowed acquisition attempts (2). Last acquisition attempt exception: 
java.sql.SQLNonTransientConnectionException: Data source rejected establishment of connection,  message from server: "Too many connections"
	at com.mysql.cj.jdbc.exceptions.SQLError.createSQLException(SQLError.java:110)
	at com.mysql.cj.jdbc.exceptions.SQLExceptionsMapping.translateException(SQLExceptionsMapping.java:122)
	at com.mysql.cj.jdbc.ConnectionImpl.createNewIO(ConnectionImpl.java:828)
	at com.mysql.cj.jdbc.ConnectionImpl.<init>(ConnectionImpl.java:448)
	at com.mysql.cj.jdbc.ConnectionImpl.getInstance(ConnectionImpl.java:241)
	at com.mysql.cj.jdbc.NonRegisteringDriver.connect(NonRegisteringDriver.java:198)
	at com.mchange.v2.c3p0.DriverManagerDataSource.getConnection(DriverManagerDataSource.java:175)
	at com.mchange.v2.c3p0.WrapperConnectionPoolDataSource.getPooledConnection(WrapperConnectionPoolDataSource.java:220)
	at com.mchange.v2.c3p0.WrapperConnectionPoolDataSource.getPooledConnection(WrapperConnectionPoolDataSource.java:206)
	at com.mchange.v2.c3p0.impl.C3P0PooledConnectionPool$1PooledConnectionResourcePoolManager.acquireResource(C3P0PooledConnectionPool.java:203)
	at com.mchange.v2.resourcepool.BasicResourcePool.doAcquire(BasicResourcePool.java:1176)
	at com.mchange.v2.resourcepool.BasicResourcePool.doAcquireAndDecrementPendingAcquiresWithinLockOnSuccess(BasicResourcePool.java:1163)
	at com.mchange.v2.resourcepool.BasicResourcePool.access$700(BasicResourcePool.java:44)
	at com.mchange.v2.resourcepool.BasicResourcePool$ScatteredAcquireTask.run(BasicResourcePool.java:1908)
	at com.mchange.v2.async.ThreadPoolAsynchronousRunner$PoolThread.run(ThreadPoolAsynchronousRunner.java:696)

6月 26, 2023 12:18:21 上午 com.mchange.v2.resourcepool.BasicResourcePool 
警告: com.mchange.v2.resourcepool.BasicResourcePool$ScatteredAcquireTask@623df33d -- Acquisition Attempt Failed!!! Clearing pending acquires. While trying to acquire a needed new resource, we failed to succeed more than the maximum number of allowed acquisition attempts (2). Last acquisition attempt exception: 
java.sql.SQLNonTransientConnectionException: Data source rejected establishment of connection,  message from server: "Too many connections"
	at com.mysql.cj.jdbc.exceptions.SQLError.createSQLException(SQLError.java:110)
	at com.mysql.cj.jdbc.exceptions.SQLExceptionsMapping.translateException(SQLExceptionsMapping.java:122)
	at com.mysql.cj.jdbc.ConnectionImpl.createNewIO(ConnectionImpl.java:828)
	at com.mysql.cj.jdbc.ConnectionImpl.<init>(ConnectionImpl.java:448)
	at com.mysql.cj.jdbc.ConnectionImpl.getInstance(ConnectionImpl.java:241)
	at com.mysql.cj.jdbc.NonRegisteringDriver.connect(NonRegisteringDriver.java:198)
	at com.mchange.v2.c3p0.DriverManagerDataSource.getConnection(DriverManagerDataSource.java:175)
	at com.mchange.v2.c3p0.WrapperConnectionPoolDataSource.getPooledConnection(WrapperConnectionPoolDataSource.java:220)
	at com.mchange.v2.c3p0.WrapperConnectionPoolDataSource.getPooledConnection(WrapperConnectionPoolDataSource.java:206)
	at com.mchange.v2.c3p0.impl.C3P0PooledConnectionPool$1PooledConnectionResourcePoolManager.acquireResource(C3P0PooledConnectionPool.java:203)
	at com.mchange.v2.resourcepool.BasicResourcePool.doAcquire(BasicResourcePool.java:1176)
	at com.mchange.v2.resourcepool.BasicResourcePool.doAcquireAndDecrementPendingAcquiresWithinLockOnSuccess(BasicResourcePool.java:1163)
	at com.mchange.v2.resourcepool.BasicResourcePool.access$700(BasicResourcePool.java:44)
	at com.mchange.v2.resourcepool.BasicResourcePool$ScatteredAcquireTask.run(BasicResourcePool.java:1908)
	at com.mchange.v2.async.ThreadPoolAsynchronousRunner$PoolThread.run(ThreadPoolAsynchronousRunner.java:696)

6月 26, 2023 12:18:21 上午 com.mchange.v2.resourcepool.BasicResourcePool 
警告: Having failed to acquire a resource, com.mchange.v2.resourcepool.BasicResourcePool@70d63e05 is interrupting all Threads waiting on a resource to check out. Will try again in response to new client requests.
6月 26, 2023 12:18:21 上午 com.mchange.v2.resourcepool.BasicResourcePool 
警告: Having failed to acquire a resource, com.mchange.v2.resourcepool.BasicResourcePool@70d63e05 is interrupting all Threads waiting on a resource to check out. Will try again in response to new client requests.
6月 26, 2023 12:18:21 上午 com.mchange.v2.resourcepool.BasicResourcePool 
警告: Having failed to acquire a resource, com.mchange.v2.resourcepool.BasicResourcePool@70d63e05 is interrupting all Threads waiting on a resource to check out. Will try again in response to new client requests.
]]></system-err>
  </testcase>
  <testcase name="test5" classname="MyTest" time="2.123">
    <error message="nested exception is org.apache.ibatis.exceptions.PersistenceException: &#10;### Error querying database.  Cause: org.springframework.jdbc.CannotGetJdbcConnectionException: Failed to obtain JDBC Connection; nested exception is java.sql.SQLException: Connections could not be acquired from the underlying database!&#10;### The error may exist in com/ecut/dao/TeacherMapper.xml&#10;### The error may involve com.ecut.dao.TeacherMapper.selectCount&#10;### The error occurred while executing a query&#10;### Cause: org.springframework.jdbc.CannotGetJdbcConnectionException: Failed to obtain JDBC Connection; nested exception is java.sql.SQLException: Connections could not be acquired from the underlying database!" type="org.mybatis.spring.MyBatisSystemException"><![CDATA[org.mybatis.spring.MyBatisSystemException: 
nested exception is org.apache.ibatis.exceptions.PersistenceException: 
### Error querying database.  Cause: org.springframework.jdbc.CannotGetJdbcConnectionException: Failed to obtain JDBC Connection; nested exception is java.sql.SQLException: Connections could not be acquired from the underlying database!
### The error may exist in com/ecut/dao/TeacherMapper.xml
### The error may involve com.ecut.dao.TeacherMapper.selectCount
### The error occurred while executing a query
### Cause: org.springframework.jdbc.CannotGetJdbcConnectionException: Failed to obtain JDBC Connection; nested exception is java.sql.SQLException: Connections could not be acquired from the underlying database!
	at org.mybatis.spring.MyBatisExceptionTranslator.translateExceptionIfPossible(MyBatisExceptionTranslator.java:78)
	at org.mybatis.spring.SqlSessionTemplate$SqlSessionInterceptor.invoke(SqlSessionTemplate.java:440)
	at com.sun.proxy.$Proxy19.selectOne(Unknown Source)
	at org.mybatis.spring.SqlSessionTemplate.selectOne(SqlSessionTemplate.java:159)
	at org.apache.ibatis.binding.MapperMethod.execute(MapperMethod.java:87)
	at org.apache.ibatis.binding.MapperProxy$PlainMethodInvoker.invoke(MapperProxy.java:152)
	at org.apache.ibatis.binding.MapperProxy.invoke(MapperProxy.java:85)
	at com.sun.proxy.$Proxy35.selectCount(Unknown Source)
	at com.ecut.service.impl.TeacherServiceImpl.selectCount(TeacherServiceImpl.java:126)
	at MyTest.test5(MyTest.java:65)
	at java.base/jdk.internal.reflect.NativeMethodAccessorImpl.invoke0(Native Method)
	at java.base/jdk.internal.reflect.NativeMethodAccessorImpl.invoke(NativeMethodAccessorImpl.java:62)
	at java.base/jdk.internal.reflect.DelegatingMethodAccessorImpl.invoke(DelegatingMethodAccessorImpl.java:43)
	at java.base/java.lang.reflect.Method.invoke(Method.java:566)
	at org.junit.runners.model.FrameworkMethod$1.runReflectiveCall(FrameworkMethod.java:50)
	at org.junit.internal.runners.model.ReflectiveCallable.run(ReflectiveCallable.java:12)
	at org.junit.runners.model.FrameworkMethod.invokeExplosively(FrameworkMethod.java:47)
	at org.junit.internal.runners.statements.InvokeMethod.evaluate(InvokeMethod.java:17)
	at org.junit.runners.ParentRunner.runLeaf(ParentRunner.java:325)
	at org.junit.runners.BlockJUnit4ClassRunner.runChild(BlockJUnit4ClassRunner.java:78)
	at org.junit.runners.BlockJUnit4ClassRunner.runChild(BlockJUnit4ClassRunner.java:57)
	at org.junit.runners.ParentRunner$3.run(ParentRunner.java:290)
	at org.junit.runners.ParentRunner$1.schedule(ParentRunner.java:71)
	at org.junit.runners.ParentRunner.runChildren(ParentRunner.java:288)
	at org.junit.runners.ParentRunner.access$000(ParentRunner.java:58)
	at org.junit.runners.ParentRunner$2.evaluate(ParentRunner.java:268)
	at org.junit.runners.ParentRunner.run(ParentRunner.java:363)
	at org.apache.maven.surefire.junit4.JUnit4Provider.execute(JUnit4Provider.java:316)
	at org.apache.maven.surefire.junit4.JUnit4Provider.executeWithRerun(JUnit4Provider.java:240)
	at org.apache.maven.surefire.junit4.JUnit4Provider.executeTestSet(JUnit4Provider.java:214)
	at org.apache.maven.surefire.junit4.JUnit4Provider.invoke(JUnit4Provider.java:155)
	at org.apache.maven.surefire.booter.ForkedBooter.runSuitesInProcess(ForkedBooter.java:385)
	at org.apache.maven.surefire.booter.ForkedBooter.execute(ForkedBooter.java:162)
	at org.apache.maven.surefire.booter.ForkedBooter.run(ForkedBooter.java:507)
	at org.apache.maven.surefire.booter.ForkedBooter.main(ForkedBooter.java:495)
Caused by: org.apache.ibatis.exceptions.PersistenceException: 
### Error querying database.  Cause: org.springframework.jdbc.CannotGetJdbcConnectionException: Failed to obtain JDBC Connection; nested exception is java.sql.SQLException: Connections could not be acquired from the underlying database!
### The error may exist in com/ecut/dao/TeacherMapper.xml
### The error may involve com.ecut.dao.TeacherMapper.selectCount
### The error occurred while executing a query
### Cause: org.springframework.jdbc.CannotGetJdbcConnectionException: Failed to obtain JDBC Connection; nested exception is java.sql.SQLException: Connections could not be acquired from the underlying database!
	at org.apache.ibatis.exceptions.ExceptionFactory.wrapException(ExceptionFactory.java:30)
	at org.apache.ibatis.session.defaults.DefaultSqlSession.selectList(DefaultSqlSession.java:149)
	at org.apache.ibatis.session.defaults.DefaultSqlSession.selectList(DefaultSqlSession.java:140)
	at org.apache.ibatis.session.defaults.DefaultSqlSession.selectOne(DefaultSqlSession.java:76)
	at java.base/jdk.internal.reflect.NativeMethodAccessorImpl.invoke0(Native Method)
	at java.base/jdk.internal.reflect.NativeMethodAccessorImpl.invoke(NativeMethodAccessorImpl.java:62)
	at java.base/jdk.internal.reflect.DelegatingMethodAccessorImpl.invoke(DelegatingMethodAccessorImpl.java:43)
	at java.base/java.lang.reflect.Method.invoke(Method.java:566)
	at org.mybatis.spring.SqlSessionTemplate$SqlSessionInterceptor.invoke(SqlSessionTemplate.java:426)
	... 33 more
Caused by: org.springframework.jdbc.CannotGetJdbcConnectionException: Failed to obtain JDBC Connection; nested exception is java.sql.SQLException: Connections could not be acquired from the underlying database!
	at org.springframework.jdbc.datasource.DataSourceUtils.getConnection(DataSourceUtils.java:82)
	at org.mybatis.spring.transaction.SpringManagedTransaction.openConnection(SpringManagedTransaction.java:80)
	at org.mybatis.spring.transaction.SpringManagedTransaction.getConnection(SpringManagedTransaction.java:67)
	at org.apache.ibatis.executor.BaseExecutor.getConnection(BaseExecutor.java:337)
	at org.apache.ibatis.executor.SimpleExecutor.prepareStatement(SimpleExecutor.java:86)
	at org.apache.ibatis.executor.SimpleExecutor.doQuery(SimpleExecutor.java:62)
	at org.apache.ibatis.executor.BaseExecutor.queryFromDatabase(BaseExecutor.java:325)
	at org.apache.ibatis.executor.BaseExecutor.query(BaseExecutor.java:156)
	at org.apache.ibatis.executor.CachingExecutor.query(CachingExecutor.java:109)
	at org.apache.ibatis.executor.CachingExecutor.query(CachingExecutor.java:89)
	at org.apache.ibatis.session.defaults.DefaultSqlSession.selectList(DefaultSqlSession.java:147)
	... 40 more
Caused by: java.sql.SQLException: Connections could not be acquired from the underlying database!
	at com.mchange.v2.sql.SqlUtils.toSQLException(SqlUtils.java:118)
	at com.mchange.v2.c3p0.impl.C3P0PooledConnectionPool.checkoutPooledConnection(C3P0PooledConnectionPool.java:692)
	at com.mchange.v2.c3p0.impl.AbstractPoolBackedDataSource.getConnection(AbstractPoolBackedDataSource.java:140)
	at org.springframework.jdbc.datasource.DataSourceUtils.fetchConnection(DataSourceUtils.java:158)
	at org.springframework.jdbc.datasource.DataSourceUtils.doGetConnection(DataSourceUtils.java:116)
	at org.springframework.jdbc.datasource.DataSourceUtils.getConnection(DataSourceUtils.java:79)
	... 50 more
Caused by: com.mchange.v2.resourcepool.CannotAcquireResourceException: A ResourcePool could not acquire a resource from its primary factory or source.
	at com.mchange.v2.resourcepool.BasicResourcePool.awaitAvailable(BasicResourcePool.java:1507)
	at com.mchange.v2.resourcepool.BasicResourcePool.prelimCheckoutResource(BasicResourcePool.java:644)
	at com.mchange.v2.resourcepool.BasicResourcePool.checkoutResource(BasicResourcePool.java:554)
	at com.mchange.v2.c3p0.impl.C3P0PooledConnectionPool.checkoutAndMarkConnectionInUse(C3P0PooledConnectionPool.java:758)
	at com.mchange.v2.c3p0.impl.C3P0PooledConnectionPool.checkoutPooledConnection(C3P0PooledConnectionPool.java:685)
	... 54 more
Caused by: java.sql.SQLNonTransientConnectionException: Data source rejected establishment of connection,  message from server: "Too many connections"
	at com.mysql.cj.jdbc.exceptions.SQLError.createSQLException(SQLError.java:110)
	at com.mysql.cj.jdbc.exceptions.SQLExceptionsMapping.translateException(SQLExceptionsMapping.java:122)
	at com.mysql.cj.jdbc.ConnectionImpl.createNewIO(ConnectionImpl.java:828)
	at com.mysql.cj.jdbc.ConnectionImpl.<init>(ConnectionImpl.java:448)
	at com.mysql.cj.jdbc.ConnectionImpl.getInstance(ConnectionImpl.java:241)
	at com.mysql.cj.jdbc.NonRegisteringDriver.connect(NonRegisteringDriver.java:198)
	at com.mchange.v2.c3p0.DriverManagerDataSource.getConnection(DriverManagerDataSource.java:175)
	at com.mchange.v2.c3p0.WrapperConnectionPoolDataSource.getPooledConnection(WrapperConnectionPoolDataSource.java:220)
	at com.mchange.v2.c3p0.WrapperConnectionPoolDataSource.getPooledConnection(WrapperConnectionPoolDataSource.java:206)
	at com.mchange.v2.c3p0.impl.C3P0PooledConnectionPool$1PooledConnectionResourcePoolManager.acquireResource(C3P0PooledConnectionPool.java:203)
	at com.mchange.v2.resourcepool.BasicResourcePool.doAcquire(BasicResourcePool.java:1176)
	at com.mchange.v2.resourcepool.BasicResourcePool.doAcquireAndDecrementPendingAcquiresWithinLockOnSuccess(BasicResourcePool.java:1163)
	at com.mchange.v2.resourcepool.BasicResourcePool.access$700(BasicResourcePool.java:44)
	at com.mchange.v2.resourcepool.BasicResourcePool$ScatteredAcquireTask.run(BasicResourcePool.java:1908)
	at com.mchange.v2.async.ThreadPoolAsynchronousRunner$PoolThread.run(ThreadPoolAsynchronousRunner.java:696)
]]></error>
    <system-out><![CDATA[Logging initialized using 'class org.apache.ibatis.logging.stdout.StdOutImpl' adapter.
Find JAR URL: file:/D:/cg107/Desktop/school/target/classes/com/ecut/pojo
Not a JAR: file:/D:/cg107/Desktop/school/target/classes/com/ecut/pojo
Reader entry: Admin.class
Reader entry: Classes.class
Reader entry: ClassesSmall.class
Reader entry: Course.class
Reader entry: CourseScore.class
Reader entry: CourseSmall.class
Reader entry: Jobs.class
Reader entry: Lecture.class
Reader entry: Lost.class
Reader entry: Page.class
Reader entry: Score.class
Reader entry: SheTuan.class
Reader entry: SheTuanActivity.class
Reader entry: Student.class
Reader entry: StudentLogin.class
Reader entry: StudentSmall.class
Reader entry: Tcourse.class
Reader entry: Teacher.class
Reader entry: TeacherLogin.class
Reader entry: TeacherSmall.class
Listing file:/D:/cg107/Desktop/school/target/classes/com/ecut/pojo
Find JAR URL: file:/D:/cg107/Desktop/school/target/classes/com/ecut/pojo/Admin.class
Not a JAR: file:/D:/cg107/Desktop/school/target/classes/com/ecut/pojo/Admin.class
Reader entry: 漱壕&amp#0;&amp#0;&amp#0;4&amp#0;V	&amp#0;&amp#4;&amp#0;A	&amp#0;&amp#4;&amp#0;B	&amp#0;&amp#4;&amp#0;C&amp#7;&amp#0;D
Find JAR URL: file:/D:/cg107/Desktop/school/target/classes/com/ecut/pojo/Classes.class
Not a JAR: file:/D:/cg107/Desktop/school/target/classes/com/ecut/pojo/Classes.class
Reader entry: 漱壕&amp#0;&amp#0;&amp#0;4&amp#0;z	&amp#0;&amp#6;&amp#0;]	&amp#0;&amp#6;&amp#0;^	&amp#0;&amp#6;&amp#0;_	&amp#0;&amp#6;&amp#0;`	&amp#0;&amp#6;&amp#0;a&amp#7;&amp#0;b
Find JAR URL: file:/D:/cg107/Desktop/school/target/classes/com/ecut/pojo/ClassesSmall.class
Not a JAR: file:/D:/cg107/Desktop/school/target/classes/com/ecut/pojo/ClassesSmall.class
Reader entry: 漱壕&amp#0;&amp#0;&amp#0;4&amp#0;J	&amp#0;&amp#3;&amp#0;8	&amp#0;&amp#3;&amp#0;9&amp#7;&amp#0;:
Find JAR URL: file:/D:/cg107/Desktop/school/target/classes/com/ecut/pojo/Course.class
Not a JAR: file:/D:/cg107/Desktop/school/target/classes/com/ecut/pojo/Course.class
Reader entry: 漱壕&amp#0;&amp#0;&amp#0;4&amp#0;�	&amp#0;	&amp#0;}	&amp#0;	&amp#0;~	&amp#0;	&amp#0;	&amp#0;	&amp#0;�	&amp#0;	&amp#0;�	&amp#0;	&amp#0;�	&amp#0;	&amp#0;�	&amp#0;	&amp#0;�&amp#7;&amp#0;�
Find JAR URL: file:/D:/cg107/Desktop/school/target/classes/com/ecut/pojo/CourseScore.class
Not a JAR: file:/D:/cg107/Desktop/school/target/classes/com/ecut/pojo/CourseScore.class
Reader entry: 漱壕&amp#0;&amp#0;&amp#0;4&amp#0;t	&amp#0;&amp#6;&amp#0;W	&amp#0;&amp#6;&amp#0;X	&amp#0;&amp#6;&amp#0;Y	&amp#0;&amp#6;&amp#0;Z	&amp#0;&amp#6;&amp#0;[&amp#7;&amp#0;\
Find JAR URL: file:/D:/cg107/Desktop/school/target/classes/com/ecut/pojo/CourseSmall.class
Not a JAR: file:/D:/cg107/Desktop/school/target/classes/com/ecut/pojo/CourseSmall.class
Reader entry: 漱壕&amp#0;&amp#0;&amp#0;4&amp#0;J	&amp#0;&amp#3;&amp#0;8	&amp#0;&amp#3;&amp#0;9&amp#7;&amp#0;:
Find JAR URL: file:/D:/cg107/Desktop/school/target/classes/com/ecut/pojo/Jobs.class
Not a JAR: file:/D:/cg107/Desktop/school/target/classes/com/ecut/pojo/Jobs.class
Reader entry: 漱壕&amp#0;&amp#0;&amp#0;4&amp#0;�	&amp#0;&amp#7;&amp#0;`	&amp#0;&amp#7;&amp#0;a	&amp#0;&amp#7;&amp#0;b	&amp#0;&amp#7;&amp#0;c	&amp#0;&amp#7;&amp#0;d	&amp#0;&amp#7;&amp#0;e&amp#7;&amp#0;f
Find JAR URL: file:/D:/cg107/Desktop/school/target/classes/com/ecut/pojo/Lecture.class
Not a JAR: file:/D:/cg107/Desktop/school/target/classes/com/ecut/pojo/Lecture.class
Reader entry: 漱壕&amp#0;&amp#0;&amp#0;4&amp#0;�	&amp#0;&amp#7;&amp#0;c	&amp#0;&amp#7;&amp#0;d	&amp#0;&amp#7;&amp#0;e	&amp#0;&amp#7;&amp#0;f	&amp#0;&amp#7;&amp#0;g	&amp#0;&amp#7;&amp#0;h&amp#7;&amp#0;i
Find JAR URL: file:/D:/cg107/Desktop/school/target/classes/com/ecut/pojo/Lost.class
Not a JAR: file:/D:/cg107/Desktop/school/target/classes/com/ecut/pojo/Lost.class
Reader entry: 漱壕&amp#0;&amp#0;&amp#0;4&amp#0;&amp#26;
Find JAR URL: file:/D:/cg107/Desktop/school/target/classes/com/ecut/pojo/Page.class
Not a JAR: file:/D:/cg107/Desktop/school/target/classes/com/ecut/pojo/Page.class
Reader entry: 漱壕&amp#0;&amp#0;&amp#0;4&amp#0;<
Find JAR URL: file:/D:/cg107/Desktop/school/target/classes/com/ecut/pojo/Score.class
Not a JAR: file:/D:/cg107/Desktop/school/target/classes/com/ecut/pojo/Score.class
Reader entry: 漱壕&amp#0;&amp#0;&amp#0;4&amp#0;\	&amp#0;&amp#4;&amp#0;E	&amp#0;&amp#4;&amp#0;F	&amp#0;&amp#4;&amp#0;G&amp#7;&amp#0;H
Find JAR URL: file:/D:/cg107/Desktop/school/target/classes/com/ecut/pojo/SheTuan.class
Not a JAR: file:/D:/cg107/Desktop/school/target/classes/com/ecut/pojo/SheTuan.class
Reader entry: 漱壕&amp#0;&amp#0;&amp#0;4&amp#0;e	&amp#0;&amp#4;&amp#0;N	&amp#0;&amp#4;&amp#0;O	&amp#0;&amp#4;&amp#0;P&amp#7;&amp#0;Q
Find JAR URL: file:/D:/cg107/Desktop/school/target/classes/com/ecut/pojo/SheTuanActivity.class
Not a JAR: file:/D:/cg107/Desktop/school/target/classes/com/ecut/pojo/SheTuanActivity.class
Reader entry: 漱壕&amp#0;&amp#0;&amp#0;4&amp#0;�	&amp#0;&amp#7;&amp#0;c	&amp#0;&amp#7;&amp#0;d	&amp#0;&amp#7;&amp#0;e	&amp#0;&amp#7;&amp#0;f	&amp#0;&amp#7;&amp#0;g	&amp#0;&amp#7;&amp#0;h&amp#7;&amp#0;i
Find JAR URL: file:/D:/cg107/Desktop/school/target/classes/com/ecut/pojo/Student.class
Not a JAR: file:/D:/cg107/Desktop/school/target/classes/com/ecut/pojo/Student.class
Reader entry: 漱壕&amp#0;&amp#0;&amp#0;4&amp#0;�	&amp#0;&amp#11;&amp#0;�	&amp#0;&amp#11;&amp#0;�	&amp#0;&amp#11;&amp#0;�	&amp#0;&amp#11;&amp#0;�	&amp#0;&amp#11;&amp#0;�	&amp#0;&amp#11;&amp#0;�	&amp#0;&amp#11;&amp#0;�	&amp#0;&amp#11;&amp#0;�	&amp#0;&amp#11;&amp#0;�	&amp#0;&amp#11;&amp#0;�&amp#7;&amp#0;�
Find JAR URL: file:/D:/cg107/Desktop/school/target/classes/com/ecut/pojo/StudentLogin.class
Not a JAR: file:/D:/cg107/Desktop/school/target/classes/com/ecut/pojo/StudentLogin.class
Reader entry: 漱壕&amp#0;&amp#0;&amp#0;4&amp#0;J	&amp#0;&amp#3;&amp#0;8	&amp#0;&amp#3;&amp#0;9&amp#7;&amp#0;:
Find JAR URL: file:/D:/cg107/Desktop/school/target/classes/com/ecut/pojo/StudentSmall.class
Not a JAR: file:/D:/cg107/Desktop/school/target/classes/com/ecut/pojo/StudentSmall.class
Reader entry: 漱壕&amp#0;&amp#0;&amp#0;4&amp#0;J	&amp#0;&amp#3;&amp#0;8	&amp#0;&amp#3;&amp#0;9&amp#7;&amp#0;:
Find JAR URL: file:/D:/cg107/Desktop/school/target/classes/com/ecut/pojo/Tcourse.class
Not a JAR: file:/D:/cg107/Desktop/school/target/classes/com/ecut/pojo/Tcourse.class
Reader entry: 漱壕&amp#0;&amp#0;&amp#0;4&amp#0;J	&amp#0;&amp#3;&amp#0;8	&amp#0;&amp#3;&amp#0;9&amp#7;&amp#0;:
Find JAR URL: file:/D:/cg107/Desktop/school/target/classes/com/ecut/pojo/Teacher.class
Not a JAR: file:/D:/cg107/Desktop/school/target/classes/com/ecut/pojo/Teacher.class
Reader entry: 漱壕&amp#0;&amp#0;&amp#0;4&amp#0;�	&amp#0;	&amp#0;z	&amp#0;	&amp#0;{	&amp#0;	&amp#0;|	&amp#0;	&amp#0;}	&amp#0;	&amp#0;~	&amp#0;	&amp#0;	&amp#0;	&amp#0;�	&amp#0;	&amp#0;�&amp#7;&amp#0;�
Find JAR URL: file:/D:/cg107/Desktop/school/target/classes/com/ecut/pojo/TeacherLogin.class
Not a JAR: file:/D:/cg107/Desktop/school/target/classes/com/ecut/pojo/TeacherLogin.class
Reader entry: 漱壕&amp#0;&amp#0;&amp#0;4&amp#0;J	&amp#0;&amp#3;&amp#0;8	&amp#0;&amp#3;&amp#0;9&amp#7;&amp#0;:
Find JAR URL: file:/D:/cg107/Desktop/school/target/classes/com/ecut/pojo/TeacherSmall.class
Not a JAR: file:/D:/cg107/Desktop/school/target/classes/com/ecut/pojo/TeacherSmall.class
Reader entry: 漱壕&amp#0;&amp#0;&amp#0;4&amp#0;J	&amp#0;&amp#3;&amp#0;8	&amp#0;&amp#3;&amp#0;9&amp#7;&amp#0;:
Checking to see if class com.ecut.pojo.Admin matches criteria [is assignable to Object]
Checking to see if class com.ecut.pojo.Classes matches criteria [is assignable to Object]
Checking to see if class com.ecut.pojo.ClassesSmall matches criteria [is assignable to Object]
Checking to see if class com.ecut.pojo.Course matches criteria [is assignable to Object]
Checking to see if class com.ecut.pojo.CourseScore matches criteria [is assignable to Object]
Checking to see if class com.ecut.pojo.CourseSmall matches criteria [is assignable to Object]
Checking to see if class com.ecut.pojo.Jobs matches criteria [is assignable to Object]
Checking to see if class com.ecut.pojo.Lecture matches criteria [is assignable to Object]
Checking to see if class com.ecut.pojo.Lost matches criteria [is assignable to Object]
Checking to see if class com.ecut.pojo.Page matches criteria [is assignable to Object]
Checking to see if class com.ecut.pojo.Score matches criteria [is assignable to Object]
Checking to see if class com.ecut.pojo.SheTuan matches criteria [is assignable to Object]
Checking to see if class com.ecut.pojo.SheTuanActivity matches criteria [is assignable to Object]
Checking to see if class com.ecut.pojo.Student matches criteria [is assignable to Object]
Checking to see if class com.ecut.pojo.StudentLogin matches criteria [is assignable to Object]
Checking to see if class com.ecut.pojo.StudentSmall matches criteria [is assignable to Object]
Checking to see if class com.ecut.pojo.Tcourse matches criteria [is assignable to Object]
Checking to see if class com.ecut.pojo.Teacher matches criteria [is assignable to Object]
Checking to see if class com.ecut.pojo.TeacherLogin matches criteria [is assignable to Object]
Checking to see if class com.ecut.pojo.TeacherSmall matches criteria [is assignable to Object]
Creating a new SqlSession
SqlSession [org.apache.ibatis.session.defaults.DefaultSqlSession@1945113f] was not registered for synchronization because synchronization is not active
Closing non transactional SqlSession [org.apache.ibatis.session.defaults.DefaultSqlSession@1945113f]
]]></system-out>
    <system-err><![CDATA[6月 26, 2023 12:18:21 上午 com.mchange.v2.resourcepool.BasicResourcePool 
警告: com.mchange.v2.resourcepool.BasicResourcePool$ScatteredAcquireTask@68c5984d -- Acquisition Attempt Failed!!! Clearing pending acquires. While trying to acquire a needed new resource, we failed to succeed more than the maximum number of allowed acquisition attempts (2). Last acquisition attempt exception: 
java.sql.SQLNonTransientConnectionException: Data source rejected establishment of connection,  message from server: "Too many connections"
	at com.mysql.cj.jdbc.exceptions.SQLError.createSQLException(SQLError.java:110)
	at com.mysql.cj.jdbc.exceptions.SQLExceptionsMapping.translateException(SQLExceptionsMapping.java:122)
	at com.mysql.cj.jdbc.ConnectionImpl.createNewIO(ConnectionImpl.java:828)
	at com.mysql.cj.jdbc.ConnectionImpl.<init>(ConnectionImpl.java:448)
	at com.mysql.cj.jdbc.ConnectionImpl.getInstance(ConnectionImpl.java:241)
	at com.mysql.cj.jdbc.NonRegisteringDriver.connect(NonRegisteringDriver.java:198)
	at com.mchange.v2.c3p0.DriverManagerDataSource.getConnection(DriverManagerDataSource.java:175)
	at com.mchange.v2.c3p0.WrapperConnectionPoolDataSource.getPooledConnection(WrapperConnectionPoolDataSource.java:220)
	at com.mchange.v2.c3p0.WrapperConnectionPoolDataSource.getPooledConnection(WrapperConnectionPoolDataSource.java:206)
	at com.mchange.v2.c3p0.impl.C3P0PooledConnectionPool$1PooledConnectionResourcePoolManager.acquireResource(C3P0PooledConnectionPool.java:203)
	at com.mchange.v2.resourcepool.BasicResourcePool.doAcquire(BasicResourcePool.java:1176)
	at com.mchange.v2.resourcepool.BasicResourcePool.doAcquireAndDecrementPendingAcquiresWithinLockOnSuccess(BasicResourcePool.java:1163)
	at com.mchange.v2.resourcepool.BasicResourcePool.access$700(BasicResourcePool.java:44)
	at com.mchange.v2.resourcepool.BasicResourcePool$ScatteredAcquireTask.run(BasicResourcePool.java:1908)
	at com.mchange.v2.async.ThreadPoolAsynchronousRunner$PoolThread.run(ThreadPoolAsynchronousRunner.java:696)

6月 26, 2023 12:18:21 上午 com.mchange.v2.resourcepool.BasicResourcePool 
警告: com.mchange.v2.resourcepool.BasicResourcePool$ScatteredAcquireTask@1cc01e69 -- Acquisition Attempt Failed!!! Clearing pending acquires. While trying to acquire a needed new resource, we failed to succeed more than the maximum number of allowed acquisition attempts (2). Last acquisition attempt exception: 
java.sql.SQLNonTransientConnectionException: Data source rejected establishment of connection,  message from server: "Too many connections"
	at com.mysql.cj.jdbc.exceptions.SQLError.createSQLException(SQLError.java:110)
	at com.mysql.cj.jdbc.exceptions.SQLExceptionsMapping.translateException(SQLExceptionsMapping.java:122)
	at com.mysql.cj.jdbc.ConnectionImpl.createNewIO(ConnectionImpl.java:828)
	at com.mysql.cj.jdbc.ConnectionImpl.<init>(ConnectionImpl.java:448)
	at com.mysql.cj.jdbc.ConnectionImpl.getInstance(ConnectionImpl.java:241)
	at com.mysql.cj.jdbc.NonRegisteringDriver.connect(NonRegisteringDriver.java:198)
	at com.mchange.v2.c3p0.DriverManagerDataSource.getConnection(DriverManagerDataSource.java:175)
	at com.mchange.v2.c3p0.WrapperConnectionPoolDataSource.getPooledConnection(WrapperConnectionPoolDataSource.java:220)
	at com.mchange.v2.c3p0.WrapperConnectionPoolDataSource.getPooledConnection(WrapperConnectionPoolDataSource.java:206)
	at com.mchange.v2.c3p0.impl.C3P0PooledConnectionPool$1PooledConnectionResourcePoolManager.acquireResource(C3P0PooledConnectionPool.java:203)
	at com.mchange.v2.resourcepool.BasicResourcePool.doAcquire(BasicResourcePool.java:1176)
	at com.mchange.v2.resourcepool.BasicResourcePool.doAcquireAndDecrementPendingAcquiresWithinLockOnSuccess(BasicResourcePool.java:1163)
	at com.mchange.v2.resourcepool.BasicResourcePool.access$700(BasicResourcePool.java:44)
	at com.mchange.v2.resourcepool.BasicResourcePool$ScatteredAcquireTask.run(BasicResourcePool.java:1908)
	at com.mchange.v2.async.ThreadPoolAsynchronousRunner$PoolThread.run(ThreadPoolAsynchronousRunner.java:696)

6月 26, 2023 12:18:21 上午 com.mchange.v2.resourcepool.BasicResourcePool 
警告: Having failed to acquire a resource, com.mchange.v2.resourcepool.BasicResourcePool@70d63e05 is interrupting all Threads waiting on a resource to check out. Will try again in response to new client requests.
6月 26, 2023 12:18:21 上午 com.mchange.v2.resourcepool.BasicResourcePool 
警告: com.mchange.v2.resourcepool.BasicResourcePool$ScatteredAcquireTask@288b719f -- Acquisition Attempt Failed!!! Clearing pending acquires. While trying to acquire a needed new resource, we failed to succeed more than the maximum number of allowed acquisition attempts (2). Last acquisition attempt exception: 
java.sql.SQLNonTransientConnectionException: Data source rejected establishment of connection,  message from server: "Too many connections"
	at com.mysql.cj.jdbc.exceptions.SQLError.createSQLException(SQLError.java:110)
	at com.mysql.cj.jdbc.exceptions.SQLExceptionsMapping.translateException(SQLExceptionsMapping.java:122)
	at com.mysql.cj.jdbc.ConnectionImpl.createNewIO(ConnectionImpl.java:828)
	at com.mysql.cj.jdbc.ConnectionImpl.<init>(ConnectionImpl.java:448)
	at com.mysql.cj.jdbc.ConnectionImpl.getInstance(ConnectionImpl.java:241)
	at com.mysql.cj.jdbc.NonRegisteringDriver.connect(NonRegisteringDriver.java:198)
	at com.mchange.v2.c3p0.DriverManagerDataSource.getConnection(DriverManagerDataSource.java:175)
	at com.mchange.v2.c3p0.WrapperConnectionPoolDataSource.getPooledConnection(WrapperConnectionPoolDataSource.java:220)
	at com.mchange.v2.c3p0.WrapperConnectionPoolDataSource.getPooledConnection(WrapperConnectionPoolDataSource.java:206)
	at com.mchange.v2.c3p0.impl.C3P0PooledConnectionPool$1PooledConnectionResourcePoolManager.acquireResource(C3P0PooledConnectionPool.java:203)
	at com.mchange.v2.resourcepool.BasicResourcePool.doAcquire(BasicResourcePool.java:1176)
	at com.mchange.v2.resourcepool.BasicResourcePool.doAcquireAndDecrementPendingAcquiresWithinLockOnSuccess(BasicResourcePool.java:1163)
	at com.mchange.v2.resourcepool.BasicResourcePool.access$700(BasicResourcePool.java:44)
	at com.mchange.v2.resourcepool.BasicResourcePool$ScatteredAcquireTask.run(BasicResourcePool.java:1908)
	at com.mchange.v2.async.ThreadPoolAsynchronousRunner$PoolThread.run(ThreadPoolAsynchronousRunner.java:696)

6月 26, 2023 12:18:21 上午 com.mchange.v2.resourcepool.BasicResourcePool 
警告: Having failed to acquire a resource, com.mchange.v2.resourcepool.BasicResourcePool@70d63e05 is interrupting all Threads waiting on a resource to check out. Will try again in response to new client requests.
6月 26, 2023 12:18:21 上午 com.mchange.v2.resourcepool.BasicResourcePool 
警告: Having failed to acquire a resource, com.mchange.v2.resourcepool.BasicResourcePool@70d63e05 is interrupting all Threads waiting on a resource to check out. Will try again in response to new client requests.
6月 26, 2023 12:18:21 上午 com.mchange.v2.resourcepool.BasicResourcePool 
警告: com.mchange.v2.resourcepool.BasicResourcePool$ScatteredAcquireTask@20eea1af -- Acquisition Attempt Failed!!! Clearing pending acquires. While trying to acquire a needed new resource, we failed to succeed more than the maximum number of allowed acquisition attempts (2). Last acquisition attempt exception: 
java.sql.SQLNonTransientConnectionException: Data source rejected establishment of connection,  message from server: "Too many connections"
	at com.mysql.cj.jdbc.exceptions.SQLError.createSQLException(SQLError.java:110)
	at com.mysql.cj.jdbc.exceptions.SQLExceptionsMapping.translateException(SQLExceptionsMapping.java:122)
	at com.mysql.cj.jdbc.ConnectionImpl.createNewIO(ConnectionImpl.java:828)
	at com.mysql.cj.jdbc.ConnectionImpl.<init>(ConnectionImpl.java:448)
	at com.mysql.cj.jdbc.ConnectionImpl.getInstance(ConnectionImpl.java:241)
	at com.mysql.cj.jdbc.NonRegisteringDriver.connect(NonRegisteringDriver.java:198)
	at com.mchange.v2.c3p0.DriverManagerDataSource.getConnection(DriverManagerDataSource.java:175)
	at com.mchange.v2.c3p0.WrapperConnectionPoolDataSource.getPooledConnection(WrapperConnectionPoolDataSource.java:220)
	at com.mchange.v2.c3p0.WrapperConnectionPoolDataSource.getPooledConnection(WrapperConnectionPoolDataSource.java:206)
	at com.mchange.v2.c3p0.impl.C3P0PooledConnectionPool$1PooledConnectionResourcePoolManager.acquireResource(C3P0PooledConnectionPool.java:203)
	at com.mchange.v2.resourcepool.BasicResourcePool.doAcquire(BasicResourcePool.java:1176)
	at com.mchange.v2.resourcepool.BasicResourcePool.doAcquireAndDecrementPendingAcquiresWithinLockOnSuccess(BasicResourcePool.java:1163)
	at com.mchange.v2.resourcepool.BasicResourcePool.access$700(BasicResourcePool.java:44)
	at com.mchange.v2.resourcepool.BasicResourcePool$ScatteredAcquireTask.run(BasicResourcePool.java:1908)
	at com.mchange.v2.async.ThreadPoolAsynchronousRunner$PoolThread.run(ThreadPoolAsynchronousRunner.java:696)

6月 26, 2023 12:18:21 上午 com.mchange.v2.resourcepool.BasicResourcePool 
警告: Having failed to acquire a resource, com.mchange.v2.resourcepool.BasicResourcePool@70d63e05 is interrupting all Threads waiting on a resource to check out. Will try again in response to new client requests.
6月 26, 2023 12:18:21 上午 com.mchange.v2.resourcepool.BasicResourcePool 
警告: com.mchange.v2.resourcepool.BasicResourcePool$ScatteredAcquireTask@571731d6 -- Acquisition Attempt Failed!!! Clearing pending acquires. While trying to acquire a needed new resource, we failed to succeed more than the maximum number of allowed acquisition attempts (2). Last acquisition attempt exception: 
java.sql.SQLNonTransientConnectionException: Data source rejected establishment of connection,  message from server: "Too many connections"
	at com.mysql.cj.jdbc.exceptions.SQLError.createSQLException(SQLError.java:110)
	at com.mysql.cj.jdbc.exceptions.SQLExceptionsMapping.translateException(SQLExceptionsMapping.java:122)
	at com.mysql.cj.jdbc.ConnectionImpl.createNewIO(ConnectionImpl.java:828)
	at com.mysql.cj.jdbc.ConnectionImpl.<init>(ConnectionImpl.java:448)
	at com.mysql.cj.jdbc.ConnectionImpl.getInstance(ConnectionImpl.java:241)
	at com.mysql.cj.jdbc.NonRegisteringDriver.connect(NonRegisteringDriver.java:198)
	at com.mchange.v2.c3p0.DriverManagerDataSource.getConnection(DriverManagerDataSource.java:175)
	at com.mchange.v2.c3p0.WrapperConnectionPoolDataSource.getPooledConnection(WrapperConnectionPoolDataSource.java:220)
	at com.mchange.v2.c3p0.WrapperConnectionPoolDataSource.getPooledConnection(WrapperConnectionPoolDataSource.java:206)
	at com.mchange.v2.c3p0.impl.C3P0PooledConnectionPool$1PooledConnectionResourcePoolManager.acquireResource(C3P0PooledConnectionPool.java:203)
	at com.mchange.v2.resourcepool.BasicResourcePool.doAcquire(BasicResourcePool.java:1176)
	at com.mchange.v2.resourcepool.BasicResourcePool.doAcquireAndDecrementPendingAcquiresWithinLockOnSuccess(BasicResourcePool.java:1163)
	at com.mchange.v2.resourcepool.BasicResourcePool.access$700(BasicResourcePool.java:44)
	at com.mchange.v2.resourcepool.BasicResourcePool$ScatteredAcquireTask.run(BasicResourcePool.java:1908)
	at com.mchange.v2.async.ThreadPoolAsynchronousRunner$PoolThread.run(ThreadPoolAsynchronousRunner.java:696)

6月 26, 2023 12:18:21 上午 com.mchange.v2.resourcepool.BasicResourcePool 
警告: com.mchange.v2.resourcepool.BasicResourcePool$ScatteredAcquireTask@c87b509 -- Acquisition Attempt Failed!!! Clearing pending acquires. While trying to acquire a needed new resource, we failed to succeed more than the maximum number of allowed acquisition attempts (2). Last acquisition attempt exception: 
java.sql.SQLNonTransientConnectionException: Data source rejected establishment of connection,  message from server: "Too many connections"
	at com.mysql.cj.jdbc.exceptions.SQLError.createSQLException(SQLError.java:110)
	at com.mysql.cj.jdbc.exceptions.SQLExceptionsMapping.translateException(SQLExceptionsMapping.java:122)
	at com.mysql.cj.jdbc.ConnectionImpl.createNewIO(ConnectionImpl.java:828)
	at com.mysql.cj.jdbc.ConnectionImpl.<init>(ConnectionImpl.java:448)
	at com.mysql.cj.jdbc.ConnectionImpl.getInstance(ConnectionImpl.java:241)
	at com.mysql.cj.jdbc.NonRegisteringDriver.connect(NonRegisteringDriver.java:198)
	at com.mchange.v2.c3p0.DriverManagerDataSource.getConnection(DriverManagerDataSource.java:175)
	at com.mchange.v2.c3p0.WrapperConnectionPoolDataSource.getPooledConnection(WrapperConnectionPoolDataSource.java:220)
	at com.mchange.v2.c3p0.WrapperConnectionPoolDataSource.getPooledConnection(WrapperConnectionPoolDataSource.java:206)
	at com.mchange.v2.c3p0.impl.C3P0PooledConnectionPool$1PooledConnectionResourcePoolManager.acquireResource(C3P0PooledConnectionPool.java:203)
	at com.mchange.v2.resourcepool.BasicResourcePool.doAcquire(BasicResourcePool.java:1176)
	at com.mchange.v2.resourcepool.BasicResourcePool.doAcquireAndDecrementPendingAcquiresWithinLockOnSuccess(BasicResourcePool.java:1163)
	at com.mchange.v2.resourcepool.BasicResourcePool.access$700(BasicResourcePool.java:44)
	at com.mchange.v2.resourcepool.BasicResourcePool$ScatteredAcquireTask.run(BasicResourcePool.java:1908)
	at com.mchange.v2.async.ThreadPoolAsynchronousRunner$PoolThread.run(ThreadPoolAsynchronousRunner.java:696)

6月 26, 2023 12:18:21 上午 com.mchange.v2.resourcepool.BasicResourcePool 
警告: Having failed to acquire a resource, com.mchange.v2.resourcepool.BasicResourcePool@70d63e05 is interrupting all Threads waiting on a resource to check out. Will try again in response to new client requests.
6月 26, 2023 12:18:21 上午 com.mchange.v2.resourcepool.BasicResourcePool 
警告: Having failed to acquire a resource, com.mchange.v2.resourcepool.BasicResourcePool@70d63e05 is interrupting all Threads waiting on a resource to check out. Will try again in response to new client requests.
6月 26, 2023 12:18:21 上午 com.mchange.v2.resourcepool.BasicResourcePool 
警告: com.mchange.v2.resourcepool.BasicResourcePool$ScatteredAcquireTask@58e3f2d0 -- Acquisition Attempt Failed!!! Clearing pending acquires. While trying to acquire a needed new resource, we failed to succeed more than the maximum number of allowed acquisition attempts (2). Last acquisition attempt exception: 
java.sql.SQLNonTransientConnectionException: Data source rejected establishment of connection,  message from server: "Too many connections"
	at com.mysql.cj.jdbc.exceptions.SQLError.createSQLException(SQLError.java:110)
	at com.mysql.cj.jdbc.exceptions.SQLExceptionsMapping.translateException(SQLExceptionsMapping.java:122)
	at com.mysql.cj.jdbc.ConnectionImpl.createNewIO(ConnectionImpl.java:828)
	at com.mysql.cj.jdbc.ConnectionImpl.<init>(ConnectionImpl.java:448)
	at com.mysql.cj.jdbc.ConnectionImpl.getInstance(ConnectionImpl.java:241)
	at com.mysql.cj.jdbc.NonRegisteringDriver.connect(NonRegisteringDriver.java:198)
	at com.mchange.v2.c3p0.DriverManagerDataSource.getConnection(DriverManagerDataSource.java:175)
	at com.mchange.v2.c3p0.WrapperConnectionPoolDataSource.getPooledConnection(WrapperConnectionPoolDataSource.java:220)
	at com.mchange.v2.c3p0.WrapperConnectionPoolDataSource.getPooledConnection(WrapperConnectionPoolDataSource.java:206)
	at com.mchange.v2.c3p0.impl.C3P0PooledConnectionPool$1PooledConnectionResourcePoolManager.acquireResource(C3P0PooledConnectionPool.java:203)
	at com.mchange.v2.resourcepool.BasicResourcePool.doAcquire(BasicResourcePool.java:1176)
	at com.mchange.v2.resourcepool.BasicResourcePool.doAcquireAndDecrementPendingAcquiresWithinLockOnSuccess(BasicResourcePool.java:1163)
	at com.mchange.v2.resourcepool.BasicResourcePool.access$700(BasicResourcePool.java:44)
	at com.mchange.v2.resourcepool.BasicResourcePool$ScatteredAcquireTask.run(BasicResourcePool.java:1908)
	at com.mchange.v2.async.ThreadPoolAsynchronousRunner$PoolThread.run(ThreadPoolAsynchronousRunner.java:696)

6月 26, 2023 12:18:21 上午 com.mchange.v2.resourcepool.BasicResourcePool 
警告: Having failed to acquire a resource, com.mchange.v2.resourcepool.BasicResourcePool@70d63e05 is interrupting all Threads waiting on a resource to check out. Will try again in response to new client requests.
6月 26, 2023 12:18:21 上午 com.mchange.v2.c3p0.impl.AbstractPoolBackedDataSource 
信息: Initializing c3p0 pool... com.mchange.v2.c3p0.ComboPooledDataSource [ acquireIncrement -> 3, acquireRetryAttempts -> 2, acquireRetryDelay -> 1000, autoCommitOnClose -> false, automaticTestTable -> null, breakAfterAcquireFailure -> false, checkoutTimeout -> 10000, connectionCustomizerClassName -> null, connectionTesterClassName -> com.mchange.v2.c3p0.impl.DefaultConnectionTester, contextClassLoaderSource -> caller, dataSourceName -> 1br4pa9aw1viqmzl1u0e1h9|5f14761c, debugUnreturnedConnectionStackTraces -> false, description -> null, driverClass -> com.mysql.cj.jdbc.Driver, extensions -> {}, factoryClassLocation -> null, forceIgnoreUnresolvedTransactions -> false, forceSynchronousCheckins -> false, forceUseNamedDriverClass -> false, identityToken -> 1br4pa9aw1viqmzl1u0e1h9|5f14761c, idleConnectionTestPeriod -> 0, initialPoolSize -> 3, jdbcUrl -> jdbc:mysql://localhost:3306/school?serverTimezone=Asia/Shanghai&useSSL=true&useUnicode=true&characterEncoding=UTF-8&allowMultiQueries=true, maxAdministrativeTaskTime -> 0, maxConnectionAge -> 0, maxIdleTime -> 0, maxIdleTimeExcessConnections -> 0, maxPoolSize -> 30, maxStatements -> 0, maxStatementsPerConnection -> 0, minPoolSize -> 10, numHelperThreads -> 3, preferredTestQuery -> null, privilegeSpawnedThreads -> false, properties -> {password=******, user=******}, propertyCycle -> 0, statementCacheNumDeferredCloseThreads -> 0, testConnectionOnCheckin -> false, testConnectionOnCheckout -> false, unreturnedConnectionTimeout -> 0, userOverrides -> {}, usesTraditionalReflectiveProxies -> false ]
6月 26, 2023 12:18:21 上午 com.mchange.v2.resourcepool.BasicResourcePool 
警告: Bad pool size config, start 3 < min 10. Using 10 as start.
6月 26, 2023 12:18:23 上午 com.mchange.v2.resourcepool.BasicResourcePool 
警告: com.mchange.v2.resourcepool.BasicResourcePool$ScatteredAcquireTask@ba44446 -- Acquisition Attempt Failed!!! Clearing pending acquires. While trying to acquire a needed new resource, we failed to succeed more than the maximum number of allowed acquisition attempts (2). Last acquisition attempt exception: 
java.sql.SQLNonTransientConnectionException: Data source rejected establishment of connection,  message from server: "Too many connections"
	at com.mysql.cj.jdbc.exceptions.SQLError.createSQLException(SQLError.java:110)
	at com.mysql.cj.jdbc.exceptions.SQLExceptionsMapping.translateException(SQLExceptionsMapping.java:122)
	at com.mysql.cj.jdbc.ConnectionImpl.createNewIO(ConnectionImpl.java:828)
	at com.mysql.cj.jdbc.ConnectionImpl.<init>(ConnectionImpl.java:448)
	at com.mysql.cj.jdbc.ConnectionImpl.getInstance(ConnectionImpl.java:241)
	at com.mysql.cj.jdbc.NonRegisteringDriver.connect(NonRegisteringDriver.java:198)
	at com.mchange.v2.c3p0.DriverManagerDataSource.getConnection(DriverManagerDataSource.java:175)
	at com.mchange.v2.c3p0.WrapperConnectionPoolDataSource.getPooledConnection(WrapperConnectionPoolDataSource.java:220)
	at com.mchange.v2.c3p0.WrapperConnectionPoolDataSource.getPooledConnection(WrapperConnectionPoolDataSource.java:206)
	at com.mchange.v2.c3p0.impl.C3P0PooledConnectionPool$1PooledConnectionResourcePoolManager.acquireResource(C3P0PooledConnectionPool.java:203)
	at com.mchange.v2.resourcepool.BasicResourcePool.doAcquire(BasicResourcePool.java:1176)
	at com.mchange.v2.resourcepool.BasicResourcePool.doAcquireAndDecrementPendingAcquiresWithinLockOnSuccess(BasicResourcePool.java:1163)
	at com.mchange.v2.resourcepool.BasicResourcePool.access$700(BasicResourcePool.java:44)
	at com.mchange.v2.resourcepool.BasicResourcePool$ScatteredAcquireTask.run(BasicResourcePool.java:1908)
	at com.mchange.v2.async.ThreadPoolAsynchronousRunner$PoolThread.run(ThreadPoolAsynchronousRunner.java:696)

6月 26, 2023 12:18:23 上午 com.mchange.v2.resourcepool.BasicResourcePool 
警告: com.mchange.v2.resourcepool.BasicResourcePool$ScatteredAcquireTask@66b3dea2 -- Acquisition Attempt Failed!!! Clearing pending acquires. While trying to acquire a needed new resource, we failed to succeed more than the maximum number of allowed acquisition attempts (2). Last acquisition attempt exception: 
java.sql.SQLNonTransientConnectionException: Data source rejected establishment of connection,  message from server: "Too many connections"
	at com.mysql.cj.jdbc.exceptions.SQLError.createSQLException(SQLError.java:110)
	at com.mysql.cj.jdbc.exceptions.SQLExceptionsMapping.translateException(SQLExceptionsMapping.java:122)
	at com.mysql.cj.jdbc.ConnectionImpl.createNewIO(ConnectionImpl.java:828)
	at com.mysql.cj.jdbc.ConnectionImpl.<init>(ConnectionImpl.java:448)
	at com.mysql.cj.jdbc.ConnectionImpl.getInstance(ConnectionImpl.java:241)
	at com.mysql.cj.jdbc.NonRegisteringDriver.connect(NonRegisteringDriver.java:198)
	at com.mchange.v2.c3p0.DriverManagerDataSource.getConnection(DriverManagerDataSource.java:175)
	at com.mchange.v2.c3p0.WrapperConnectionPoolDataSource.getPooledConnection(WrapperConnectionPoolDataSource.java:220)
	at com.mchange.v2.c3p0.WrapperConnectionPoolDataSource.getPooledConnection(WrapperConnectionPoolDataSource.java:206)
	at com.mchange.v2.c3p0.impl.C3P0PooledConnectionPool$1PooledConnectionResourcePoolManager.acquireResource(C3P0PooledConnectionPool.java:203)
	at com.mchange.v2.resourcepool.BasicResourcePool.doAcquire(BasicResourcePool.java:1176)
	at com.mchange.v2.resourcepool.BasicResourcePool.doAcquireAndDecrementPendingAcquiresWithinLockOnSuccess(BasicResourcePool.java:1163)
	at com.mchange.v2.resourcepool.BasicResourcePool.access$700(BasicResourcePool.java:44)
	at com.mchange.v2.resourcepool.BasicResourcePool$ScatteredAcquireTask.run(BasicResourcePool.java:1908)
	at com.mchange.v2.async.ThreadPoolAsynchronousRunner$PoolThread.run(ThreadPoolAsynchronousRunner.java:696)

6月 26, 2023 12:18:23 上午 com.mchange.v2.resourcepool.BasicResourcePool 
警告: com.mchange.v2.resourcepool.BasicResourcePool$ScatteredAcquireTask@56425575 -- Acquisition Attempt Failed!!! Clearing pending acquires. While trying to acquire a needed new resource, we failed to succeed more than the maximum number of allowed acquisition attempts (2). Last acquisition attempt exception: 
java.sql.SQLNonTransientConnectionException: Data source rejected establishment of connection,  message from server: "Too many connections"
	at com.mysql.cj.jdbc.exceptions.SQLError.createSQLException(SQLError.java:110)
	at com.mysql.cj.jdbc.exceptions.SQLExceptionsMapping.translateException(SQLExceptionsMapping.java:122)
	at com.mysql.cj.jdbc.ConnectionImpl.createNewIO(ConnectionImpl.java:828)
	at com.mysql.cj.jdbc.ConnectionImpl.<init>(ConnectionImpl.java:448)
	at com.mysql.cj.jdbc.ConnectionImpl.getInstance(ConnectionImpl.java:241)
	at com.mysql.cj.jdbc.NonRegisteringDriver.connect(NonRegisteringDriver.java:198)
	at com.mchange.v2.c3p0.DriverManagerDataSource.getConnection(DriverManagerDataSource.java:175)
	at com.mchange.v2.c3p0.WrapperConnectionPoolDataSource.getPooledConnection(WrapperConnectionPoolDataSource.java:220)
	at com.mchange.v2.c3p0.WrapperConnectionPoolDataSource.getPooledConnection(WrapperConnectionPoolDataSource.java:206)
	at com.mchange.v2.c3p0.impl.C3P0PooledConnectionPool$1PooledConnectionResourcePoolManager.acquireResource(C3P0PooledConnectionPool.java:203)
	at com.mchange.v2.resourcepool.BasicResourcePool.doAcquire(BasicResourcePool.java:1176)
	at com.mchange.v2.resourcepool.BasicResourcePool.doAcquireAndDecrementPendingAcquiresWithinLockOnSuccess(BasicResourcePool.java:1163)
	at com.mchange.v2.resourcepool.BasicResourcePool.access$700(BasicResourcePool.java:44)
	at com.mchange.v2.resourcepool.BasicResourcePool$ScatteredAcquireTask.run(BasicResourcePool.java:1908)
	at com.mchange.v2.async.ThreadPoolAsynchronousRunner$PoolThread.run(ThreadPoolAsynchronousRunner.java:696)

6月 26, 2023 12:18:23 上午 com.mchange.v2.resourcepool.BasicResourcePool 
警告: Having failed to acquire a resource, com.mchange.v2.resourcepool.BasicResourcePool@3d90eeb3 is interrupting all Threads waiting on a resource to check out. Will try again in response to new client requests.
6月 26, 2023 12:18:23 上午 com.mchange.v2.resourcepool.BasicResourcePool 
警告: Having failed to acquire a resource, com.mchange.v2.resourcepool.BasicResourcePool@3d90eeb3 is interrupting all Threads waiting on a resource to check out. Will try again in response to new client requests.
6月 26, 2023 12:18:23 上午 com.mchange.v2.resourcepool.BasicResourcePool 
警告: Having failed to acquire a resource, com.mchange.v2.resourcepool.BasicResourcePool@3d90eeb3 is interrupting all Threads waiting on a resource to check out. Will try again in response to new client requests.
]]></system-err>
  </testcase>
  <testcase name="test6" classname="MyTest" time="2.12">
    <error message="nested exception is org.apache.ibatis.exceptions.PersistenceException: &#10;### Error querying database.  Cause: org.springframework.jdbc.CannotGetJdbcConnectionException: Failed to obtain JDBC Connection; nested exception is java.sql.SQLException: Connections could not be acquired from the underlying database!&#10;### The error may exist in com/ecut/dao/TeacherMapper.xml&#10;### The error may involve com.ecut.dao.TeacherMapper.findByPage&#10;### The error occurred while executing a query&#10;### Cause: org.springframework.jdbc.CannotGetJdbcConnectionException: Failed to obtain JDBC Connection; nested exception is java.sql.SQLException: Connections could not be acquired from the underlying database!" type="org.mybatis.spring.MyBatisSystemException"><![CDATA[org.mybatis.spring.MyBatisSystemException: 
nested exception is org.apache.ibatis.exceptions.PersistenceException: 
### Error querying database.  Cause: org.springframework.jdbc.CannotGetJdbcConnectionException: Failed to obtain JDBC Connection; nested exception is java.sql.SQLException: Connections could not be acquired from the underlying database!
### The error may exist in com/ecut/dao/TeacherMapper.xml
### The error may involve com.ecut.dao.TeacherMapper.findByPage
### The error occurred while executing a query
### Cause: org.springframework.jdbc.CannotGetJdbcConnectionException: Failed to obtain JDBC Connection; nested exception is java.sql.SQLException: Connections could not be acquired from the underlying database!
	at org.mybatis.spring.MyBatisExceptionTranslator.translateExceptionIfPossible(MyBatisExceptionTranslator.java:78)
	at org.mybatis.spring.SqlSessionTemplate$SqlSessionInterceptor.invoke(SqlSessionTemplate.java:440)
	at com.sun.proxy.$Proxy19.selectList(Unknown Source)
	at org.mybatis.spring.SqlSessionTemplate.selectList(SqlSessionTemplate.java:223)
	at org.apache.ibatis.binding.MapperMethod.executeForMany(MapperMethod.java:147)
	at org.apache.ibatis.binding.MapperMethod.execute(MapperMethod.java:80)
	at org.apache.ibatis.binding.MapperProxy$PlainMethodInvoker.invoke(MapperProxy.java:152)
	at org.apache.ibatis.binding.MapperProxy.invoke(MapperProxy.java:85)
	at com.sun.proxy.$Proxy35.findByPage(Unknown Source)
	at com.ecut.service.impl.TeacherServiceImpl.findByPageByMap(TeacherServiceImpl.java:133)
	at MyTest.test6(MyTest.java:80)
	at java.base/jdk.internal.reflect.NativeMethodAccessorImpl.invoke0(Native Method)
	at java.base/jdk.internal.reflect.NativeMethodAccessorImpl.invoke(NativeMethodAccessorImpl.java:62)
	at java.base/jdk.internal.reflect.DelegatingMethodAccessorImpl.invoke(DelegatingMethodAccessorImpl.java:43)
	at java.base/java.lang.reflect.Method.invoke(Method.java:566)
	at org.junit.runners.model.FrameworkMethod$1.runReflectiveCall(FrameworkMethod.java:50)
	at org.junit.internal.runners.model.ReflectiveCallable.run(ReflectiveCallable.java:12)
	at org.junit.runners.model.FrameworkMethod.invokeExplosively(FrameworkMethod.java:47)
	at org.junit.internal.runners.statements.InvokeMethod.evaluate(InvokeMethod.java:17)
	at org.junit.runners.ParentRunner.runLeaf(ParentRunner.java:325)
	at org.junit.runners.BlockJUnit4ClassRunner.runChild(BlockJUnit4ClassRunner.java:78)
	at org.junit.runners.BlockJUnit4ClassRunner.runChild(BlockJUnit4ClassRunner.java:57)
	at org.junit.runners.ParentRunner$3.run(ParentRunner.java:290)
	at org.junit.runners.ParentRunner$1.schedule(ParentRunner.java:71)
	at org.junit.runners.ParentRunner.runChildren(ParentRunner.java:288)
	at org.junit.runners.ParentRunner.access$000(ParentRunner.java:58)
	at org.junit.runners.ParentRunner$2.evaluate(ParentRunner.java:268)
	at org.junit.runners.ParentRunner.run(ParentRunner.java:363)
	at org.apache.maven.surefire.junit4.JUnit4Provider.execute(JUnit4Provider.java:316)
	at org.apache.maven.surefire.junit4.JUnit4Provider.executeWithRerun(JUnit4Provider.java:240)
	at org.apache.maven.surefire.junit4.JUnit4Provider.executeTestSet(JUnit4Provider.java:214)
	at org.apache.maven.surefire.junit4.JUnit4Provider.invoke(JUnit4Provider.java:155)
	at org.apache.maven.surefire.booter.ForkedBooter.runSuitesInProcess(ForkedBooter.java:385)
	at org.apache.maven.surefire.booter.ForkedBooter.execute(ForkedBooter.java:162)
	at org.apache.maven.surefire.booter.ForkedBooter.run(ForkedBooter.java:507)
	at org.apache.maven.surefire.booter.ForkedBooter.main(ForkedBooter.java:495)
Caused by: org.apache.ibatis.exceptions.PersistenceException: 
### Error querying database.  Cause: org.springframework.jdbc.CannotGetJdbcConnectionException: Failed to obtain JDBC Connection; nested exception is java.sql.SQLException: Connections could not be acquired from the underlying database!
### The error may exist in com/ecut/dao/TeacherMapper.xml
### The error may involve com.ecut.dao.TeacherMapper.findByPage
### The error occurred while executing a query
### Cause: org.springframework.jdbc.CannotGetJdbcConnectionException: Failed to obtain JDBC Connection; nested exception is java.sql.SQLException: Connections could not be acquired from the underlying database!
	at org.apache.ibatis.exceptions.ExceptionFactory.wrapException(ExceptionFactory.java:30)
	at org.apache.ibatis.session.defaults.DefaultSqlSession.selectList(DefaultSqlSession.java:149)
	at org.apache.ibatis.session.defaults.DefaultSqlSession.selectList(DefaultSqlSession.java:140)
	at java.base/jdk.internal.reflect.NativeMethodAccessorImpl.invoke0(Native Method)
	at java.base/jdk.internal.reflect.NativeMethodAccessorImpl.invoke(NativeMethodAccessorImpl.java:62)
	at java.base/jdk.internal.reflect.DelegatingMethodAccessorImpl.invoke(DelegatingMethodAccessorImpl.java:43)
	at java.base/java.lang.reflect.Method.invoke(Method.java:566)
	at org.mybatis.spring.SqlSessionTemplate$SqlSessionInterceptor.invoke(SqlSessionTemplate.java:426)
	... 34 more
Caused by: org.springframework.jdbc.CannotGetJdbcConnectionException: Failed to obtain JDBC Connection; nested exception is java.sql.SQLException: Connections could not be acquired from the underlying database!
	at org.springframework.jdbc.datasource.DataSourceUtils.getConnection(DataSourceUtils.java:82)
	at org.mybatis.spring.transaction.SpringManagedTransaction.openConnection(SpringManagedTransaction.java:80)
	at org.mybatis.spring.transaction.SpringManagedTransaction.getConnection(SpringManagedTransaction.java:67)
	at org.apache.ibatis.executor.BaseExecutor.getConnection(BaseExecutor.java:337)
	at org.apache.ibatis.executor.SimpleExecutor.prepareStatement(SimpleExecutor.java:86)
	at org.apache.ibatis.executor.SimpleExecutor.doQuery(SimpleExecutor.java:62)
	at org.apache.ibatis.executor.BaseExecutor.queryFromDatabase(BaseExecutor.java:325)
	at org.apache.ibatis.executor.BaseExecutor.query(BaseExecutor.java:156)
	at org.apache.ibatis.executor.CachingExecutor.query(CachingExecutor.java:109)
	at org.apache.ibatis.executor.CachingExecutor.query(CachingExecutor.java:89)
	at org.apache.ibatis.session.defaults.DefaultSqlSession.selectList(DefaultSqlSession.java:147)
	... 40 more
Caused by: java.sql.SQLException: Connections could not be acquired from the underlying database!
	at com.mchange.v2.sql.SqlUtils.toSQLException(SqlUtils.java:118)
	at com.mchange.v2.c3p0.impl.C3P0PooledConnectionPool.checkoutPooledConnection(C3P0PooledConnectionPool.java:692)
	at com.mchange.v2.c3p0.impl.AbstractPoolBackedDataSource.getConnection(AbstractPoolBackedDataSource.java:140)
	at org.springframework.jdbc.datasource.DataSourceUtils.fetchConnection(DataSourceUtils.java:158)
	at org.springframework.jdbc.datasource.DataSourceUtils.doGetConnection(DataSourceUtils.java:116)
	at org.springframework.jdbc.datasource.DataSourceUtils.getConnection(DataSourceUtils.java:79)
	... 50 more
Caused by: com.mchange.v2.resourcepool.CannotAcquireResourceException: A ResourcePool could not acquire a resource from its primary factory or source.
	at com.mchange.v2.resourcepool.BasicResourcePool.awaitAvailable(BasicResourcePool.java:1507)
	at com.mchange.v2.resourcepool.BasicResourcePool.prelimCheckoutResource(BasicResourcePool.java:644)
	at com.mchange.v2.resourcepool.BasicResourcePool.checkoutResource(BasicResourcePool.java:554)
	at com.mchange.v2.c3p0.impl.C3P0PooledConnectionPool.checkoutAndMarkConnectionInUse(C3P0PooledConnectionPool.java:758)
	at com.mchange.v2.c3p0.impl.C3P0PooledConnectionPool.checkoutPooledConnection(C3P0PooledConnectionPool.java:685)
	... 54 more
Caused by: java.sql.SQLNonTransientConnectionException: Data source rejected establishment of connection,  message from server: "Too many connections"
	at com.mysql.cj.jdbc.exceptions.SQLError.createSQLException(SQLError.java:110)
	at com.mysql.cj.jdbc.exceptions.SQLExceptionsMapping.translateException(SQLExceptionsMapping.java:122)
	at com.mysql.cj.jdbc.ConnectionImpl.createNewIO(ConnectionImpl.java:828)
	at com.mysql.cj.jdbc.ConnectionImpl.<init>(ConnectionImpl.java:448)
	at com.mysql.cj.jdbc.ConnectionImpl.getInstance(ConnectionImpl.java:241)
	at com.mysql.cj.jdbc.NonRegisteringDriver.connect(NonRegisteringDriver.java:198)
	at com.mchange.v2.c3p0.DriverManagerDataSource.getConnection(DriverManagerDataSource.java:175)
	at com.mchange.v2.c3p0.WrapperConnectionPoolDataSource.getPooledConnection(WrapperConnectionPoolDataSource.java:220)
	at com.mchange.v2.c3p0.WrapperConnectionPoolDataSource.getPooledConnection(WrapperConnectionPoolDataSource.java:206)
	at com.mchange.v2.c3p0.impl.C3P0PooledConnectionPool$1PooledConnectionResourcePoolManager.acquireResource(C3P0PooledConnectionPool.java:203)
	at com.mchange.v2.resourcepool.BasicResourcePool.doAcquire(BasicResourcePool.java:1176)
	at com.mchange.v2.resourcepool.BasicResourcePool.doAcquireAndDecrementPendingAcquiresWithinLockOnSuccess(BasicResourcePool.java:1163)
	at com.mchange.v2.resourcepool.BasicResourcePool.access$700(BasicResourcePool.java:44)
	at com.mchange.v2.resourcepool.BasicResourcePool$ScatteredAcquireTask.run(BasicResourcePool.java:1908)
	at com.mchange.v2.async.ThreadPoolAsynchronousRunner$PoolThread.run(ThreadPoolAsynchronousRunner.java:696)
]]></error>
    <system-out><![CDATA[Logging initialized using 'class org.apache.ibatis.logging.stdout.StdOutImpl' adapter.
Find JAR URL: file:/D:/cg107/Desktop/school/target/classes/com/ecut/pojo
Not a JAR: file:/D:/cg107/Desktop/school/target/classes/com/ecut/pojo
Reader entry: Admin.class
Reader entry: Classes.class
Reader entry: ClassesSmall.class
Reader entry: Course.class
Reader entry: CourseScore.class
Reader entry: CourseSmall.class
Reader entry: Jobs.class
Reader entry: Lecture.class
Reader entry: Lost.class
Reader entry: Page.class
Reader entry: Score.class
Reader entry: SheTuan.class
Reader entry: SheTuanActivity.class
Reader entry: Student.class
Reader entry: StudentLogin.class
Reader entry: StudentSmall.class
Reader entry: Tcourse.class
Reader entry: Teacher.class
Reader entry: TeacherLogin.class
Reader entry: TeacherSmall.class
Listing file:/D:/cg107/Desktop/school/target/classes/com/ecut/pojo
Find JAR URL: file:/D:/cg107/Desktop/school/target/classes/com/ecut/pojo/Admin.class
Not a JAR: file:/D:/cg107/Desktop/school/target/classes/com/ecut/pojo/Admin.class
Reader entry: 漱壕&amp#0;&amp#0;&amp#0;4&amp#0;V	&amp#0;&amp#4;&amp#0;A	&amp#0;&amp#4;&amp#0;B	&amp#0;&amp#4;&amp#0;C&amp#7;&amp#0;D
Find JAR URL: file:/D:/cg107/Desktop/school/target/classes/com/ecut/pojo/Classes.class
Not a JAR: file:/D:/cg107/Desktop/school/target/classes/com/ecut/pojo/Classes.class
Reader entry: 漱壕&amp#0;&amp#0;&amp#0;4&amp#0;z	&amp#0;&amp#6;&amp#0;]	&amp#0;&amp#6;&amp#0;^	&amp#0;&amp#6;&amp#0;_	&amp#0;&amp#6;&amp#0;`	&amp#0;&amp#6;&amp#0;a&amp#7;&amp#0;b
Find JAR URL: file:/D:/cg107/Desktop/school/target/classes/com/ecut/pojo/ClassesSmall.class
Not a JAR: file:/D:/cg107/Desktop/school/target/classes/com/ecut/pojo/ClassesSmall.class
Reader entry: 漱壕&amp#0;&amp#0;&amp#0;4&amp#0;J	&amp#0;&amp#3;&amp#0;8	&amp#0;&amp#3;&amp#0;9&amp#7;&amp#0;:
Find JAR URL: file:/D:/cg107/Desktop/school/target/classes/com/ecut/pojo/Course.class
Not a JAR: file:/D:/cg107/Desktop/school/target/classes/com/ecut/pojo/Course.class
Reader entry: 漱壕&amp#0;&amp#0;&amp#0;4&amp#0;�	&amp#0;	&amp#0;}	&amp#0;	&amp#0;~	&amp#0;	&amp#0;	&amp#0;	&amp#0;�	&amp#0;	&amp#0;�	&amp#0;	&amp#0;�	&amp#0;	&amp#0;�	&amp#0;	&amp#0;�&amp#7;&amp#0;�
Find JAR URL: file:/D:/cg107/Desktop/school/target/classes/com/ecut/pojo/CourseScore.class
Not a JAR: file:/D:/cg107/Desktop/school/target/classes/com/ecut/pojo/CourseScore.class
Reader entry: 漱壕&amp#0;&amp#0;&amp#0;4&amp#0;t	&amp#0;&amp#6;&amp#0;W	&amp#0;&amp#6;&amp#0;X	&amp#0;&amp#6;&amp#0;Y	&amp#0;&amp#6;&amp#0;Z	&amp#0;&amp#6;&amp#0;[&amp#7;&amp#0;\
Find JAR URL: file:/D:/cg107/Desktop/school/target/classes/com/ecut/pojo/CourseSmall.class
Not a JAR: file:/D:/cg107/Desktop/school/target/classes/com/ecut/pojo/CourseSmall.class
Reader entry: 漱壕&amp#0;&amp#0;&amp#0;4&amp#0;J	&amp#0;&amp#3;&amp#0;8	&amp#0;&amp#3;&amp#0;9&amp#7;&amp#0;:
Find JAR URL: file:/D:/cg107/Desktop/school/target/classes/com/ecut/pojo/Jobs.class
Not a JAR: file:/D:/cg107/Desktop/school/target/classes/com/ecut/pojo/Jobs.class
Reader entry: 漱壕&amp#0;&amp#0;&amp#0;4&amp#0;�	&amp#0;&amp#7;&amp#0;`	&amp#0;&amp#7;&amp#0;a	&amp#0;&amp#7;&amp#0;b	&amp#0;&amp#7;&amp#0;c	&amp#0;&amp#7;&amp#0;d	&amp#0;&amp#7;&amp#0;e&amp#7;&amp#0;f
Find JAR URL: file:/D:/cg107/Desktop/school/target/classes/com/ecut/pojo/Lecture.class
Not a JAR: file:/D:/cg107/Desktop/school/target/classes/com/ecut/pojo/Lecture.class
Reader entry: 漱壕&amp#0;&amp#0;&amp#0;4&amp#0;�	&amp#0;&amp#7;&amp#0;c	&amp#0;&amp#7;&amp#0;d	&amp#0;&amp#7;&amp#0;e	&amp#0;&amp#7;&amp#0;f	&amp#0;&amp#7;&amp#0;g	&amp#0;&amp#7;&amp#0;h&amp#7;&amp#0;i
Find JAR URL: file:/D:/cg107/Desktop/school/target/classes/com/ecut/pojo/Lost.class
Not a JAR: file:/D:/cg107/Desktop/school/target/classes/com/ecut/pojo/Lost.class
Reader entry: 漱壕&amp#0;&amp#0;&amp#0;4&amp#0;&amp#26;
Find JAR URL: file:/D:/cg107/Desktop/school/target/classes/com/ecut/pojo/Page.class
Not a JAR: file:/D:/cg107/Desktop/school/target/classes/com/ecut/pojo/Page.class
Reader entry: 漱壕&amp#0;&amp#0;&amp#0;4&amp#0;<
Find JAR URL: file:/D:/cg107/Desktop/school/target/classes/com/ecut/pojo/Score.class
Not a JAR: file:/D:/cg107/Desktop/school/target/classes/com/ecut/pojo/Score.class
Reader entry: 漱壕&amp#0;&amp#0;&amp#0;4&amp#0;\	&amp#0;&amp#4;&amp#0;E	&amp#0;&amp#4;&amp#0;F	&amp#0;&amp#4;&amp#0;G&amp#7;&amp#0;H
Find JAR URL: file:/D:/cg107/Desktop/school/target/classes/com/ecut/pojo/SheTuan.class
Not a JAR: file:/D:/cg107/Desktop/school/target/classes/com/ecut/pojo/SheTuan.class
Reader entry: 漱壕&amp#0;&amp#0;&amp#0;4&amp#0;e	&amp#0;&amp#4;&amp#0;N	&amp#0;&amp#4;&amp#0;O	&amp#0;&amp#4;&amp#0;P&amp#7;&amp#0;Q
Find JAR URL: file:/D:/cg107/Desktop/school/target/classes/com/ecut/pojo/SheTuanActivity.class
Not a JAR: file:/D:/cg107/Desktop/school/target/classes/com/ecut/pojo/SheTuanActivity.class
Reader entry: 漱壕&amp#0;&amp#0;&amp#0;4&amp#0;�	&amp#0;&amp#7;&amp#0;c	&amp#0;&amp#7;&amp#0;d	&amp#0;&amp#7;&amp#0;e	&amp#0;&amp#7;&amp#0;f	&amp#0;&amp#7;&amp#0;g	&amp#0;&amp#7;&amp#0;h&amp#7;&amp#0;i
Find JAR URL: file:/D:/cg107/Desktop/school/target/classes/com/ecut/pojo/Student.class
Not a JAR: file:/D:/cg107/Desktop/school/target/classes/com/ecut/pojo/Student.class
Reader entry: 漱壕&amp#0;&amp#0;&amp#0;4&amp#0;�	&amp#0;&amp#11;&amp#0;�	&amp#0;&amp#11;&amp#0;�	&amp#0;&amp#11;&amp#0;�	&amp#0;&amp#11;&amp#0;�	&amp#0;&amp#11;&amp#0;�	&amp#0;&amp#11;&amp#0;�	&amp#0;&amp#11;&amp#0;�	&amp#0;&amp#11;&amp#0;�	&amp#0;&amp#11;&amp#0;�	&amp#0;&amp#11;&amp#0;�&amp#7;&amp#0;�
Find JAR URL: file:/D:/cg107/Desktop/school/target/classes/com/ecut/pojo/StudentLogin.class
Not a JAR: file:/D:/cg107/Desktop/school/target/classes/com/ecut/pojo/StudentLogin.class
Reader entry: 漱壕&amp#0;&amp#0;&amp#0;4&amp#0;J	&amp#0;&amp#3;&amp#0;8	&amp#0;&amp#3;&amp#0;9&amp#7;&amp#0;:
Find JAR URL: file:/D:/cg107/Desktop/school/target/classes/com/ecut/pojo/StudentSmall.class
Not a JAR: file:/D:/cg107/Desktop/school/target/classes/com/ecut/pojo/StudentSmall.class
Reader entry: 漱壕&amp#0;&amp#0;&amp#0;4&amp#0;J	&amp#0;&amp#3;&amp#0;8	&amp#0;&amp#3;&amp#0;9&amp#7;&amp#0;:
Find JAR URL: file:/D:/cg107/Desktop/school/target/classes/com/ecut/pojo/Tcourse.class
Not a JAR: file:/D:/cg107/Desktop/school/target/classes/com/ecut/pojo/Tcourse.class
Reader entry: 漱壕&amp#0;&amp#0;&amp#0;4&amp#0;J	&amp#0;&amp#3;&amp#0;8	&amp#0;&amp#3;&amp#0;9&amp#7;&amp#0;:
Find JAR URL: file:/D:/cg107/Desktop/school/target/classes/com/ecut/pojo/Teacher.class
Not a JAR: file:/D:/cg107/Desktop/school/target/classes/com/ecut/pojo/Teacher.class
Reader entry: 漱壕&amp#0;&amp#0;&amp#0;4&amp#0;�	&amp#0;	&amp#0;z	&amp#0;	&amp#0;{	&amp#0;	&amp#0;|	&amp#0;	&amp#0;}	&amp#0;	&amp#0;~	&amp#0;	&amp#0;	&amp#0;	&amp#0;�	&amp#0;	&amp#0;�&amp#7;&amp#0;�
Find JAR URL: file:/D:/cg107/Desktop/school/target/classes/com/ecut/pojo/TeacherLogin.class
Not a JAR: file:/D:/cg107/Desktop/school/target/classes/com/ecut/pojo/TeacherLogin.class
Reader entry: 漱壕&amp#0;&amp#0;&amp#0;4&amp#0;J	&amp#0;&amp#3;&amp#0;8	&amp#0;&amp#3;&amp#0;9&amp#7;&amp#0;:
Find JAR URL: file:/D:/cg107/Desktop/school/target/classes/com/ecut/pojo/TeacherSmall.class
Not a JAR: file:/D:/cg107/Desktop/school/target/classes/com/ecut/pojo/TeacherSmall.class
Reader entry: 漱壕&amp#0;&amp#0;&amp#0;4&amp#0;J	&amp#0;&amp#3;&amp#0;8	&amp#0;&amp#3;&amp#0;9&amp#7;&amp#0;:
Checking to see if class com.ecut.pojo.Admin matches criteria [is assignable to Object]
Checking to see if class com.ecut.pojo.Classes matches criteria [is assignable to Object]
Checking to see if class com.ecut.pojo.ClassesSmall matches criteria [is assignable to Object]
Checking to see if class com.ecut.pojo.Course matches criteria [is assignable to Object]
Checking to see if class com.ecut.pojo.CourseScore matches criteria [is assignable to Object]
Checking to see if class com.ecut.pojo.CourseSmall matches criteria [is assignable to Object]
Checking to see if class com.ecut.pojo.Jobs matches criteria [is assignable to Object]
Checking to see if class com.ecut.pojo.Lecture matches criteria [is assignable to Object]
Checking to see if class com.ecut.pojo.Lost matches criteria [is assignable to Object]
Checking to see if class com.ecut.pojo.Page matches criteria [is assignable to Object]
Checking to see if class com.ecut.pojo.Score matches criteria [is assignable to Object]
Checking to see if class com.ecut.pojo.SheTuan matches criteria [is assignable to Object]
Checking to see if class com.ecut.pojo.SheTuanActivity matches criteria [is assignable to Object]
Checking to see if class com.ecut.pojo.Student matches criteria [is assignable to Object]
Checking to see if class com.ecut.pojo.StudentLogin matches criteria [is assignable to Object]
Checking to see if class com.ecut.pojo.StudentSmall matches criteria [is assignable to Object]
Checking to see if class com.ecut.pojo.Tcourse matches criteria [is assignable to Object]
Checking to see if class com.ecut.pojo.Teacher matches criteria [is assignable to Object]
Checking to see if class com.ecut.pojo.TeacherLogin matches criteria [is assignable to Object]
Checking to see if class com.ecut.pojo.TeacherSmall matches criteria [is assignable to Object]
Creating a new SqlSession
SqlSession [org.apache.ibatis.session.defaults.DefaultSqlSession@705a8dbc] was not registered for synchronization because synchronization is not active
Closing non transactional SqlSession [org.apache.ibatis.session.defaults.DefaultSqlSession@705a8dbc]
]]></system-out>
    <system-err><![CDATA[6月 26, 2023 12:18:23 上午 com.mchange.v2.resourcepool.BasicResourcePool 
警告: com.mchange.v2.resourcepool.BasicResourcePool$ScatteredAcquireTask@15c2f36 -- Acquisition Attempt Failed!!! Clearing pending acquires. While trying to acquire a needed new resource, we failed to succeed more than the maximum number of allowed acquisition attempts (2). Last acquisition attempt exception: 
java.sql.SQLNonTransientConnectionException: Data source rejected establishment of connection,  message from server: "Too many connections"
	at com.mysql.cj.jdbc.exceptions.SQLError.createSQLException(SQLError.java:110)
	at com.mysql.cj.jdbc.exceptions.SQLExceptionsMapping.translateException(SQLExceptionsMapping.java:122)
	at com.mysql.cj.jdbc.ConnectionImpl.createNewIO(ConnectionImpl.java:828)
	at com.mysql.cj.jdbc.ConnectionImpl.<init>(ConnectionImpl.java:448)
	at com.mysql.cj.jdbc.ConnectionImpl.getInstance(ConnectionImpl.java:241)
	at com.mysql.cj.jdbc.NonRegisteringDriver.connect(NonRegisteringDriver.java:198)
	at com.mchange.v2.c3p0.DriverManagerDataSource.getConnection(DriverManagerDataSource.java:175)
	at com.mchange.v2.c3p0.WrapperConnectionPoolDataSource.getPooledConnection(WrapperConnectionPoolDataSource.java:220)
	at com.mchange.v2.c3p0.WrapperConnectionPoolDataSource.getPooledConnection(WrapperConnectionPoolDataSource.java:206)
	at com.mchange.v2.c3p0.impl.C3P0PooledConnectionPool$1PooledConnectionResourcePoolManager.acquireResource(C3P0PooledConnectionPool.java:203)
	at com.mchange.v2.resourcepool.BasicResourcePool.doAcquire(BasicResourcePool.java:1176)
	at com.mchange.v2.resourcepool.BasicResourcePool.doAcquireAndDecrementPendingAcquiresWithinLockOnSuccess(BasicResourcePool.java:1163)
	at com.mchange.v2.resourcepool.BasicResourcePool.access$700(BasicResourcePool.java:44)
	at com.mchange.v2.resourcepool.BasicResourcePool$ScatteredAcquireTask.run(BasicResourcePool.java:1908)
	at com.mchange.v2.async.ThreadPoolAsynchronousRunner$PoolThread.run(ThreadPoolAsynchronousRunner.java:696)

6月 26, 2023 12:18:23 上午 com.mchange.v2.resourcepool.BasicResourcePool 
警告: com.mchange.v2.resourcepool.BasicResourcePool$ScatteredAcquireTask@6c4bb5d2 -- Acquisition Attempt Failed!!! Clearing pending acquires. While trying to acquire a needed new resource, we failed to succeed more than the maximum number of allowed acquisition attempts (2). Last acquisition attempt exception: 
java.sql.SQLNonTransientConnectionException: Data source rejected establishment of connection,  message from server: "Too many connections"
	at com.mysql.cj.jdbc.exceptions.SQLError.createSQLException(SQLError.java:110)
	at com.mysql.cj.jdbc.exceptions.SQLExceptionsMapping.translateException(SQLExceptionsMapping.java:122)
	at com.mysql.cj.jdbc.ConnectionImpl.createNewIO(ConnectionImpl.java:828)
	at com.mysql.cj.jdbc.ConnectionImpl.<init>(ConnectionImpl.java:448)
	at com.mysql.cj.jdbc.ConnectionImpl.getInstance(ConnectionImpl.java:241)
	at com.mysql.cj.jdbc.NonRegisteringDriver.connect(NonRegisteringDriver.java:198)
	at com.mchange.v2.c3p0.DriverManagerDataSource.getConnection(DriverManagerDataSource.java:175)
	at com.mchange.v2.c3p0.WrapperConnectionPoolDataSource.getPooledConnection(WrapperConnectionPoolDataSource.java:220)
	at com.mchange.v2.c3p0.WrapperConnectionPoolDataSource.getPooledConnection(WrapperConnectionPoolDataSource.java:206)
	at com.mchange.v2.c3p0.impl.C3P0PooledConnectionPool$1PooledConnectionResourcePoolManager.acquireResource(C3P0PooledConnectionPool.java:203)
	at com.mchange.v2.resourcepool.BasicResourcePool.doAcquire(BasicResourcePool.java:1176)
	at com.mchange.v2.resourcepool.BasicResourcePool.doAcquireAndDecrementPendingAcquiresWithinLockOnSuccess(BasicResourcePool.java:1163)
	at com.mchange.v2.resourcepool.BasicResourcePool.access$700(BasicResourcePool.java:44)
	at com.mchange.v2.resourcepool.BasicResourcePool$ScatteredAcquireTask.run(BasicResourcePool.java:1908)
	at com.mchange.v2.async.ThreadPoolAsynchronousRunner$PoolThread.run(ThreadPoolAsynchronousRunner.java:696)

6月 26, 2023 12:18:23 上午 com.mchange.v2.resourcepool.BasicResourcePool 
警告: com.mchange.v2.resourcepool.BasicResourcePool$ScatteredAcquireTask@5cba3e05 -- Acquisition Attempt Failed!!! Clearing pending acquires. While trying to acquire a needed new resource, we failed to succeed more than the maximum number of allowed acquisition attempts (2). Last acquisition attempt exception: 
java.sql.SQLNonTransientConnectionException: Data source rejected establishment of connection,  message from server: "Too many connections"
	at com.mysql.cj.jdbc.exceptions.SQLError.createSQLException(SQLError.java:110)
	at com.mysql.cj.jdbc.exceptions.SQLExceptionsMapping.translateException(SQLExceptionsMapping.java:122)
	at com.mysql.cj.jdbc.ConnectionImpl.createNewIO(ConnectionImpl.java:828)
	at com.mysql.cj.jdbc.ConnectionImpl.<init>(ConnectionImpl.java:448)
	at com.mysql.cj.jdbc.ConnectionImpl.getInstance(ConnectionImpl.java:241)
	at com.mysql.cj.jdbc.NonRegisteringDriver.connect(NonRegisteringDriver.java:198)
	at com.mchange.v2.c3p0.DriverManagerDataSource.getConnection(DriverManagerDataSource.java:175)
	at com.mchange.v2.c3p0.WrapperConnectionPoolDataSource.getPooledConnection(WrapperConnectionPoolDataSource.java:220)
	at com.mchange.v2.c3p0.WrapperConnectionPoolDataSource.getPooledConnection(WrapperConnectionPoolDataSource.java:206)
	at com.mchange.v2.c3p0.impl.C3P0PooledConnectionPool$1PooledConnectionResourcePoolManager.acquireResource(C3P0PooledConnectionPool.java:203)
	at com.mchange.v2.resourcepool.BasicResourcePool.doAcquire(BasicResourcePool.java:1176)
	at com.mchange.v2.resourcepool.BasicResourcePool.doAcquireAndDecrementPendingAcquiresWithinLockOnSuccess(BasicResourcePool.java:1163)
	at com.mchange.v2.resourcepool.BasicResourcePool.access$700(BasicResourcePool.java:44)
	at com.mchange.v2.resourcepool.BasicResourcePool$ScatteredAcquireTask.run(BasicResourcePool.java:1908)
	at com.mchange.v2.async.ThreadPoolAsynchronousRunner$PoolThread.run(ThreadPoolAsynchronousRunner.java:696)

6月 26, 2023 12:18:23 上午 com.mchange.v2.resourcepool.BasicResourcePool 
警告: Having failed to acquire a resource, com.mchange.v2.resourcepool.BasicResourcePool@3d90eeb3 is interrupting all Threads waiting on a resource to check out. Will try again in response to new client requests.
6月 26, 2023 12:18:23 上午 com.mchange.v2.resourcepool.BasicResourcePool 
警告: Having failed to acquire a resource, com.mchange.v2.resourcepool.BasicResourcePool@3d90eeb3 is interrupting all Threads waiting on a resource to check out. Will try again in response to new client requests.
6月 26, 2023 12:18:23 上午 com.mchange.v2.resourcepool.BasicResourcePool 
警告: Having failed to acquire a resource, com.mchange.v2.resourcepool.BasicResourcePool@3d90eeb3 is interrupting all Threads waiting on a resource to check out. Will try again in response to new client requests.
6月 26, 2023 12:18:23 上午 com.mchange.v2.resourcepool.BasicResourcePool 
警告: com.mchange.v2.resourcepool.BasicResourcePool$ScatteredAcquireTask@6df15bc0 -- Acquisition Attempt Failed!!! Clearing pending acquires. While trying to acquire a needed new resource, we failed to succeed more than the maximum number of allowed acquisition attempts (2). Last acquisition attempt exception: 
java.sql.SQLNonTransientConnectionException: Data source rejected establishment of connection,  message from server: "Too many connections"
	at com.mysql.cj.jdbc.exceptions.SQLError.createSQLException(SQLError.java:110)
	at com.mysql.cj.jdbc.exceptions.SQLExceptionsMapping.translateException(SQLExceptionsMapping.java:122)
	at com.mysql.cj.jdbc.ConnectionImpl.createNewIO(ConnectionImpl.java:828)
	at com.mysql.cj.jdbc.ConnectionImpl.<init>(ConnectionImpl.java:448)
	at com.mysql.cj.jdbc.ConnectionImpl.getInstance(ConnectionImpl.java:241)
	at com.mysql.cj.jdbc.NonRegisteringDriver.connect(NonRegisteringDriver.java:198)
	at com.mchange.v2.c3p0.DriverManagerDataSource.getConnection(DriverManagerDataSource.java:175)
	at com.mchange.v2.c3p0.WrapperConnectionPoolDataSource.getPooledConnection(WrapperConnectionPoolDataSource.java:220)
	at com.mchange.v2.c3p0.WrapperConnectionPoolDataSource.getPooledConnection(WrapperConnectionPoolDataSource.java:206)
	at com.mchange.v2.c3p0.impl.C3P0PooledConnectionPool$1PooledConnectionResourcePoolManager.acquireResource(C3P0PooledConnectionPool.java:203)
	at com.mchange.v2.resourcepool.BasicResourcePool.doAcquire(BasicResourcePool.java:1176)
	at com.mchange.v2.resourcepool.BasicResourcePool.doAcquireAndDecrementPendingAcquiresWithinLockOnSuccess(BasicResourcePool.java:1163)
	at com.mchange.v2.resourcepool.BasicResourcePool.access$700(BasicResourcePool.java:44)
	at com.mchange.v2.resourcepool.BasicResourcePool$ScatteredAcquireTask.run(BasicResourcePool.java:1908)
	at com.mchange.v2.async.ThreadPoolAsynchronousRunner$PoolThread.run(ThreadPoolAsynchronousRunner.java:696)

6月 26, 2023 12:18:23 上午 com.mchange.v2.resourcepool.BasicResourcePool 
警告: com.mchange.v2.resourcepool.BasicResourcePool$ScatteredAcquireTask@5177bb7a -- Acquisition Attempt Failed!!! Clearing pending acquires. While trying to acquire a needed new resource, we failed to succeed more than the maximum number of allowed acquisition attempts (2). Last acquisition attempt exception: 
java.sql.SQLNonTransientConnectionException: Data source rejected establishment of connection,  message from server: "Too many connections"
	at com.mysql.cj.jdbc.exceptions.SQLError.createSQLException(SQLError.java:110)
	at com.mysql.cj.jdbc.exceptions.SQLExceptionsMapping.translateException(SQLExceptionsMapping.java:122)
	at com.mysql.cj.jdbc.ConnectionImpl.createNewIO(ConnectionImpl.java:828)
	at com.mysql.cj.jdbc.ConnectionImpl.<init>(ConnectionImpl.java:448)
	at com.mysql.cj.jdbc.ConnectionImpl.getInstance(ConnectionImpl.java:241)
	at com.mysql.cj.jdbc.NonRegisteringDriver.connect(NonRegisteringDriver.java:198)
	at com.mchange.v2.c3p0.DriverManagerDataSource.getConnection(DriverManagerDataSource.java:175)
	at com.mchange.v2.c3p0.WrapperConnectionPoolDataSource.getPooledConnection(WrapperConnectionPoolDataSource.java:220)
	at com.mchange.v2.c3p0.WrapperConnectionPoolDataSource.getPooledConnection(WrapperConnectionPoolDataSource.java:206)
	at com.mchange.v2.c3p0.impl.C3P0PooledConnectionPool$1PooledConnectionResourcePoolManager.acquireResource(C3P0PooledConnectionPool.java:203)
	at com.mchange.v2.resourcepool.BasicResourcePool.doAcquire(BasicResourcePool.java:1176)
	at com.mchange.v2.resourcepool.BasicResourcePool.doAcquireAndDecrementPendingAcquiresWithinLockOnSuccess(BasicResourcePool.java:1163)
	at com.mchange.v2.resourcepool.BasicResourcePool.access$700(BasicResourcePool.java:44)
	at com.mchange.v2.resourcepool.BasicResourcePool$ScatteredAcquireTask.run(BasicResourcePool.java:1908)
	at com.mchange.v2.async.ThreadPoolAsynchronousRunner$PoolThread.run(ThreadPoolAsynchronousRunner.java:696)

6月 26, 2023 12:18:23 上午 com.mchange.v2.resourcepool.BasicResourcePool 
警告: Having failed to acquire a resource, com.mchange.v2.resourcepool.BasicResourcePool@3d90eeb3 is interrupting all Threads waiting on a resource to check out. Will try again in response to new client requests.
6月 26, 2023 12:18:23 上午 com.mchange.v2.resourcepool.BasicResourcePool 
警告: com.mchange.v2.resourcepool.BasicResourcePool$ScatteredAcquireTask@5d15ac49 -- Acquisition Attempt Failed!!! Clearing pending acquires. While trying to acquire a needed new resource, we failed to succeed more than the maximum number of allowed acquisition attempts (2). Last acquisition attempt exception: 
java.sql.SQLNonTransientConnectionException: Data source rejected establishment of connection,  message from server: "Too many connections"
	at com.mysql.cj.jdbc.exceptions.SQLError.createSQLException(SQLError.java:110)
	at com.mysql.cj.jdbc.exceptions.SQLExceptionsMapping.translateException(SQLExceptionsMapping.java:122)
	at com.mysql.cj.jdbc.ConnectionImpl.createNewIO(ConnectionImpl.java:828)
	at com.mysql.cj.jdbc.ConnectionImpl.<init>(ConnectionImpl.java:448)
	at com.mysql.cj.jdbc.ConnectionImpl.getInstance(ConnectionImpl.java:241)
	at com.mysql.cj.jdbc.NonRegisteringDriver.connect(NonRegisteringDriver.java:198)
	at com.mchange.v2.c3p0.DriverManagerDataSource.getConnection(DriverManagerDataSource.java:175)
	at com.mchange.v2.c3p0.WrapperConnectionPoolDataSource.getPooledConnection(WrapperConnectionPoolDataSource.java:220)
	at com.mchange.v2.c3p0.WrapperConnectionPoolDataSource.getPooledConnection(WrapperConnectionPoolDataSource.java:206)
	at com.mchange.v2.c3p0.impl.C3P0PooledConnectionPool$1PooledConnectionResourcePoolManager.acquireResource(C3P0PooledConnectionPool.java:203)
	at com.mchange.v2.resourcepool.BasicResourcePool.doAcquire(BasicResourcePool.java:1176)
	at com.mchange.v2.resourcepool.BasicResourcePool.doAcquireAndDecrementPendingAcquiresWithinLockOnSuccess(BasicResourcePool.java:1163)
	at com.mchange.v2.resourcepool.BasicResourcePool.access$700(BasicResourcePool.java:44)
	at com.mchange.v2.resourcepool.BasicResourcePool$ScatteredAcquireTask.run(BasicResourcePool.java:1908)
	at com.mchange.v2.async.ThreadPoolAsynchronousRunner$PoolThread.run(ThreadPoolAsynchronousRunner.java:696)

6月 26, 2023 12:18:23 上午 com.mchange.v2.resourcepool.BasicResourcePool 
警告: Having failed to acquire a resource, com.mchange.v2.resourcepool.BasicResourcePool@3d90eeb3 is interrupting all Threads waiting on a resource to check out. Will try again in response to new client requests.
6月 26, 2023 12:18:23 上午 com.mchange.v2.resourcepool.BasicResourcePool 
警告: Having failed to acquire a resource, com.mchange.v2.resourcepool.BasicResourcePool@3d90eeb3 is interrupting all Threads waiting on a resource to check out. Will try again in response to new client requests.
6月 26, 2023 12:18:23 上午 com.mchange.v2.resourcepool.BasicResourcePool 
警告: com.mchange.v2.resourcepool.BasicResourcePool$ScatteredAcquireTask@1595e084 -- Acquisition Attempt Failed!!! Clearing pending acquires. While trying to acquire a needed new resource, we failed to succeed more than the maximum number of allowed acquisition attempts (2). Last acquisition attempt exception: 
java.sql.SQLNonTransientConnectionException: Data source rejected establishment of connection,  message from server: "Too many connections"
	at com.mysql.cj.jdbc.exceptions.SQLError.createSQLException(SQLError.java:110)
	at com.mysql.cj.jdbc.exceptions.SQLExceptionsMapping.translateException(SQLExceptionsMapping.java:122)
	at com.mysql.cj.jdbc.ConnectionImpl.createNewIO(ConnectionImpl.java:828)
	at com.mysql.cj.jdbc.ConnectionImpl.<init>(ConnectionImpl.java:448)
	at com.mysql.cj.jdbc.ConnectionImpl.getInstance(ConnectionImpl.java:241)
	at com.mysql.cj.jdbc.NonRegisteringDriver.connect(NonRegisteringDriver.java:198)
	at com.mchange.v2.c3p0.DriverManagerDataSource.getConnection(DriverManagerDataSource.java:175)
	at com.mchange.v2.c3p0.WrapperConnectionPoolDataSource.getPooledConnection(WrapperConnectionPoolDataSource.java:220)
	at com.mchange.v2.c3p0.WrapperConnectionPoolDataSource.getPooledConnection(WrapperConnectionPoolDataSource.java:206)
	at com.mchange.v2.c3p0.impl.C3P0PooledConnectionPool$1PooledConnectionResourcePoolManager.acquireResource(C3P0PooledConnectionPool.java:203)
	at com.mchange.v2.resourcepool.BasicResourcePool.doAcquire(BasicResourcePool.java:1176)
	at com.mchange.v2.resourcepool.BasicResourcePool.doAcquireAndDecrementPendingAcquiresWithinLockOnSuccess(BasicResourcePool.java:1163)
	at com.mchange.v2.resourcepool.BasicResourcePool.access$700(BasicResourcePool.java:44)
	at com.mchange.v2.resourcepool.BasicResourcePool$ScatteredAcquireTask.run(BasicResourcePool.java:1908)
	at com.mchange.v2.async.ThreadPoolAsynchronousRunner$PoolThread.run(ThreadPoolAsynchronousRunner.java:696)

6月 26, 2023 12:18:23 上午 com.mchange.v2.resourcepool.BasicResourcePool 
警告: Having failed to acquire a resource, com.mchange.v2.resourcepool.BasicResourcePool@3d90eeb3 is interrupting all Threads waiting on a resource to check out. Will try again in response to new client requests.
6月 26, 2023 12:18:23 上午 com.mchange.v2.c3p0.impl.AbstractPoolBackedDataSource 
信息: Initializing c3p0 pool... com.mchange.v2.c3p0.ComboPooledDataSource [ acquireIncrement -> 3, acquireRetryAttempts -> 2, acquireRetryDelay -> 1000, autoCommitOnClose -> false, automaticTestTable -> null, breakAfterAcquireFailure -> false, checkoutTimeout -> 10000, connectionCustomizerClassName -> null, connectionTesterClassName -> com.mchange.v2.c3p0.impl.DefaultConnectionTester, contextClassLoaderSource -> caller, dataSourceName -> 1br4pa9aw1viqmzl1u0e1h9|7f2d31af, debugUnreturnedConnectionStackTraces -> false, description -> null, driverClass -> com.mysql.cj.jdbc.Driver, extensions -> {}, factoryClassLocation -> null, forceIgnoreUnresolvedTransactions -> false, forceSynchronousCheckins -> false, forceUseNamedDriverClass -> false, identityToken -> 1br4pa9aw1viqmzl1u0e1h9|7f2d31af, idleConnectionTestPeriod -> 0, initialPoolSize -> 3, jdbcUrl -> jdbc:mysql://localhost:3306/school?serverTimezone=Asia/Shanghai&useSSL=true&useUnicode=true&characterEncoding=UTF-8&allowMultiQueries=true, maxAdministrativeTaskTime -> 0, maxConnectionAge -> 0, maxIdleTime -> 0, maxIdleTimeExcessConnections -> 0, maxPoolSize -> 30, maxStatements -> 0, maxStatementsPerConnection -> 0, minPoolSize -> 10, numHelperThreads -> 3, preferredTestQuery -> null, privilegeSpawnedThreads -> false, properties -> {password=******, user=******}, propertyCycle -> 0, statementCacheNumDeferredCloseThreads -> 0, testConnectionOnCheckin -> false, testConnectionOnCheckout -> false, unreturnedConnectionTimeout -> 0, userOverrides -> {}, usesTraditionalReflectiveProxies -> false ]
6月 26, 2023 12:18:23 上午 com.mchange.v2.resourcepool.BasicResourcePool 
警告: Bad pool size config, start 3 < min 10. Using 10 as start.
6月 26, 2023 12:18:25 上午 com.mchange.v2.resourcepool.BasicResourcePool 
警告: com.mchange.v2.resourcepool.BasicResourcePool$ScatteredAcquireTask@59304d8e -- Acquisition Attempt Failed!!! Clearing pending acquires. While trying to acquire a needed new resource, we failed to succeed more than the maximum number of allowed acquisition attempts (2). Last acquisition attempt exception: 
java.sql.SQLNonTransientConnectionException: Data source rejected establishment of connection,  message from server: "Too many connections"
	at com.mysql.cj.jdbc.exceptions.SQLError.createSQLException(SQLError.java:110)
	at com.mysql.cj.jdbc.exceptions.SQLExceptionsMapping.translateException(SQLExceptionsMapping.java:122)
	at com.mysql.cj.jdbc.ConnectionImpl.createNewIO(ConnectionImpl.java:828)
	at com.mysql.cj.jdbc.ConnectionImpl.<init>(ConnectionImpl.java:448)
	at com.mysql.cj.jdbc.ConnectionImpl.getInstance(ConnectionImpl.java:241)
	at com.mysql.cj.jdbc.NonRegisteringDriver.connect(NonRegisteringDriver.java:198)
	at com.mchange.v2.c3p0.DriverManagerDataSource.getConnection(DriverManagerDataSource.java:175)
	at com.mchange.v2.c3p0.WrapperConnectionPoolDataSource.getPooledConnection(WrapperConnectionPoolDataSource.java:220)
	at com.mchange.v2.c3p0.WrapperConnectionPoolDataSource.getPooledConnection(WrapperConnectionPoolDataSource.java:206)
	at com.mchange.v2.c3p0.impl.C3P0PooledConnectionPool$1PooledConnectionResourcePoolManager.acquireResource(C3P0PooledConnectionPool.java:203)
	at com.mchange.v2.resourcepool.BasicResourcePool.doAcquire(BasicResourcePool.java:1176)
	at com.mchange.v2.resourcepool.BasicResourcePool.doAcquireAndDecrementPendingAcquiresWithinLockOnSuccess(BasicResourcePool.java:1163)
	at com.mchange.v2.resourcepool.BasicResourcePool.access$700(BasicResourcePool.java:44)
	at com.mchange.v2.resourcepool.BasicResourcePool$ScatteredAcquireTask.run(BasicResourcePool.java:1908)
	at com.mchange.v2.async.ThreadPoolAsynchronousRunner$PoolThread.run(ThreadPoolAsynchronousRunner.java:696)

6月 26, 2023 12:18:25 上午 com.mchange.v2.resourcepool.BasicResourcePool 
警告: com.mchange.v2.resourcepool.BasicResourcePool$ScatteredAcquireTask@2199375c -- Acquisition Attempt Failed!!! Clearing pending acquires. While trying to acquire a needed new resource, we failed to succeed more than the maximum number of allowed acquisition attempts (2). Last acquisition attempt exception: 
java.sql.SQLNonTransientConnectionException: Data source rejected establishment of connection,  message from server: "Too many connections"
	at com.mysql.cj.jdbc.exceptions.SQLError.createSQLException(SQLError.java:110)
	at com.mysql.cj.jdbc.exceptions.SQLExceptionsMapping.translateException(SQLExceptionsMapping.java:122)
	at com.mysql.cj.jdbc.ConnectionImpl.createNewIO(ConnectionImpl.java:828)
	at com.mysql.cj.jdbc.ConnectionImpl.<init>(ConnectionImpl.java:448)
	at com.mysql.cj.jdbc.ConnectionImpl.getInstance(ConnectionImpl.java:241)
	at com.mysql.cj.jdbc.NonRegisteringDriver.connect(NonRegisteringDriver.java:198)
	at com.mchange.v2.c3p0.DriverManagerDataSource.getConnection(DriverManagerDataSource.java:175)
	at com.mchange.v2.c3p0.WrapperConnectionPoolDataSource.getPooledConnection(WrapperConnectionPoolDataSource.java:220)
	at com.mchange.v2.c3p0.WrapperConnectionPoolDataSource.getPooledConnection(WrapperConnectionPoolDataSource.java:206)
	at com.mchange.v2.c3p0.impl.C3P0PooledConnectionPool$1PooledConnectionResourcePoolManager.acquireResource(C3P0PooledConnectionPool.java:203)
	at com.mchange.v2.resourcepool.BasicResourcePool.doAcquire(BasicResourcePool.java:1176)
	at com.mchange.v2.resourcepool.BasicResourcePool.doAcquireAndDecrementPendingAcquiresWithinLockOnSuccess(BasicResourcePool.java:1163)
	at com.mchange.v2.resourcepool.BasicResourcePool.access$700(BasicResourcePool.java:44)
	at com.mchange.v2.resourcepool.BasicResourcePool$ScatteredAcquireTask.run(BasicResourcePool.java:1908)
	at com.mchange.v2.async.ThreadPoolAsynchronousRunner$PoolThread.run(ThreadPoolAsynchronousRunner.java:696)

6月 26, 2023 12:18:25 上午 com.mchange.v2.resourcepool.BasicResourcePool 
警告: com.mchange.v2.resourcepool.BasicResourcePool$ScatteredAcquireTask@3afb00d8 -- Acquisition Attempt Failed!!! Clearing pending acquires. While trying to acquire a needed new resource, we failed to succeed more than the maximum number of allowed acquisition attempts (2). Last acquisition attempt exception: 
java.sql.SQLNonTransientConnectionException: Data source rejected establishment of connection,  message from server: "Too many connections"
	at com.mysql.cj.jdbc.exceptions.SQLError.createSQLException(SQLError.java:110)
	at com.mysql.cj.jdbc.exceptions.SQLExceptionsMapping.translateException(SQLExceptionsMapping.java:122)
	at com.mysql.cj.jdbc.ConnectionImpl.createNewIO(ConnectionImpl.java:828)
	at com.mysql.cj.jdbc.ConnectionImpl.<init>(ConnectionImpl.java:448)
	at com.mysql.cj.jdbc.ConnectionImpl.getInstance(ConnectionImpl.java:241)
	at com.mysql.cj.jdbc.NonRegisteringDriver.connect(NonRegisteringDriver.java:198)
	at com.mchange.v2.c3p0.DriverManagerDataSource.getConnection(DriverManagerDataSource.java:175)
	at com.mchange.v2.c3p0.WrapperConnectionPoolDataSource.getPooledConnection(WrapperConnectionPoolDataSource.java:220)
	at com.mchange.v2.c3p0.WrapperConnectionPoolDataSource.getPooledConnection(WrapperConnectionPoolDataSource.java:206)
	at com.mchange.v2.c3p0.impl.C3P0PooledConnectionPool$1PooledConnectionResourcePoolManager.acquireResource(C3P0PooledConnectionPool.java:203)
	at com.mchange.v2.resourcepool.BasicResourcePool.doAcquire(BasicResourcePool.java:1176)
	at com.mchange.v2.resourcepool.BasicResourcePool.doAcquireAndDecrementPendingAcquiresWithinLockOnSuccess(BasicResourcePool.java:1163)
	at com.mchange.v2.resourcepool.BasicResourcePool.access$700(BasicResourcePool.java:44)
	at com.mchange.v2.resourcepool.BasicResourcePool$ScatteredAcquireTask.run(BasicResourcePool.java:1908)
	at com.mchange.v2.async.ThreadPoolAsynchronousRunner$PoolThread.run(ThreadPoolAsynchronousRunner.java:696)

6月 26, 2023 12:18:25 上午 com.mchange.v2.resourcepool.BasicResourcePool 
警告: Having failed to acquire a resource, com.mchange.v2.resourcepool.BasicResourcePool@9e54c59 is interrupting all Threads waiting on a resource to check out. Will try again in response to new client requests.
6月 26, 2023 12:18:25 上午 com.mchange.v2.resourcepool.BasicResourcePool 
警告: Having failed to acquire a resource, com.mchange.v2.resourcepool.BasicResourcePool@9e54c59 is interrupting all Threads waiting on a resource to check out. Will try again in response to new client requests.
6月 26, 2023 12:18:25 上午 com.mchange.v2.resourcepool.BasicResourcePool 
警告: Having failed to acquire a resource, com.mchange.v2.resourcepool.BasicResourcePool@9e54c59 is interrupting all Threads waiting on a resource to check out. Will try again in response to new client requests.
]]></system-err>
  </testcase>
</testsuite>